2023-09-19 21:14:41 INFO     Model: RotatE
2023-09-19 21:14:41 INFO     Data Path: data/nell
2023-09-19 21:14:41 INFO     #entity: 75492
2023-09-19 21:14:41 INFO     #relation: 200
2023-09-19 21:14:41 INFO     #train: 149678
2023-09-19 21:14:41 INFO     #valid: 543
2023-09-19 21:14:41 INFO     #test: 3992
2023-09-19 21:14:42 INFO     Model Parameter Configuration:
2023-09-19 21:14:42 INFO     Parameter gamma: torch.Size([1]), require_grad = False
2023-09-19 21:14:42 INFO     Parameter embedding_range: torch.Size([1]), require_grad = False
2023-09-19 21:14:42 INFO     Parameter entity_embedding: torch.Size([75492, 200]), require_grad = True
2023-09-19 21:14:42 INFO     Parameter relation_embedding: torch.Size([200, 100]), require_grad = True
2023-09-19 21:14:46 INFO     Ramdomly Initializing RotatE Model...
2023-09-19 21:14:46 INFO     Start Training...
2023-09-19 21:14:46 INFO     init_step = 0
2023-09-19 21:14:46 INFO     batch_size = 256
2023-09-19 21:14:46 INFO     negative_adversarial_sampling = 1
2023-09-19 21:14:46 INFO     hidden_dim = 100
2023-09-19 21:14:46 INFO     gamma = 6.000000
2023-09-19 21:14:46 INFO     negative_adversarial_sampling = True
2023-09-19 21:14:46 INFO     adversarial_temperature = 0.500000
2023-09-19 21:14:46 INFO     learning_rate = 0
2023-09-19 21:14:47 INFO     Training average regularization at step 0: 0.001935
2023-09-19 21:14:47 INFO     Training average positive_sample_loss at step 0: 2.438295
2023-09-19 21:14:47 INFO     Training average negative_sample_loss at step 0: 0.103629
2023-09-19 21:14:47 INFO     Training average loss at step 0: 1.272897
2023-09-19 21:14:47 INFO     Evaluating on Valid Dataset...
2023-09-19 21:14:48 INFO     Evaluating the model... (0/136)
2023-09-19 21:15:05 INFO     Valid MRR at step 0: 0.000170
2023-09-19 21:15:05 INFO     Valid MR at step 0: 37005.401473
2023-09-19 21:15:05 INFO     Valid HITS@1 at step 0: 0.000000
2023-09-19 21:15:05 INFO     Valid HITS@3 at step 0: 0.000000
2023-09-19 21:15:05 INFO     Valid HITS@10 at step 0: 0.000000
2023-09-19 21:15:08 INFO     Training average regularization at step 100: 0.003266
2023-09-19 21:15:08 INFO     Training average positive_sample_loss at step 100: 3.074517
2023-09-19 21:15:08 INFO     Training average negative_sample_loss at step 100: 0.059968
2023-09-19 21:15:08 INFO     Training average loss at step 100: 1.570508
2023-09-19 21:15:12 INFO     Training average regularization at step 200: 0.004358
2023-09-19 21:15:12 INFO     Training average positive_sample_loss at step 200: 3.376522
2023-09-19 21:15:12 INFO     Training average negative_sample_loss at step 200: 0.098344
2023-09-19 21:15:12 INFO     Training average loss at step 200: 1.741791
2023-09-19 21:15:15 INFO     Training average regularization at step 300: 0.004207
2023-09-19 21:15:15 INFO     Training average positive_sample_loss at step 300: 3.155564
2023-09-19 21:15:15 INFO     Training average negative_sample_loss at step 300: 0.153095
2023-09-19 21:15:15 INFO     Training average loss at step 300: 1.658537
2023-09-19 21:15:19 INFO     Training average regularization at step 400: 0.003792
2023-09-19 21:15:19 INFO     Training average positive_sample_loss at step 400: 2.941477
2023-09-19 21:15:19 INFO     Training average negative_sample_loss at step 400: 0.191896
2023-09-19 21:15:19 INFO     Training average loss at step 400: 1.570479
2023-09-19 21:15:22 INFO     Training average regularization at step 500: 0.003379
2023-09-19 21:15:22 INFO     Training average positive_sample_loss at step 500: 2.673556
2023-09-19 21:15:22 INFO     Training average negative_sample_loss at step 500: 0.220405
2023-09-19 21:15:22 INFO     Training average loss at step 500: 1.450359
2023-09-19 21:15:25 INFO     Training average regularization at step 600: 0.003025
2023-09-19 21:15:25 INFO     Training average positive_sample_loss at step 600: 2.230432
2023-09-19 21:15:25 INFO     Training average negative_sample_loss at step 600: 0.251699
2023-09-19 21:15:25 INFO     Training average loss at step 600: 1.244091
2023-09-19 21:15:29 INFO     Training average regularization at step 700: 0.002851
2023-09-19 21:15:29 INFO     Training average positive_sample_loss at step 700: 1.118548
2023-09-19 21:15:29 INFO     Training average negative_sample_loss at step 700: 0.273956
2023-09-19 21:15:29 INFO     Training average loss at step 700: 0.699103
2023-09-19 21:15:32 INFO     Training average regularization at step 800: 0.002760
2023-09-19 21:15:32 INFO     Training average positive_sample_loss at step 800: 1.145478
2023-09-19 21:15:32 INFO     Training average negative_sample_loss at step 800: 0.269526
2023-09-19 21:15:32 INFO     Training average loss at step 800: 0.710262
2023-09-19 21:15:35 INFO     Training average regularization at step 900: 0.002651
2023-09-19 21:15:35 INFO     Training average positive_sample_loss at step 900: 1.156992
2023-09-19 21:15:35 INFO     Training average negative_sample_loss at step 900: 0.272785
2023-09-19 21:15:35 INFO     Training average loss at step 900: 0.717540
2023-09-19 21:15:39 INFO     Training average regularization at step 1000: 0.002526
2023-09-19 21:15:39 INFO     Training average positive_sample_loss at step 1000: 1.150434
2023-09-19 21:15:39 INFO     Training average negative_sample_loss at step 1000: 0.281152
2023-09-19 21:15:39 INFO     Training average loss at step 1000: 0.718319
2023-09-19 21:15:39 INFO     Evaluating on Valid Dataset...
2023-09-19 21:15:39 INFO     Evaluating the model... (0/136)
2023-09-19 21:15:56 INFO     Valid MRR at step 1000: 0.049457
2023-09-19 21:15:56 INFO     Valid MR at step 1000: 5147.629834
2023-09-19 21:15:56 INFO     Valid HITS@1 at step 1000: 0.025783
2023-09-19 21:15:56 INFO     Valid HITS@3 at step 1000: 0.046041
2023-09-19 21:15:56 INFO     Valid HITS@10 at step 1000: 0.082873
2023-09-19 21:15:59 INFO     Training average regularization at step 1100: 0.002396
2023-09-19 21:15:59 INFO     Training average positive_sample_loss at step 1100: 1.151829
2023-09-19 21:15:59 INFO     Training average negative_sample_loss at step 1100: 0.279918
2023-09-19 21:15:59 INFO     Training average loss at step 1100: 0.718269
2023-09-19 21:16:02 INFO     Training average regularization at step 1200: 0.002265
2023-09-19 21:16:02 INFO     Training average positive_sample_loss at step 1200: 0.913014
2023-09-19 21:16:02 INFO     Training average negative_sample_loss at step 1200: 0.287979
2023-09-19 21:16:02 INFO     Training average loss at step 1200: 0.602762
2023-09-19 21:16:05 INFO     Training average regularization at step 1300: 0.002262
2023-09-19 21:16:05 INFO     Training average positive_sample_loss at step 1300: 0.396411
2023-09-19 21:16:05 INFO     Training average negative_sample_loss at step 1300: 0.283850
2023-09-19 21:16:05 INFO     Training average loss at step 1300: 0.342393
2023-09-19 21:16:08 INFO     Training average regularization at step 1400: 0.002296
2023-09-19 21:16:08 INFO     Training average positive_sample_loss at step 1400: 0.431895
2023-09-19 21:16:08 INFO     Training average negative_sample_loss at step 1400: 0.260817
2023-09-19 21:16:08 INFO     Training average loss at step 1400: 0.348653
2023-09-19 21:16:11 INFO     Training average regularization at step 1500: 0.002309
2023-09-19 21:16:11 INFO     Training average positive_sample_loss at step 1500: 0.454790
2023-09-19 21:16:11 INFO     Training average negative_sample_loss at step 1500: 0.249461
2023-09-19 21:16:11 INFO     Training average loss at step 1500: 0.354434
2023-09-19 21:16:14 INFO     Training average regularization at step 1600: 0.002308
2023-09-19 21:16:14 INFO     Training average positive_sample_loss at step 1600: 0.474255
2023-09-19 21:16:14 INFO     Training average negative_sample_loss at step 1600: 0.246055
2023-09-19 21:16:14 INFO     Training average loss at step 1600: 0.362463
2023-09-19 21:16:18 INFO     Training average regularization at step 1700: 0.002300
2023-09-19 21:16:18 INFO     Training average positive_sample_loss at step 1700: 0.489282
2023-09-19 21:16:18 INFO     Training average negative_sample_loss at step 1700: 0.243404
2023-09-19 21:16:18 INFO     Training average loss at step 1700: 0.368643
2023-09-19 21:16:22 INFO     Training average regularization at step 1800: 0.002294
2023-09-19 21:16:22 INFO     Training average positive_sample_loss at step 1800: 0.379789
2023-09-19 21:16:22 INFO     Training average negative_sample_loss at step 1800: 0.241139
2023-09-19 21:16:22 INFO     Training average loss at step 1800: 0.312758
2023-09-19 21:16:25 INFO     Training average regularization at step 1900: 0.002371
2023-09-19 21:16:25 INFO     Training average positive_sample_loss at step 1900: 0.260845
2023-09-19 21:16:25 INFO     Training average negative_sample_loss at step 1900: 0.218668
2023-09-19 21:16:25 INFO     Training average loss at step 1900: 0.242128
2023-09-19 21:16:29 INFO     Training average regularization at step 2000: 0.002442
2023-09-19 21:16:29 INFO     Training average positive_sample_loss at step 2000: 0.285474
2023-09-19 21:16:29 INFO     Training average negative_sample_loss at step 2000: 0.201951
2023-09-19 21:16:29 INFO     Training average loss at step 2000: 0.246154
2023-09-19 21:16:29 INFO     Evaluating on Valid Dataset...
2023-09-19 21:16:30 INFO     Evaluating the model... (0/136)
2023-09-19 21:16:49 INFO     Valid MRR at step 2000: 0.267032
2023-09-19 21:16:49 INFO     Valid MR at step 2000: 4065.558011
2023-09-19 21:16:49 INFO     Valid HITS@1 at step 2000: 0.237569
2023-09-19 21:16:49 INFO     Valid HITS@3 at step 2000: 0.274401
2023-09-19 21:16:49 INFO     Valid HITS@10 at step 2000: 0.320442
2023-09-19 21:16:52 INFO     Training average regularization at step 2100: 0.002493
2023-09-19 21:16:52 INFO     Training average positive_sample_loss at step 2100: 0.305107
2023-09-19 21:16:52 INFO     Training average negative_sample_loss at step 2100: 0.192334
2023-09-19 21:16:52 INFO     Training average loss at step 2100: 0.251213
2023-09-19 21:16:55 INFO     Training average regularization at step 2200: 0.002524
2023-09-19 21:16:55 INFO     Training average positive_sample_loss at step 2200: 0.322267
2023-09-19 21:16:55 INFO     Training average negative_sample_loss at step 2200: 0.188766
2023-09-19 21:16:55 INFO     Training average loss at step 2200: 0.258041
2023-09-19 21:16:58 INFO     Training average regularization at step 2300: 0.002545
2023-09-19 21:16:58 INFO     Training average positive_sample_loss at step 2300: 0.335131
2023-09-19 21:16:58 INFO     Training average negative_sample_loss at step 2300: 0.186572
2023-09-19 21:16:58 INFO     Training average loss at step 2300: 0.263397
2023-09-19 21:17:02 INFO     Training average regularization at step 2400: 0.002577
2023-09-19 21:17:02 INFO     Training average positive_sample_loss at step 2400: 0.252482
2023-09-19 21:17:02 INFO     Training average negative_sample_loss at step 2400: 0.183924
2023-09-19 21:17:02 INFO     Training average loss at step 2400: 0.220780
2023-09-19 21:17:04 INFO     Training average regularization at step 2500: 0.002676
2023-09-19 21:17:04 INFO     Training average positive_sample_loss at step 2500: 0.214067
2023-09-19 21:17:04 INFO     Training average negative_sample_loss at step 2500: 0.164564
2023-09-19 21:17:04 INFO     Training average loss at step 2500: 0.191992
2023-09-19 21:17:07 INFO     Training average regularization at step 2600: 0.002755
2023-09-19 21:17:07 INFO     Training average positive_sample_loss at step 2600: 0.232209
2023-09-19 21:17:07 INFO     Training average negative_sample_loss at step 2600: 0.153843
2023-09-19 21:17:07 INFO     Training average loss at step 2600: 0.195781
2023-09-19 21:17:10 INFO     Training average regularization at step 2700: 0.002810
2023-09-19 21:17:10 INFO     Training average positive_sample_loss at step 2700: 0.248123
2023-09-19 21:17:10 INFO     Training average negative_sample_loss at step 2700: 0.147311
2023-09-19 21:17:10 INFO     Training average loss at step 2700: 0.200528
2023-09-19 21:17:13 INFO     Training average regularization at step 2800: 0.002847
2023-09-19 21:17:13 INFO     Training average positive_sample_loss at step 2800: 0.260829
2023-09-19 21:17:13 INFO     Training average negative_sample_loss at step 2800: 0.145118
2023-09-19 21:17:13 INFO     Training average loss at step 2800: 0.205821
2023-09-19 21:17:16 INFO     Training average regularization at step 2900: 0.002874
2023-09-19 21:17:16 INFO     Training average positive_sample_loss at step 2900: 0.274986
2023-09-19 21:17:16 INFO     Training average negative_sample_loss at step 2900: 0.143650
2023-09-19 21:17:16 INFO     Training average loss at step 2900: 0.212192
2023-09-19 21:17:21 INFO     Training average regularization at step 3000: 0.002919
2023-09-19 21:17:21 INFO     Training average positive_sample_loss at step 3000: 0.193946
2023-09-19 21:17:21 INFO     Training average negative_sample_loss at step 3000: 0.143111
2023-09-19 21:17:21 INFO     Training average loss at step 3000: 0.171448
2023-09-19 21:17:21 INFO     Evaluating on Valid Dataset...
2023-09-19 21:17:21 INFO     Evaluating the model... (0/136)
2023-09-19 21:17:39 INFO     Valid MRR at step 3000: 0.464126
2023-09-19 21:17:39 INFO     Valid MR at step 3000: 4098.139963
2023-09-19 21:17:39 INFO     Valid HITS@1 at step 3000: 0.436464
2023-09-19 21:17:39 INFO     Valid HITS@3 at step 3000: 0.475138
2023-09-19 21:17:39 INFO     Valid HITS@10 at step 3000: 0.506446
2023-09-19 21:17:43 INFO     Training average regularization at step 3100: 0.003027
2023-09-19 21:17:43 INFO     Training average positive_sample_loss at step 3100: 0.182514
2023-09-19 21:17:43 INFO     Training average negative_sample_loss at step 3100: 0.127877
2023-09-19 21:17:43 INFO     Training average loss at step 3100: 0.158222
2023-09-19 21:17:46 INFO     Training average regularization at step 3200: 0.003104
2023-09-19 21:17:46 INFO     Training average positive_sample_loss at step 3200: 0.197808
2023-09-19 21:17:46 INFO     Training average negative_sample_loss at step 3200: 0.120859
2023-09-19 21:17:46 INFO     Training average loss at step 3200: 0.162437
2023-09-19 21:17:50 INFO     Training average regularization at step 3300: 0.003158
2023-09-19 21:17:50 INFO     Training average positive_sample_loss at step 3300: 0.211047
2023-09-19 21:17:50 INFO     Training average negative_sample_loss at step 3300: 0.117860
2023-09-19 21:17:50 INFO     Training average loss at step 3300: 0.167611
2023-09-19 21:17:53 INFO     Training average regularization at step 3400: 0.003196
2023-09-19 21:17:53 INFO     Training average positive_sample_loss at step 3400: 0.223305
2023-09-19 21:17:53 INFO     Training average negative_sample_loss at step 3400: 0.116507
2023-09-19 21:17:53 INFO     Training average loss at step 3400: 0.173102
2023-09-19 21:17:56 INFO     Training average regularization at step 3500: 0.003220
2023-09-19 21:17:56 INFO     Training average positive_sample_loss at step 3500: 0.234496
2023-09-19 21:17:56 INFO     Training average negative_sample_loss at step 3500: 0.115689
2023-09-19 21:17:56 INFO     Training average loss at step 3500: 0.178312
2023-09-19 21:18:00 INFO     Training average regularization at step 3600: 0.003277
2023-09-19 21:18:00 INFO     Training average positive_sample_loss at step 3600: 0.153510
2023-09-19 21:18:00 INFO     Training average negative_sample_loss at step 3600: 0.113725
2023-09-19 21:18:00 INFO     Training average loss at step 3600: 0.136895
2023-09-19 21:18:03 INFO     Training average regularization at step 3700: 0.003385
2023-09-19 21:18:03 INFO     Training average positive_sample_loss at step 3700: 0.159025
2023-09-19 21:18:03 INFO     Training average negative_sample_loss at step 3700: 0.103990
2023-09-19 21:18:03 INFO     Training average loss at step 3700: 0.134893
2023-09-19 21:18:07 INFO     Training average regularization at step 3800: 0.003461
2023-09-19 21:18:07 INFO     Training average positive_sample_loss at step 3800: 0.171701
2023-09-19 21:18:07 INFO     Training average negative_sample_loss at step 3800: 0.097918
2023-09-19 21:18:07 INFO     Training average loss at step 3800: 0.138270
2023-09-19 21:18:10 INFO     Training average regularization at step 3900: 0.003510
2023-09-19 21:18:10 INFO     Training average positive_sample_loss at step 3900: 0.184133
2023-09-19 21:18:10 INFO     Training average negative_sample_loss at step 3900: 0.096130
2023-09-19 21:18:10 INFO     Training average loss at step 3900: 0.143641
2023-09-19 21:18:14 INFO     Training average regularization at step 4000: 0.003542
2023-09-19 21:18:14 INFO     Training average positive_sample_loss at step 4000: 0.194688
2023-09-19 21:18:14 INFO     Training average negative_sample_loss at step 4000: 0.096110
2023-09-19 21:18:14 INFO     Training average loss at step 4000: 0.148941
2023-09-19 21:18:14 INFO     Evaluating on Valid Dataset...
2023-09-19 21:18:15 INFO     Evaluating the model... (0/136)
2023-09-19 21:18:33 INFO     Valid MRR at step 4000: 0.542418
2023-09-19 21:18:33 INFO     Valid MR at step 4000: 4257.987109
2023-09-19 21:18:33 INFO     Valid HITS@1 at step 4000: 0.513812
2023-09-19 21:18:33 INFO     Valid HITS@3 at step 4000: 0.548803
2023-09-19 21:18:33 INFO     Valid HITS@10 at step 4000: 0.596685
2023-09-19 21:18:36 INFO     Training average regularization at step 4100: 0.003566
2023-09-19 21:18:36 INFO     Training average positive_sample_loss at step 4100: 0.200510
2023-09-19 21:18:37 INFO     Training average negative_sample_loss at step 4100: 0.096942
2023-09-19 21:18:37 INFO     Training average loss at step 4100: 0.152291
2023-09-19 21:18:40 INFO     Training average regularization at step 4200: 0.003635
2023-09-19 21:18:40 INFO     Training average positive_sample_loss at step 4200: 0.130540
2023-09-19 21:18:40 INFO     Training average negative_sample_loss at step 4200: 0.094882
2023-09-19 21:18:40 INFO     Training average loss at step 4200: 0.116346
2023-09-19 21:18:43 INFO     Training average regularization at step 4300: 0.003737
2023-09-19 21:18:43 INFO     Training average positive_sample_loss at step 4300: 0.140251
2023-09-19 21:18:43 INFO     Training average negative_sample_loss at step 4300: 0.086296
2023-09-19 21:18:43 INFO     Training average loss at step 4300: 0.117011
2023-09-19 21:18:46 INFO     Training average regularization at step 4400: 0.003809
2023-09-19 21:18:46 INFO     Training average positive_sample_loss at step 4400: 0.152836
2023-09-19 21:18:46 INFO     Training average negative_sample_loss at step 4400: 0.083062
2023-09-19 21:18:46 INFO     Training average loss at step 4400: 0.121758
2023-09-19 21:18:49 INFO     Training average regularization at step 4500: 0.003854
2023-09-19 21:18:49 INFO     Training average positive_sample_loss at step 4500: 0.163311
2023-09-19 21:18:49 INFO     Training average negative_sample_loss at step 4500: 0.081597
2023-09-19 21:18:49 INFO     Training average loss at step 4500: 0.126308
2023-09-19 21:18:52 INFO     Training average regularization at step 4600: 0.003881
2023-09-19 21:18:52 INFO     Training average positive_sample_loss at step 4600: 0.173804
2023-09-19 21:18:52 INFO     Training average negative_sample_loss at step 4600: 0.081774
2023-09-19 21:18:52 INFO     Training average loss at step 4600: 0.131670
2023-09-19 21:18:56 INFO     Training average regularization at step 4700: 0.003898
2023-09-19 21:18:56 INFO     Training average positive_sample_loss at step 4700: 0.164993
2023-09-19 21:18:56 INFO     Training average negative_sample_loss at step 4700: 0.082950
2023-09-19 21:18:56 INFO     Training average loss at step 4700: 0.127869
2023-09-19 21:18:59 INFO     Training average regularization at step 4800: 0.003978
2023-09-19 21:18:59 INFO     Training average positive_sample_loss at step 4800: 0.117412
2023-09-19 21:18:59 INFO     Training average negative_sample_loss at step 4800: 0.079674
2023-09-19 21:18:59 INFO     Training average loss at step 4800: 0.102521
2023-09-19 21:19:02 INFO     Training average regularization at step 4900: 0.004071
2023-09-19 21:19:02 INFO     Training average positive_sample_loss at step 4900: 0.128922
2023-09-19 21:19:02 INFO     Training average negative_sample_loss at step 4900: 0.074583
2023-09-19 21:19:02 INFO     Training average loss at step 4900: 0.105823
2023-09-19 21:19:06 INFO     Change learning_rate to 0.000100 at step 5000
2023-09-19 21:19:06 INFO     Training average regularization at step 5000: 0.004132
2023-09-19 21:19:06 INFO     Training average positive_sample_loss at step 5000: 0.139346
2023-09-19 21:19:06 INFO     Training average negative_sample_loss at step 5000: 0.072190
2023-09-19 21:19:06 INFO     Training average loss at step 5000: 0.109900
2023-09-19 21:19:06 INFO     Evaluating on Valid Dataset...
2023-09-19 21:19:07 INFO     Evaluating the model... (0/136)
2023-09-19 21:19:25 INFO     Valid MRR at step 5000: 0.570430
2023-09-19 21:19:25 INFO     Valid MR at step 5000: 4372.626151
2023-09-19 21:19:25 INFO     Valid HITS@1 at step 5000: 0.535912
2023-09-19 21:19:25 INFO     Valid HITS@3 at step 5000: 0.587477
2023-09-19 21:19:25 INFO     Valid HITS@10 at step 5000: 0.620626
2023-09-19 21:19:29 INFO     Training average regularization at step 5100: 0.004256
2023-09-19 21:19:29 INFO     Training average positive_sample_loss at step 5100: 0.152102
2023-09-19 21:19:29 INFO     Training average negative_sample_loss at step 5100: 0.065553
2023-09-19 21:19:29 INFO     Training average loss at step 5100: 0.113083
2023-09-19 21:19:32 INFO     Training average regularization at step 5200: 0.004425
2023-09-19 21:19:32 INFO     Training average positive_sample_loss at step 5200: 0.160083
2023-09-19 21:19:32 INFO     Training average negative_sample_loss at step 5200: 0.057942
2023-09-19 21:19:32 INFO     Training average loss at step 5200: 0.113438
2023-09-19 21:19:35 INFO     Training average regularization at step 5300: 0.004518
2023-09-19 21:19:35 INFO     Training average positive_sample_loss at step 5300: 0.147584
2023-09-19 21:19:35 INFO     Training average negative_sample_loss at step 5300: 0.055683
2023-09-19 21:19:35 INFO     Training average loss at step 5300: 0.106151
2023-09-19 21:19:39 INFO     Training average regularization at step 5400: 0.004579
2023-09-19 21:19:39 INFO     Training average positive_sample_loss at step 5400: 0.116597
2023-09-19 21:19:39 INFO     Training average negative_sample_loss at step 5400: 0.055697
2023-09-19 21:19:39 INFO     Training average loss at step 5400: 0.090726
2023-09-19 21:19:42 INFO     Training average regularization at step 5500: 0.004619
2023-09-19 21:19:42 INFO     Training average positive_sample_loss at step 5500: 0.118539
2023-09-19 21:19:42 INFO     Training average negative_sample_loss at step 5500: 0.054663
2023-09-19 21:19:42 INFO     Training average loss at step 5500: 0.091220
2023-09-19 21:19:45 INFO     Training average regularization at step 5600: 0.004641
2023-09-19 21:19:45 INFO     Training average positive_sample_loss at step 5600: 0.124006
2023-09-19 21:19:45 INFO     Training average negative_sample_loss at step 5600: 0.053898
2023-09-19 21:19:45 INFO     Training average loss at step 5600: 0.093593
2023-09-19 21:19:49 INFO     Training average regularization at step 5700: 0.004650
2023-09-19 21:19:49 INFO     Training average positive_sample_loss at step 5700: 0.125228
2023-09-19 21:19:49 INFO     Training average negative_sample_loss at step 5700: 0.052789
2023-09-19 21:19:49 INFO     Training average loss at step 5700: 0.093659
2023-09-19 21:19:52 INFO     Training average regularization at step 5800: 0.004649
2023-09-19 21:19:52 INFO     Training average positive_sample_loss at step 5800: 0.129665
2023-09-19 21:19:52 INFO     Training average negative_sample_loss at step 5800: 0.052745
2023-09-19 21:19:52 INFO     Training average loss at step 5800: 0.095854
2023-09-19 21:19:56 INFO     Training average regularization at step 5900: 0.004644
2023-09-19 21:19:56 INFO     Training average positive_sample_loss at step 5900: 0.117264
2023-09-19 21:19:56 INFO     Training average negative_sample_loss at step 5900: 0.052243
2023-09-19 21:19:56 INFO     Training average loss at step 5900: 0.089397
2023-09-19 21:20:00 INFO     Training average regularization at step 6000: 0.004645
2023-09-19 21:20:00 INFO     Training average positive_sample_loss at step 6000: 0.107995
2023-09-19 21:20:00 INFO     Training average negative_sample_loss at step 6000: 0.053137
2023-09-19 21:20:00 INFO     Training average loss at step 6000: 0.085211
2023-09-19 21:20:00 INFO     Evaluating on Valid Dataset...
2023-09-19 21:20:01 INFO     Evaluating the model... (0/136)
2023-09-19 21:20:20 INFO     Valid MRR at step 6000: 0.577599
2023-09-19 21:20:20 INFO     Valid MR at step 6000: 3979.451197
2023-09-19 21:20:20 INFO     Valid HITS@1 at step 6000: 0.543278
2023-09-19 21:20:20 INFO     Valid HITS@3 at step 6000: 0.600368
2023-09-19 21:20:20 INFO     Valid HITS@10 at step 6000: 0.629834
2023-09-19 21:20:23 INFO     Training average regularization at step 6100: 0.004648
2023-09-19 21:20:23 INFO     Training average positive_sample_loss at step 6100: 0.111397
2023-09-19 21:20:23 INFO     Training average negative_sample_loss at step 6100: 0.052687
2023-09-19 21:20:23 INFO     Training average loss at step 6100: 0.086690
2023-09-19 21:20:27 INFO     Training average regularization at step 6200: 0.004648
2023-09-19 21:20:27 INFO     Training average positive_sample_loss at step 6200: 0.109865
2023-09-19 21:20:27 INFO     Training average negative_sample_loss at step 6200: 0.052591
2023-09-19 21:20:27 INFO     Training average loss at step 6200: 0.085876
2023-09-19 21:20:30 INFO     Training average regularization at step 6300: 0.004647
2023-09-19 21:20:30 INFO     Training average positive_sample_loss at step 6300: 0.111062
2023-09-19 21:20:30 INFO     Training average negative_sample_loss at step 6300: 0.052478
2023-09-19 21:20:30 INFO     Training average loss at step 6300: 0.086417
2023-09-19 21:20:33 INFO     Training average regularization at step 6400: 0.004643
2023-09-19 21:20:33 INFO     Training average positive_sample_loss at step 6400: 0.114008
2023-09-19 21:20:33 INFO     Training average negative_sample_loss at step 6400: 0.051761
2023-09-19 21:20:33 INFO     Training average loss at step 6400: 0.087528
2023-09-19 21:20:37 INFO     Training average regularization at step 6500: 0.004641
2023-09-19 21:20:37 INFO     Training average positive_sample_loss at step 6500: 0.103354
2023-09-19 21:20:37 INFO     Training average negative_sample_loss at step 6500: 0.052476
2023-09-19 21:20:37 INFO     Training average loss at step 6500: 0.082555
2023-09-19 21:20:41 INFO     Training average regularization at step 6600: 0.004644
2023-09-19 21:20:41 INFO     Training average positive_sample_loss at step 6600: 0.100024
2023-09-19 21:20:41 INFO     Training average negative_sample_loss at step 6600: 0.052003
2023-09-19 21:20:41 INFO     Training average loss at step 6600: 0.080658
2023-09-19 21:20:44 INFO     Training average regularization at step 6700: 0.004647
2023-09-19 21:20:44 INFO     Training average positive_sample_loss at step 6700: 0.101324
2023-09-19 21:20:44 INFO     Training average negative_sample_loss at step 6700: 0.051644
2023-09-19 21:20:44 INFO     Training average loss at step 6700: 0.081132
2023-09-19 21:20:47 INFO     Training average regularization at step 6800: 0.004649
2023-09-19 21:20:47 INFO     Training average positive_sample_loss at step 6800: 0.103062
2023-09-19 21:20:47 INFO     Training average negative_sample_loss at step 6800: 0.052203
2023-09-19 21:20:47 INFO     Training average loss at step 6800: 0.082282
2023-09-19 21:20:51 INFO     Training average regularization at step 6900: 0.004650
2023-09-19 21:20:51 INFO     Training average positive_sample_loss at step 6900: 0.104962
2023-09-19 21:20:51 INFO     Training average negative_sample_loss at step 6900: 0.051725
2023-09-19 21:20:51 INFO     Training average loss at step 6900: 0.082993
2023-09-19 21:20:55 INFO     Training average regularization at step 7000: 0.004649
2023-09-19 21:20:55 INFO     Training average positive_sample_loss at step 7000: 0.106470
2023-09-19 21:20:55 INFO     Training average negative_sample_loss at step 7000: 0.052087
2023-09-19 21:20:55 INFO     Training average loss at step 7000: 0.083927
2023-09-19 21:20:55 INFO     Evaluating on Valid Dataset...
2023-09-19 21:20:55 INFO     Evaluating the model... (0/136)
2023-09-19 21:21:15 INFO     Valid MRR at step 7000: 0.580632
2023-09-19 21:21:15 INFO     Valid MR at step 7000: 4100.441989
2023-09-19 21:21:15 INFO     Valid HITS@1 at step 7000: 0.546961
2023-09-19 21:21:15 INFO     Valid HITS@3 at step 7000: 0.598527
2023-09-19 21:21:15 INFO     Valid HITS@10 at step 7000: 0.627993
2023-09-19 21:21:18 INFO     Training average regularization at step 7100: 0.004649
2023-09-19 21:21:18 INFO     Training average positive_sample_loss at step 7100: 0.094537
2023-09-19 21:21:18 INFO     Training average negative_sample_loss at step 7100: 0.051736
2023-09-19 21:21:18 INFO     Training average loss at step 7100: 0.077786
2023-09-19 21:21:22 INFO     Training average regularization at step 7200: 0.004654
2023-09-19 21:21:22 INFO     Training average positive_sample_loss at step 7200: 0.095602
2023-09-19 21:21:22 INFO     Training average negative_sample_loss at step 7200: 0.051858
2023-09-19 21:21:22 INFO     Training average loss at step 7200: 0.078384
2023-09-19 21:21:25 INFO     Training average regularization at step 7300: 0.004659
2023-09-19 21:21:25 INFO     Training average positive_sample_loss at step 7300: 0.097505
2023-09-19 21:21:25 INFO     Training average negative_sample_loss at step 7300: 0.051198
2023-09-19 21:21:25 INFO     Training average loss at step 7300: 0.079011
2023-09-19 21:21:29 INFO     Training average regularization at step 7400: 0.004663
2023-09-19 21:21:29 INFO     Training average positive_sample_loss at step 7400: 0.097551
2023-09-19 21:21:29 INFO     Training average negative_sample_loss at step 7400: 0.051938
2023-09-19 21:21:29 INFO     Training average loss at step 7400: 0.079407
2023-09-19 21:21:32 INFO     Training average regularization at step 7500: 0.004665
2023-09-19 21:21:32 INFO     Training average positive_sample_loss at step 7500: 0.098996
2023-09-19 21:21:32 INFO     Training average negative_sample_loss at step 7500: 0.051261
2023-09-19 21:21:32 INFO     Training average loss at step 7500: 0.079793
2023-09-19 21:21:35 INFO     Training average regularization at step 7600: 0.004665
2023-09-19 21:21:35 INFO     Training average positive_sample_loss at step 7600: 0.100473
2023-09-19 21:21:35 INFO     Training average negative_sample_loss at step 7600: 0.050768
2023-09-19 21:21:35 INFO     Training average loss at step 7600: 0.080285
2023-09-19 21:21:40 INFO     Training average regularization at step 7700: 0.004667
2023-09-19 21:21:40 INFO     Training average positive_sample_loss at step 7700: 0.090204
2023-09-19 21:21:40 INFO     Training average negative_sample_loss at step 7700: 0.052512
2023-09-19 21:21:40 INFO     Training average loss at step 7700: 0.076026
2023-09-19 21:21:43 INFO     Training average regularization at step 7800: 0.004675
2023-09-19 21:21:43 INFO     Training average positive_sample_loss at step 7800: 0.090178
2023-09-19 21:21:43 INFO     Training average negative_sample_loss at step 7800: 0.051120
2023-09-19 21:21:43 INFO     Training average loss at step 7800: 0.075324
2023-09-19 21:21:47 INFO     Training average regularization at step 7900: 0.004681
2023-09-19 21:21:47 INFO     Training average positive_sample_loss at step 7900: 0.092880
2023-09-19 21:21:47 INFO     Training average negative_sample_loss at step 7900: 0.051077
2023-09-19 21:21:47 INFO     Training average loss at step 7900: 0.076659
2023-09-19 21:21:51 INFO     Training average regularization at step 8000: 0.004685
2023-09-19 21:21:51 INFO     Training average positive_sample_loss at step 8000: 0.093459
2023-09-19 21:21:51 INFO     Training average negative_sample_loss at step 8000: 0.050032
2023-09-19 21:21:51 INFO     Training average loss at step 8000: 0.076431
2023-09-19 21:21:51 INFO     Evaluating on Valid Dataset...
2023-09-19 21:21:52 INFO     Evaluating the model... (0/136)
2023-09-19 21:22:14 INFO     Valid MRR at step 8000: 0.581858
2023-09-19 21:22:14 INFO     Valid MR at step 8000: 4143.710866
2023-09-19 21:22:14 INFO     Valid HITS@1 at step 8000: 0.543278
2023-09-19 21:22:14 INFO     Valid HITS@3 at step 8000: 0.605893
2023-09-19 21:22:14 INFO     Valid HITS@10 at step 8000: 0.635359
2023-09-19 21:22:17 INFO     Training average regularization at step 8100: 0.004687
2023-09-19 21:22:17 INFO     Training average positive_sample_loss at step 8100: 0.096488
2023-09-19 21:22:17 INFO     Training average negative_sample_loss at step 8100: 0.050697
2023-09-19 21:22:17 INFO     Training average loss at step 8100: 0.078280
2023-09-19 21:22:21 INFO     Training average regularization at step 8200: 0.004688
2023-09-19 21:22:21 INFO     Training average positive_sample_loss at step 8200: 0.095446
2023-09-19 21:22:21 INFO     Training average negative_sample_loss at step 8200: 0.050676
2023-09-19 21:22:21 INFO     Training average loss at step 8200: 0.077749
2023-09-19 21:22:25 INFO     Training average regularization at step 8300: 0.004693
2023-09-19 21:22:25 INFO     Training average positive_sample_loss at step 8300: 0.086450
2023-09-19 21:22:25 INFO     Training average negative_sample_loss at step 8300: 0.051213
2023-09-19 21:22:25 INFO     Training average loss at step 8300: 0.073524
2023-09-19 21:22:28 INFO     Training average regularization at step 8400: 0.004701
2023-09-19 21:22:28 INFO     Training average positive_sample_loss at step 8400: 0.088287
2023-09-19 21:22:28 INFO     Training average negative_sample_loss at step 8400: 0.050587
2023-09-19 21:22:28 INFO     Training average loss at step 8400: 0.074138
2023-09-19 21:22:32 INFO     Training average regularization at step 8500: 0.004708
2023-09-19 21:22:32 INFO     Training average positive_sample_loss at step 8500: 0.090002
2023-09-19 21:22:32 INFO     Training average negative_sample_loss at step 8500: 0.050064
2023-09-19 21:22:32 INFO     Training average loss at step 8500: 0.074740
2023-09-19 21:22:36 INFO     Training average regularization at step 8600: 0.004713
2023-09-19 21:22:36 INFO     Training average positive_sample_loss at step 8600: 0.090914
2023-09-19 21:22:36 INFO     Training average negative_sample_loss at step 8600: 0.050190
2023-09-19 21:22:36 INFO     Training average loss at step 8600: 0.075265
2023-09-19 21:22:39 INFO     Training average regularization at step 8700: 0.004716
2023-09-19 21:22:39 INFO     Training average positive_sample_loss at step 8700: 0.092721
2023-09-19 21:22:39 INFO     Training average negative_sample_loss at step 8700: 0.050267
2023-09-19 21:22:39 INFO     Training average loss at step 8700: 0.076210
2023-09-19 21:22:43 INFO     Training average regularization at step 8800: 0.004718
2023-09-19 21:22:43 INFO     Training average positive_sample_loss at step 8800: 0.091312
2023-09-19 21:22:43 INFO     Training average negative_sample_loss at step 8800: 0.050601
2023-09-19 21:22:43 INFO     Training average loss at step 8800: 0.075674
2023-09-19 21:22:46 INFO     Training average regularization at step 8900: 0.004724
2023-09-19 21:22:46 INFO     Training average positive_sample_loss at step 8900: 0.083419
2023-09-19 21:22:46 INFO     Training average negative_sample_loss at step 8900: 0.050230
2023-09-19 21:22:46 INFO     Training average loss at step 8900: 0.071549
2023-09-19 21:22:51 INFO     Training average regularization at step 9000: 0.004733
2023-09-19 21:22:51 INFO     Training average positive_sample_loss at step 9000: 0.085545
2023-09-19 21:22:51 INFO     Training average negative_sample_loss at step 9000: 0.050104
2023-09-19 21:22:51 INFO     Training average loss at step 9000: 0.072558
2023-09-19 21:22:51 INFO     Evaluating on Valid Dataset...
2023-09-19 21:22:52 INFO     Evaluating the model... (0/136)
2023-09-19 21:23:12 INFO     Valid MRR at step 9000: 0.584820
2023-09-19 21:23:12 INFO     Valid MR at step 9000: 4126.281768
2023-09-19 21:23:12 INFO     Valid HITS@1 at step 9000: 0.546961
2023-09-19 21:23:12 INFO     Valid HITS@3 at step 9000: 0.609576
2023-09-19 21:23:12 INFO     Valid HITS@10 at step 9000: 0.644567
2023-09-19 21:23:16 INFO     Training average regularization at step 9100: 0.004740
2023-09-19 21:23:16 INFO     Training average positive_sample_loss at step 9100: 0.087853
2023-09-19 21:23:16 INFO     Training average negative_sample_loss at step 9100: 0.049867
2023-09-19 21:23:16 INFO     Training average loss at step 9100: 0.073600
2023-09-19 21:23:19 INFO     Training average regularization at step 9200: 0.004745
2023-09-19 21:23:19 INFO     Training average positive_sample_loss at step 9200: 0.089113
2023-09-19 21:23:19 INFO     Training average negative_sample_loss at step 9200: 0.049706
2023-09-19 21:23:19 INFO     Training average loss at step 9200: 0.074154
2023-09-19 21:23:23 INFO     Training average regularization at step 9300: 0.004748
2023-09-19 21:23:23 INFO     Training average positive_sample_loss at step 9300: 0.090316
2023-09-19 21:23:23 INFO     Training average negative_sample_loss at step 9300: 0.049002
2023-09-19 21:23:23 INFO     Training average loss at step 9300: 0.074407
2023-09-19 21:23:26 INFO     Training average regularization at step 9400: 0.004750
2023-09-19 21:23:26 INFO     Training average positive_sample_loss at step 9400: 0.086936
2023-09-19 21:23:26 INFO     Training average negative_sample_loss at step 9400: 0.049536
2023-09-19 21:23:26 INFO     Training average loss at step 9400: 0.072986
2023-09-19 21:23:30 INFO     Training average regularization at step 9500: 0.004758
2023-09-19 21:23:30 INFO     Training average positive_sample_loss at step 9500: 0.082157
2023-09-19 21:23:30 INFO     Training average negative_sample_loss at step 9500: 0.049879
2023-09-19 21:23:30 INFO     Training average loss at step 9500: 0.070776
2023-09-19 21:23:34 INFO     Training average regularization at step 9600: 0.004767
2023-09-19 21:23:34 INFO     Training average positive_sample_loss at step 9600: 0.083892
2023-09-19 21:23:34 INFO     Training average negative_sample_loss at step 9600: 0.049370
2023-09-19 21:23:34 INFO     Training average loss at step 9600: 0.071398
2023-09-19 21:23:38 INFO     Training average regularization at step 9700: 0.004773
2023-09-19 21:23:38 INFO     Training average positive_sample_loss at step 9700: 0.085109
2023-09-19 21:23:38 INFO     Training average negative_sample_loss at step 9700: 0.048504
2023-09-19 21:23:38 INFO     Training average loss at step 9700: 0.071580
2023-09-19 21:23:41 INFO     Training average regularization at step 9800: 0.004778
2023-09-19 21:23:41 INFO     Training average positive_sample_loss at step 9800: 0.087480
2023-09-19 21:23:41 INFO     Training average negative_sample_loss at step 9800: 0.048877
2023-09-19 21:23:41 INFO     Training average loss at step 9800: 0.072956
2023-09-19 21:23:45 INFO     Training average regularization at step 9900: 0.004781
2023-09-19 21:23:45 INFO     Training average positive_sample_loss at step 9900: 0.088976
2023-09-19 21:23:45 INFO     Training average negative_sample_loss at step 9900: 0.049129
2023-09-19 21:23:45 INFO     Training average loss at step 9900: 0.073834
2023-09-19 21:23:49 INFO     Evaluating on Valid Dataset...
2023-09-19 21:23:50 INFO     Evaluating the model... (0/136)
2023-09-19 21:24:12 INFO     Valid MRR at step 9999: 0.590022
2023-09-19 21:24:12 INFO     Valid MR at step 9999: 4195.904236
2023-09-19 21:24:12 INFO     Valid HITS@1 at step 9999: 0.552486
2023-09-19 21:24:12 INFO     Valid HITS@3 at step 9999: 0.616943
2023-09-19 21:24:12 INFO     Valid HITS@10 at step 9999: 0.646409
2023-09-19 21:24:12 INFO     Evaluating on Test Dataset...
2023-09-19 21:24:13 INFO     Evaluating the model... (0/998)
2023-09-19 21:26:54 INFO     Test MRR at step 9999: 0.482028
2023-09-19 21:26:54 INFO     Test MR at step 9999: 5266.749248
2023-09-19 21:26:54 INFO     Test HITS@1 at step 9999: 0.433367
2023-09-19 21:26:54 INFO     Test HITS@3 at step 9999: 0.519790
2023-09-19 21:26:54 INFO     Test HITS@10 at step 9999: 0.561874
