2023-09-19 21:15:07 INFO     Model: RotatE
2023-09-19 21:15:07 INFO     Data Path: data/wn18rr
2023-09-19 21:15:07 INFO     #entity: 40943
2023-09-19 21:15:07 INFO     #relation: 11
2023-09-19 21:15:07 INFO     #train: 86835
2023-09-19 21:15:07 INFO     #valid: 3034
2023-09-19 21:15:07 INFO     #test: 3134
2023-09-19 21:15:07 INFO     Model Parameter Configuration:
2023-09-19 21:15:07 INFO     Parameter gamma: torch.Size([1]), require_grad = False
2023-09-19 21:15:07 INFO     Parameter embedding_range: torch.Size([1]), require_grad = False
2023-09-19 21:15:07 INFO     Parameter entity_embedding: torch.Size([40943, 200]), require_grad = True
2023-09-19 21:15:07 INFO     Parameter relation_embedding: torch.Size([11, 100]), require_grad = True
2023-09-19 21:15:12 INFO     Ramdomly Initializing RotatE Model...
2023-09-19 21:15:12 INFO     Start Training...
2023-09-19 21:15:12 INFO     init_step = 0
2023-09-19 21:15:12 INFO     batch_size = 256
2023-09-19 21:15:12 INFO     negative_adversarial_sampling = 1
2023-09-19 21:15:12 INFO     hidden_dim = 100
2023-09-19 21:15:12 INFO     gamma = 6.000000
2023-09-19 21:15:12 INFO     negative_adversarial_sampling = True
2023-09-19 21:15:12 INFO     adversarial_temperature = 0.500000
2023-09-19 21:15:12 INFO     learning_rate = 0
2023-09-19 21:15:12 INFO     Training average regularization at step 0: 0.001048
2023-09-19 21:15:12 INFO     Training average positive_sample_loss at step 0: 2.457385
2023-09-19 21:15:12 INFO     Training average negative_sample_loss at step 0: 0.105584
2023-09-19 21:15:12 INFO     Training average loss at step 0: 1.282533
2023-09-19 21:15:12 INFO     Evaluating on Valid Dataset...
2023-09-19 21:15:13 INFO     Evaluating the model... (0/759)
2023-09-19 21:16:06 INFO     Valid MRR at step 0: 0.000279
2023-09-19 21:16:06 INFO     Valid MR at step 0: 20704.632169
2023-09-19 21:16:06 INFO     Valid HITS@1 at step 0: 0.000000
2023-09-19 21:16:06 INFO     Valid HITS@3 at step 0: 0.000330
2023-09-19 21:16:06 INFO     Valid HITS@10 at step 0: 0.000330
2023-09-19 21:16:09 INFO     Training average regularization at step 100: 0.001763
2023-09-19 21:16:09 INFO     Training average positive_sample_loss at step 100: 3.617043
2023-09-19 21:16:09 INFO     Training average negative_sample_loss at step 100: 0.044807
2023-09-19 21:16:09 INFO     Training average loss at step 100: 1.832688
2023-09-19 21:16:12 INFO     Training average regularization at step 200: 0.001854
2023-09-19 21:16:12 INFO     Training average positive_sample_loss at step 200: 3.426410
2023-09-19 21:16:12 INFO     Training average negative_sample_loss at step 200: 0.076256
2023-09-19 21:16:12 INFO     Training average loss at step 200: 1.753187
2023-09-19 21:16:15 INFO     Training average regularization at step 300: 0.001502
2023-09-19 21:16:15 INFO     Training average positive_sample_loss at step 300: 2.669861
2023-09-19 21:16:15 INFO     Training average negative_sample_loss at step 300: 0.141824
2023-09-19 21:16:15 INFO     Training average loss at step 300: 1.407344
2023-09-19 21:16:18 INFO     Training average regularization at step 400: 0.001200
2023-09-19 21:16:18 INFO     Training average positive_sample_loss at step 400: 1.490445
2023-09-19 21:16:18 INFO     Training average negative_sample_loss at step 400: 0.238937
2023-09-19 21:16:18 INFO     Training average loss at step 400: 0.865891
2023-09-19 21:16:22 INFO     Training average regularization at step 500: 0.001074
2023-09-19 21:16:22 INFO     Training average positive_sample_loss at step 500: 0.976592
2023-09-19 21:16:22 INFO     Training average negative_sample_loss at step 500: 0.286765
2023-09-19 21:16:22 INFO     Training average loss at step 500: 0.632753
2023-09-19 21:16:25 INFO     Training average regularization at step 600: 0.000974
2023-09-19 21:16:25 INFO     Training average positive_sample_loss at step 600: 0.910252
2023-09-19 21:16:25 INFO     Training average negative_sample_loss at step 600: 0.309501
2023-09-19 21:16:25 INFO     Training average loss at step 600: 0.610851
2023-09-19 21:16:28 INFO     Training average regularization at step 700: 0.000886
2023-09-19 21:16:28 INFO     Training average positive_sample_loss at step 700: 0.745864
2023-09-19 21:16:28 INFO     Training average negative_sample_loss at step 700: 0.330618
2023-09-19 21:16:28 INFO     Training average loss at step 700: 0.539126
2023-09-19 21:16:31 INFO     Training average regularization at step 800: 0.000879
2023-09-19 21:16:31 INFO     Training average positive_sample_loss at step 800: 0.383334
2023-09-19 21:16:31 INFO     Training average negative_sample_loss at step 800: 0.318285
2023-09-19 21:16:31 INFO     Training average loss at step 800: 0.351689
2023-09-19 21:16:34 INFO     Training average regularization at step 900: 0.000902
2023-09-19 21:16:34 INFO     Training average positive_sample_loss at step 900: 0.432328
2023-09-19 21:16:34 INFO     Training average negative_sample_loss at step 900: 0.284801
2023-09-19 21:16:34 INFO     Training average loss at step 900: 0.359467
2023-09-19 21:16:38 INFO     Training average regularization at step 1000: 0.000906
2023-09-19 21:16:38 INFO     Training average positive_sample_loss at step 1000: 0.464613
2023-09-19 21:16:38 INFO     Training average negative_sample_loss at step 1000: 0.273641
2023-09-19 21:16:38 INFO     Training average loss at step 1000: 0.370033
2023-09-19 21:16:38 INFO     Evaluating on Valid Dataset...
2023-09-19 21:16:38 INFO     Evaluating the model... (0/759)
2023-09-19 21:17:33 INFO     Valid MRR at step 1000: 0.198170
2023-09-19 21:17:33 INFO     Valid MR at step 1000: 7581.967040
2023-09-19 21:17:33 INFO     Valid HITS@1 at step 1000: 0.178312
2023-09-19 21:17:33 INFO     Valid HITS@3 at step 1000: 0.200396
2023-09-19 21:17:33 INFO     Valid HITS@10 at step 1000: 0.230389
2023-09-19 21:17:37 INFO     Training average regularization at step 1100: 0.000923
2023-09-19 21:17:37 INFO     Training average positive_sample_loss at step 1100: 0.307758
2023-09-19 21:17:37 INFO     Training average negative_sample_loss at step 1100: 0.258940
2023-09-19 21:17:37 INFO     Training average loss at step 1100: 0.284272
2023-09-19 21:17:40 INFO     Training average regularization at step 1200: 0.000976
2023-09-19 21:17:40 INFO     Training average positive_sample_loss at step 1200: 0.308810
2023-09-19 21:17:40 INFO     Training average negative_sample_loss at step 1200: 0.230167
2023-09-19 21:17:40 INFO     Training average loss at step 1200: 0.270464
2023-09-19 21:17:43 INFO     Training average regularization at step 1300: 0.001006
2023-09-19 21:17:43 INFO     Training average positive_sample_loss at step 1300: 0.342916
2023-09-19 21:17:43 INFO     Training average negative_sample_loss at step 1300: 0.213418
2023-09-19 21:17:43 INFO     Training average loss at step 1300: 0.279172
2023-09-19 21:17:47 INFO     Training average regularization at step 1400: 0.001021
2023-09-19 21:17:47 INFO     Training average positive_sample_loss at step 1400: 0.304219
2023-09-19 21:17:47 INFO     Training average negative_sample_loss at step 1400: 0.207470
2023-09-19 21:17:47 INFO     Training average loss at step 1400: 0.256866
2023-09-19 21:17:50 INFO     Training average regularization at step 1500: 0.001075
2023-09-19 21:17:50 INFO     Training average positive_sample_loss at step 1500: 0.246206
2023-09-19 21:17:50 INFO     Training average negative_sample_loss at step 1500: 0.185553
2023-09-19 21:17:50 INFO     Training average loss at step 1500: 0.216954
2023-09-19 21:17:53 INFO     Training average regularization at step 1600: 0.001114
2023-09-19 21:17:53 INFO     Training average positive_sample_loss at step 1600: 0.280716
2023-09-19 21:17:53 INFO     Training average negative_sample_loss at step 1600: 0.170419
2023-09-19 21:17:53 INFO     Training average loss at step 1600: 0.226682
2023-09-19 21:17:56 INFO     Training average regularization at step 1700: 0.001130
2023-09-19 21:17:56 INFO     Training average positive_sample_loss at step 1700: 0.306299
2023-09-19 21:17:56 INFO     Training average negative_sample_loss at step 1700: 0.167316
2023-09-19 21:17:56 INFO     Training average loss at step 1700: 0.237938
2023-09-19 21:17:59 INFO     Training average regularization at step 1800: 0.001165
2023-09-19 21:17:59 INFO     Training average positive_sample_loss at step 1800: 0.201372
2023-09-19 21:17:59 INFO     Training average negative_sample_loss at step 1800: 0.157124
2023-09-19 21:17:59 INFO     Training average loss at step 1800: 0.180413
2023-09-19 21:18:02 INFO     Training average regularization at step 1900: 0.001216
2023-09-19 21:18:02 INFO     Training average positive_sample_loss at step 1900: 0.234594
2023-09-19 21:18:02 INFO     Training average negative_sample_loss at step 1900: 0.142603
2023-09-19 21:18:02 INFO     Training average loss at step 1900: 0.189814
2023-09-19 21:18:06 INFO     Training average regularization at step 2000: 0.001237
2023-09-19 21:18:06 INFO     Training average positive_sample_loss at step 2000: 0.261869
2023-09-19 21:18:06 INFO     Training average negative_sample_loss at step 2000: 0.137555
2023-09-19 21:18:06 INFO     Training average loss at step 2000: 0.200949
2023-09-19 21:18:06 INFO     Evaluating on Valid Dataset...
2023-09-19 21:18:06 INFO     Evaluating the model... (0/759)
2023-09-19 21:19:06 INFO     Valid MRR at step 2000: 0.352282
2023-09-19 21:19:06 INFO     Valid MR at step 2000: 6390.090969
2023-09-19 21:19:06 INFO     Valid HITS@1 at step 2000: 0.336190
2023-09-19 21:19:06 INFO     Valid HITS@3 at step 2000: 0.353329
2023-09-19 21:19:06 INFO     Valid HITS@10 at step 2000: 0.382004
2023-09-19 21:19:09 INFO     Training average regularization at step 2100: 0.001252
2023-09-19 21:19:09 INFO     Training average positive_sample_loss at step 2100: 0.212754
2023-09-19 21:19:09 INFO     Training average negative_sample_loss at step 2100: 0.135470
2023-09-19 21:19:09 INFO     Training average loss at step 2100: 0.175364
2023-09-19 21:19:12 INFO     Training average regularization at step 2200: 0.001306
2023-09-19 21:19:12 INFO     Training average positive_sample_loss at step 2200: 0.198978
2023-09-19 21:19:12 INFO     Training average negative_sample_loss at step 2200: 0.123158
2023-09-19 21:19:12 INFO     Training average loss at step 2200: 0.162374
2023-09-19 21:19:15 INFO     Training average regularization at step 2300: 0.001336
2023-09-19 21:19:15 INFO     Training average positive_sample_loss at step 2300: 0.223804
2023-09-19 21:19:15 INFO     Training average negative_sample_loss at step 2300: 0.116550
2023-09-19 21:19:15 INFO     Training average loss at step 2300: 0.171513
2023-09-19 21:19:19 INFO     Training average regularization at step 2400: 0.001343
2023-09-19 21:19:19 INFO     Training average positive_sample_loss at step 2400: 0.224709
2023-09-19 21:19:19 INFO     Training average negative_sample_loss at step 2400: 0.115601
2023-09-19 21:19:19 INFO     Training average loss at step 2400: 0.171498
2023-09-19 21:19:21 INFO     Training average regularization at step 2500: 0.001385
2023-09-19 21:19:21 INFO     Training average positive_sample_loss at step 2500: 0.170715
2023-09-19 21:19:21 INFO     Training average negative_sample_loss at step 2500: 0.109207
2023-09-19 21:19:21 INFO     Training average loss at step 2500: 0.141345
2023-09-19 21:19:24 INFO     Training average regularization at step 2600: 0.001425
2023-09-19 21:19:24 INFO     Training average positive_sample_loss at step 2600: 0.194471
2023-09-19 21:19:24 INFO     Training average negative_sample_loss at step 2600: 0.102160
2023-09-19 21:19:24 INFO     Training average loss at step 2600: 0.149741
2023-09-19 21:19:27 INFO     Training average regularization at step 2700: 0.001437
2023-09-19 21:19:27 INFO     Training average positive_sample_loss at step 2700: 0.214181
2023-09-19 21:19:27 INFO     Training average negative_sample_loss at step 2700: 0.099602
2023-09-19 21:19:27 INFO     Training average loss at step 2700: 0.158329
2023-09-19 21:19:30 INFO     Training average regularization at step 2800: 0.001455
2023-09-19 21:19:30 INFO     Training average positive_sample_loss at step 2800: 0.162500
2023-09-19 21:19:30 INFO     Training average negative_sample_loss at step 2800: 0.098291
2023-09-19 21:19:30 INFO     Training average loss at step 2800: 0.131850
2023-09-19 21:19:33 INFO     Training average regularization at step 2900: 0.001506
2023-09-19 21:19:33 INFO     Training average positive_sample_loss at step 2900: 0.169122
2023-09-19 21:19:33 INFO     Training average negative_sample_loss at step 2900: 0.090100
2023-09-19 21:19:33 INFO     Training average loss at step 2900: 0.131117
2023-09-19 21:19:37 INFO     Training average regularization at step 3000: 0.001526
2023-09-19 21:19:37 INFO     Training average positive_sample_loss at step 3000: 0.192462
2023-09-19 21:19:37 INFO     Training average negative_sample_loss at step 3000: 0.087598
2023-09-19 21:19:37 INFO     Training average loss at step 3000: 0.141556
2023-09-19 21:19:37 INFO     Evaluating on Valid Dataset...
2023-09-19 21:19:37 INFO     Evaluating the model... (0/759)
2023-09-19 21:20:36 INFO     Valid MRR at step 3000: 0.402982
2023-09-19 21:20:36 INFO     Valid MR at step 3000: 5335.136454
2023-09-19 21:20:36 INFO     Valid HITS@1 at step 3000: 0.382993
2023-09-19 21:20:36 INFO     Valid HITS@3 at step 3000: 0.409361
2023-09-19 21:20:36 INFO     Valid HITS@10 at step 3000: 0.438365
2023-09-19 21:20:40 INFO     Training average regularization at step 3100: 0.001527
2023-09-19 21:20:40 INFO     Training average positive_sample_loss at step 3100: 0.175660
2023-09-19 21:20:40 INFO     Training average negative_sample_loss at step 3100: 0.087666
2023-09-19 21:20:40 INFO     Training average loss at step 3100: 0.133190
2023-09-19 21:20:43 INFO     Training average regularization at step 3200: 0.001572
2023-09-19 21:20:43 INFO     Training average positive_sample_loss at step 3200: 0.148991
2023-09-19 21:20:43 INFO     Training average negative_sample_loss at step 3200: 0.082153
2023-09-19 21:20:43 INFO     Training average loss at step 3200: 0.117145
2023-09-19 21:20:46 INFO     Training average regularization at step 3300: 0.001603
2023-09-19 21:20:46 INFO     Training average positive_sample_loss at step 3300: 0.170285
2023-09-19 21:20:46 INFO     Training average negative_sample_loss at step 3300: 0.078537
2023-09-19 21:20:46 INFO     Training average loss at step 3300: 0.126014
2023-09-19 21:20:49 INFO     Training average regularization at step 3400: 0.001606
2023-09-19 21:20:49 INFO     Training average positive_sample_loss at step 3400: 0.187476
2023-09-19 21:20:49 INFO     Training average negative_sample_loss at step 3400: 0.078188
2023-09-19 21:20:49 INFO     Training average loss at step 3400: 0.134438
2023-09-19 21:20:52 INFO     Training average regularization at step 3500: 0.001632
2023-09-19 21:20:52 INFO     Training average positive_sample_loss at step 3500: 0.129012
2023-09-19 21:20:52 INFO     Training average negative_sample_loss at step 3500: 0.076680
2023-09-19 21:20:52 INFO     Training average loss at step 3500: 0.104478
2023-09-19 21:20:55 INFO     Training average regularization at step 3600: 0.001676
2023-09-19 21:20:55 INFO     Training average positive_sample_loss at step 3600: 0.151325
2023-09-19 21:20:55 INFO     Training average negative_sample_loss at step 3600: 0.070790
2023-09-19 21:20:55 INFO     Training average loss at step 3600: 0.112733
2023-09-19 21:20:58 INFO     Training average regularization at step 3700: 0.001684
2023-09-19 21:20:58 INFO     Training average positive_sample_loss at step 3700: 0.171857
2023-09-19 21:20:58 INFO     Training average negative_sample_loss at step 3700: 0.070191
2023-09-19 21:20:58 INFO     Training average loss at step 3700: 0.122708
2023-09-19 21:21:02 INFO     Training average regularization at step 3800: 0.001684
2023-09-19 21:21:02 INFO     Training average positive_sample_loss at step 3800: 0.143765
2023-09-19 21:21:02 INFO     Training average negative_sample_loss at step 3800: 0.071074
2023-09-19 21:21:02 INFO     Training average loss at step 3800: 0.109104
2023-09-19 21:21:05 INFO     Training average regularization at step 3900: 0.001733
2023-09-19 21:21:05 INFO     Training average positive_sample_loss at step 3900: 0.134034
2023-09-19 21:21:05 INFO     Training average negative_sample_loss at step 3900: 0.065675
2023-09-19 21:21:05 INFO     Training average loss at step 3900: 0.101588
2023-09-19 21:21:08 INFO     Training average regularization at step 4000: 0.001754
2023-09-19 21:21:08 INFO     Training average positive_sample_loss at step 4000: 0.155178
2023-09-19 21:21:08 INFO     Training average negative_sample_loss at step 4000: 0.063639
2023-09-19 21:21:08 INFO     Training average loss at step 4000: 0.111162
2023-09-19 21:21:08 INFO     Evaluating on Valid Dataset...
2023-09-19 21:21:09 INFO     Evaluating the model... (0/759)
2023-09-19 21:22:15 INFO     Valid MRR at step 4000: 0.440422
2023-09-19 21:22:15 INFO     Valid MR at step 4000: 4501.271259
2023-09-19 21:22:15 INFO     Valid HITS@1 at step 4000: 0.416941
2023-09-19 21:22:15 INFO     Valid HITS@3 at step 4000: 0.452208
2023-09-19 21:22:15 INFO     Valid HITS@10 at step 4000: 0.477917
2023-09-19 21:22:18 INFO     Training average regularization at step 4100: 0.001747
2023-09-19 21:22:18 INFO     Training average positive_sample_loss at step 4100: 0.157590
2023-09-19 21:22:18 INFO     Training average negative_sample_loss at step 4100: 0.065131
2023-09-19 21:22:18 INFO     Training average loss at step 4100: 0.113107
2023-09-19 21:22:22 INFO     Training average regularization at step 4200: 0.001780
2023-09-19 21:22:22 INFO     Training average positive_sample_loss at step 4200: 0.121476
2023-09-19 21:22:22 INFO     Training average negative_sample_loss at step 4200: 0.062028
2023-09-19 21:22:22 INFO     Training average loss at step 4200: 0.093532
2023-09-19 21:22:25 INFO     Training average regularization at step 4300: 0.001813
2023-09-19 21:22:25 INFO     Training average positive_sample_loss at step 4300: 0.139953
2023-09-19 21:22:25 INFO     Training average negative_sample_loss at step 4300: 0.059178
2023-09-19 21:22:25 INFO     Training average loss at step 4300: 0.101379
2023-09-19 21:22:28 INFO     Training average regularization at step 4400: 0.001815
2023-09-19 21:22:28 INFO     Training average positive_sample_loss at step 4400: 0.156709
2023-09-19 21:22:28 INFO     Training average negative_sample_loss at step 4400: 0.058992
2023-09-19 21:22:28 INFO     Training average loss at step 4400: 0.109666
2023-09-19 21:22:32 INFO     Training average regularization at step 4500: 0.001823
2023-09-19 21:22:32 INFO     Training average positive_sample_loss at step 4500: 0.120853
2023-09-19 21:22:32 INFO     Training average negative_sample_loss at step 4500: 0.059392
2023-09-19 21:22:32 INFO     Training average loss at step 4500: 0.091945
2023-09-19 21:22:35 INFO     Training average regularization at step 4600: 0.001868
2023-09-19 21:22:35 INFO     Training average positive_sample_loss at step 4600: 0.125235
2023-09-19 21:22:35 INFO     Training average negative_sample_loss at step 4600: 0.055143
2023-09-19 21:22:35 INFO     Training average loss at step 4600: 0.092057
2023-09-19 21:22:38 INFO     Training average regularization at step 4700: 0.001879
2023-09-19 21:22:38 INFO     Training average positive_sample_loss at step 4700: 0.144337
2023-09-19 21:22:38 INFO     Training average negative_sample_loss at step 4700: 0.054619
2023-09-19 21:22:38 INFO     Training average loss at step 4700: 0.101357
2023-09-19 21:22:41 INFO     Training average regularization at step 4800: 0.001870
2023-09-19 21:22:41 INFO     Training average positive_sample_loss at step 4800: 0.135006
2023-09-19 21:22:41 INFO     Training average negative_sample_loss at step 4800: 0.055576
2023-09-19 21:22:41 INFO     Training average loss at step 4800: 0.097161
2023-09-19 21:22:44 INFO     Training average regularization at step 4900: 0.001911
2023-09-19 21:22:44 INFO     Training average positive_sample_loss at step 4900: 0.114384
2023-09-19 21:22:44 INFO     Training average negative_sample_loss at step 4900: 0.052757
2023-09-19 21:22:44 INFO     Training average loss at step 4900: 0.085482
2023-09-19 21:22:47 INFO     Change learning_rate to 0.000100 at step 5000
2023-09-19 21:22:48 INFO     Training average regularization at step 5000: 0.001935
2023-09-19 21:22:48 INFO     Training average positive_sample_loss at step 5000: 0.131429
2023-09-19 21:22:48 INFO     Training average negative_sample_loss at step 5000: 0.050972
2023-09-19 21:22:48 INFO     Training average loss at step 5000: 0.093136
2023-09-19 21:22:48 INFO     Evaluating on Valid Dataset...
2023-09-19 21:22:48 INFO     Evaluating the model... (0/759)
2023-09-19 21:23:57 INFO     Valid MRR at step 5000: 0.457840
2023-09-19 21:23:57 INFO     Valid MR at step 5000: 3895.389255
2023-09-19 21:23:57 INFO     Valid HITS@1 at step 5000: 0.428148
2023-09-19 21:23:57 INFO     Valid HITS@3 at step 5000: 0.470995
2023-09-19 21:23:57 INFO     Valid HITS@10 at step 5000: 0.508240
2023-09-19 21:24:00 INFO     Training average regularization at step 5100: 0.002039
2023-09-19 21:24:00 INFO     Training average positive_sample_loss at step 5100: 0.151390
2023-09-19 21:24:00 INFO     Training average negative_sample_loss at step 5100: 0.043401
2023-09-19 21:24:00 INFO     Training average loss at step 5100: 0.099434
2023-09-19 21:24:03 INFO     Training average regularization at step 5200: 0.002147
2023-09-19 21:24:03 INFO     Training average positive_sample_loss at step 5200: 0.103990
2023-09-19 21:24:03 INFO     Training average negative_sample_loss at step 5200: 0.039050
2023-09-19 21:24:03 INFO     Training average loss at step 5200: 0.073667
2023-09-19 21:24:06 INFO     Training average regularization at step 5300: 0.002187
2023-09-19 21:24:06 INFO     Training average positive_sample_loss at step 5300: 0.108811
2023-09-19 21:24:06 INFO     Training average negative_sample_loss at step 5300: 0.037704
2023-09-19 21:24:07 INFO     Training average loss at step 5300: 0.075444
2023-09-19 21:24:10 INFO     Training average regularization at step 5400: 0.002194
2023-09-19 21:24:10 INFO     Training average positive_sample_loss at step 5400: 0.110549
2023-09-19 21:24:10 INFO     Training average negative_sample_loss at step 5400: 0.036624
2023-09-19 21:24:10 INFO     Training average loss at step 5400: 0.075781
2023-09-19 21:24:13 INFO     Training average regularization at step 5500: 0.002189
2023-09-19 21:24:13 INFO     Training average positive_sample_loss at step 5500: 0.101437
2023-09-19 21:24:13 INFO     Training average negative_sample_loss at step 5500: 0.037130
2023-09-19 21:24:13 INFO     Training average loss at step 5500: 0.071473
2023-09-19 21:24:17 INFO     Training average regularization at step 5600: 0.002187
2023-09-19 21:24:17 INFO     Training average positive_sample_loss at step 5600: 0.095525
2023-09-19 21:24:17 INFO     Training average negative_sample_loss at step 5600: 0.037108
2023-09-19 21:24:17 INFO     Training average loss at step 5600: 0.068503
2023-09-19 21:24:20 INFO     Training average regularization at step 5700: 0.002183
2023-09-19 21:24:20 INFO     Training average positive_sample_loss at step 5700: 0.098187
2023-09-19 21:24:20 INFO     Training average negative_sample_loss at step 5700: 0.036903
2023-09-19 21:24:20 INFO     Training average loss at step 5700: 0.069728
2023-09-19 21:24:23 INFO     Training average regularization at step 5800: 0.002177
2023-09-19 21:24:23 INFO     Training average positive_sample_loss at step 5800: 0.097604
2023-09-19 21:24:23 INFO     Training average negative_sample_loss at step 5800: 0.036851
2023-09-19 21:24:23 INFO     Training average loss at step 5800: 0.069405
2023-09-19 21:24:27 INFO     Training average regularization at step 5900: 0.002175
2023-09-19 21:24:27 INFO     Training average positive_sample_loss at step 5900: 0.087970
2023-09-19 21:24:27 INFO     Training average negative_sample_loss at step 5900: 0.036978
2023-09-19 21:24:27 INFO     Training average loss at step 5900: 0.064649
2023-09-19 21:24:30 INFO     Training average regularization at step 6000: 0.002173
2023-09-19 21:24:30 INFO     Training average positive_sample_loss at step 6000: 0.090883
2023-09-19 21:24:30 INFO     Training average negative_sample_loss at step 6000: 0.036608
2023-09-19 21:24:30 INFO     Training average loss at step 6000: 0.065919
2023-09-19 21:24:30 INFO     Evaluating on Valid Dataset...
2023-09-19 21:24:31 INFO     Evaluating the model... (0/759)
2023-09-19 21:25:43 INFO     Valid MRR at step 6000: 0.464269
2023-09-19 21:25:43 INFO     Valid MR at step 6000: 3815.356295
2023-09-19 21:25:43 INFO     Valid HITS@1 at step 6000: 0.435399
2023-09-19 21:25:43 INFO     Valid HITS@3 at step 6000: 0.476599
2023-09-19 21:25:43 INFO     Valid HITS@10 at step 6000: 0.512195
2023-09-19 21:25:46 INFO     Training average regularization at step 6100: 0.002170
2023-09-19 21:25:46 INFO     Training average positive_sample_loss at step 6100: 0.093618
2023-09-19 21:25:46 INFO     Training average negative_sample_loss at step 6100: 0.036508
2023-09-19 21:25:46 INFO     Training average loss at step 6100: 0.067233
2023-09-19 21:25:50 INFO     Training average regularization at step 6200: 0.002167
2023-09-19 21:25:50 INFO     Training average positive_sample_loss at step 6200: 0.084989
2023-09-19 21:25:50 INFO     Training average negative_sample_loss at step 6200: 0.036630
2023-09-19 21:25:50 INFO     Training average loss at step 6200: 0.062976
2023-09-19 21:25:54 INFO     Training average regularization at step 6300: 0.002168
2023-09-19 21:25:54 INFO     Training average positive_sample_loss at step 6300: 0.085479
2023-09-19 21:25:54 INFO     Training average negative_sample_loss at step 6300: 0.036509
2023-09-19 21:25:54 INFO     Training average loss at step 6300: 0.063162
2023-09-19 21:25:57 INFO     Training average regularization at step 6400: 0.002167
2023-09-19 21:25:57 INFO     Training average positive_sample_loss at step 6400: 0.088632
2023-09-19 21:25:57 INFO     Training average negative_sample_loss at step 6400: 0.036156
2023-09-19 21:25:57 INFO     Training average loss at step 6400: 0.064561
2023-09-19 21:26:01 INFO     Training average regularization at step 6500: 0.002165
2023-09-19 21:26:01 INFO     Training average positive_sample_loss at step 6500: 0.085966
2023-09-19 21:26:01 INFO     Training average negative_sample_loss at step 6500: 0.036332
2023-09-19 21:26:01 INFO     Training average loss at step 6500: 0.063314
2023-09-19 21:26:04 INFO     Training average regularization at step 6600: 0.002166
2023-09-19 21:26:04 INFO     Training average positive_sample_loss at step 6600: 0.082601
2023-09-19 21:26:04 INFO     Training average negative_sample_loss at step 6600: 0.036103
2023-09-19 21:26:04 INFO     Training average loss at step 6600: 0.061518
2023-09-19 21:26:07 INFO     Training average regularization at step 6700: 0.002167
2023-09-19 21:26:07 INFO     Training average positive_sample_loss at step 6700: 0.085263
2023-09-19 21:26:07 INFO     Training average negative_sample_loss at step 6700: 0.035761
2023-09-19 21:26:07 INFO     Training average loss at step 6700: 0.062679
2023-09-19 21:26:11 INFO     Training average regularization at step 6800: 0.002166
2023-09-19 21:26:11 INFO     Training average positive_sample_loss at step 6800: 0.085992
2023-09-19 21:26:11 INFO     Training average negative_sample_loss at step 6800: 0.035901
2023-09-19 21:26:11 INFO     Training average loss at step 6800: 0.063113
2023-09-19 21:26:15 INFO     Training average regularization at step 6900: 0.002167
2023-09-19 21:26:15 INFO     Training average positive_sample_loss at step 6900: 0.079577
2023-09-19 21:26:15 INFO     Training average negative_sample_loss at step 6900: 0.035812
2023-09-19 21:26:15 INFO     Training average loss at step 6900: 0.059861
2023-09-19 21:26:19 INFO     Training average regularization at step 7000: 0.002169
2023-09-19 21:26:19 INFO     Training average positive_sample_loss at step 7000: 0.081072
2023-09-19 21:26:19 INFO     Training average negative_sample_loss at step 7000: 0.035680
2023-09-19 21:26:19 INFO     Training average loss at step 7000: 0.060546
2023-09-19 21:26:19 INFO     Evaluating on Valid Dataset...
2023-09-19 21:26:19 INFO     Evaluating the model... (0/759)
2023-09-19 21:27:26 INFO     Valid MRR at step 7000: 0.467029
2023-09-19 21:27:26 INFO     Valid MR at step 7000: 3735.782465
2023-09-19 21:27:26 INFO     Valid HITS@1 at step 7000: 0.437706
2023-09-19 21:27:26 INFO     Valid HITS@3 at step 7000: 0.480554
2023-09-19 21:27:26 INFO     Valid HITS@10 at step 7000: 0.519776
2023-09-19 21:27:29 INFO     Training average regularization at step 7100: 0.002170
2023-09-19 21:27:29 INFO     Training average positive_sample_loss at step 7100: 0.083771
2023-09-19 21:27:29 INFO     Training average negative_sample_loss at step 7100: 0.035561
2023-09-19 21:27:29 INFO     Training average loss at step 7100: 0.061836
2023-09-19 21:27:33 INFO     Training average regularization at step 7200: 0.002170
2023-09-19 21:27:33 INFO     Training average positive_sample_loss at step 7200: 0.080368
2023-09-19 21:27:33 INFO     Training average negative_sample_loss at step 7200: 0.035362
2023-09-19 21:27:33 INFO     Training average loss at step 7200: 0.060035
2023-09-19 21:27:36 INFO     Training average regularization at step 7300: 0.002174
2023-09-19 21:27:36 INFO     Training average positive_sample_loss at step 7300: 0.079263
2023-09-19 21:27:36 INFO     Training average negative_sample_loss at step 7300: 0.035430
2023-09-19 21:27:36 INFO     Training average loss at step 7300: 0.059520
2023-09-19 21:27:39 INFO     Training average regularization at step 7400: 0.002176
2023-09-19 21:27:39 INFO     Training average positive_sample_loss at step 7400: 0.081269
2023-09-19 21:27:39 INFO     Training average negative_sample_loss at step 7400: 0.035070
2023-09-19 21:27:39 INFO     Training average loss at step 7400: 0.060345
2023-09-19 21:27:43 INFO     Training average regularization at step 7500: 0.002176
2023-09-19 21:27:43 INFO     Training average positive_sample_loss at step 7500: 0.081795
2023-09-19 21:27:43 INFO     Training average negative_sample_loss at step 7500: 0.034804
2023-09-19 21:27:43 INFO     Training average loss at step 7500: 0.060476
2023-09-19 21:27:46 INFO     Training average regularization at step 7600: 0.002179
2023-09-19 21:27:46 INFO     Training average positive_sample_loss at step 7600: 0.076618
2023-09-19 21:27:46 INFO     Training average negative_sample_loss at step 7600: 0.034774
2023-09-19 21:27:46 INFO     Training average loss at step 7600: 0.057875
2023-09-19 21:27:49 INFO     Training average regularization at step 7700: 0.002182
2023-09-19 21:27:49 INFO     Training average positive_sample_loss at step 7700: 0.079485
2023-09-19 21:27:49 INFO     Training average negative_sample_loss at step 7700: 0.034811
2023-09-19 21:27:49 INFO     Training average loss at step 7700: 0.059330
2023-09-19 21:27:52 INFO     Training average regularization at step 7800: 0.002183
2023-09-19 21:27:52 INFO     Training average positive_sample_loss at step 7800: 0.081715
2023-09-19 21:27:52 INFO     Training average negative_sample_loss at step 7800: 0.034685
2023-09-19 21:27:52 INFO     Training average loss at step 7800: 0.060383
2023-09-19 21:27:55 INFO     Training average regularization at step 7900: 0.002184
2023-09-19 21:27:55 INFO     Training average positive_sample_loss at step 7900: 0.076387
2023-09-19 21:27:55 INFO     Training average negative_sample_loss at step 7900: 0.034490
2023-09-19 21:27:55 INFO     Training average loss at step 7900: 0.057623
2023-09-19 21:27:59 INFO     Training average regularization at step 8000: 0.002189
2023-09-19 21:27:59 INFO     Training average positive_sample_loss at step 8000: 0.076843
2023-09-19 21:27:59 INFO     Training average negative_sample_loss at step 8000: 0.034267
2023-09-19 21:27:59 INFO     Training average loss at step 8000: 0.057744
2023-09-19 21:27:59 INFO     Evaluating on Valid Dataset...
2023-09-19 21:27:59 INFO     Evaluating the model... (0/759)
2023-09-19 21:29:03 INFO     Valid MRR at step 8000: 0.469146
2023-09-19 21:29:03 INFO     Valid MR at step 8000: 3677.220171
2023-09-19 21:29:03 INFO     Valid HITS@1 at step 8000: 0.439684
2023-09-19 21:29:03 INFO     Valid HITS@3 at step 8000: 0.481213
2023-09-19 21:29:03 INFO     Valid HITS@10 at step 8000: 0.522413
2023-09-19 21:29:06 INFO     Training average regularization at step 8100: 0.002191
2023-09-19 21:29:06 INFO     Training average positive_sample_loss at step 8100: 0.080045
2023-09-19 21:29:06 INFO     Training average negative_sample_loss at step 8100: 0.034220
2023-09-19 21:29:06 INFO     Training average loss at step 8100: 0.059323
2023-09-19 21:29:09 INFO     Training average regularization at step 8200: 0.002192
2023-09-19 21:29:09 INFO     Training average positive_sample_loss at step 8200: 0.078486
2023-09-19 21:29:09 INFO     Training average negative_sample_loss at step 8200: 0.034184
2023-09-19 21:29:09 INFO     Training average loss at step 8200: 0.058527
2023-09-19 21:29:12 INFO     Training average regularization at step 8300: 0.002196
2023-09-19 21:29:12 INFO     Training average positive_sample_loss at step 8300: 0.074974
2023-09-19 21:29:12 INFO     Training average negative_sample_loss at step 8300: 0.033961
2023-09-19 21:29:12 INFO     Training average loss at step 8300: 0.056664
2023-09-19 21:29:16 INFO     Training average regularization at step 8400: 0.002199
2023-09-19 21:29:16 INFO     Training average positive_sample_loss at step 8400: 0.078734
2023-09-19 21:29:16 INFO     Training average negative_sample_loss at step 8400: 0.034077
2023-09-19 21:29:16 INFO     Training average loss at step 8400: 0.058605
2023-09-19 21:29:19 INFO     Training average regularization at step 8500: 0.002201
2023-09-19 21:29:19 INFO     Training average positive_sample_loss at step 8500: 0.079944
2023-09-19 21:29:19 INFO     Training average negative_sample_loss at step 8500: 0.033688
2023-09-19 21:29:19 INFO     Training average loss at step 8500: 0.059017
2023-09-19 21:29:22 INFO     Training average regularization at step 8600: 0.002203
2023-09-19 21:29:22 INFO     Training average positive_sample_loss at step 8600: 0.073222
2023-09-19 21:29:22 INFO     Training average negative_sample_loss at step 8600: 0.033860
2023-09-19 21:29:22 INFO     Training average loss at step 8600: 0.055744
2023-09-19 21:29:25 INFO     Training average regularization at step 8700: 0.002208
2023-09-19 21:29:25 INFO     Training average positive_sample_loss at step 8700: 0.076340
2023-09-19 21:29:25 INFO     Training average negative_sample_loss at step 8700: 0.033640
2023-09-19 21:29:25 INFO     Training average loss at step 8700: 0.057197
2023-09-19 21:29:28 INFO     Training average regularization at step 8800: 0.002210
2023-09-19 21:29:28 INFO     Training average positive_sample_loss at step 8800: 0.078372
2023-09-19 21:29:28 INFO     Training average negative_sample_loss at step 8800: 0.033073
2023-09-19 21:29:28 INFO     Training average loss at step 8800: 0.057933
2023-09-19 21:29:32 INFO     Training average regularization at step 8900: 0.002211
2023-09-19 21:29:32 INFO     Training average positive_sample_loss at step 8900: 0.075404
2023-09-19 21:29:32 INFO     Training average negative_sample_loss at step 8900: 0.033172
2023-09-19 21:29:32 INFO     Training average loss at step 8900: 0.056499
2023-09-19 21:29:35 INFO     Training average regularization at step 9000: 0.002216
2023-09-19 21:29:35 INFO     Training average positive_sample_loss at step 9000: 0.074142
2023-09-19 21:29:35 INFO     Training average negative_sample_loss at step 9000: 0.033208
2023-09-19 21:29:35 INFO     Training average loss at step 9000: 0.055891
2023-09-19 21:29:35 INFO     Evaluating on Valid Dataset...
2023-09-19 21:29:36 INFO     Evaluating the model... (0/759)
2023-09-19 21:30:39 INFO     Valid MRR at step 9000: 0.471258
2023-09-19 21:30:39 INFO     Valid MR at step 9000: 3599.537245
2023-09-19 21:30:39 INFO     Valid HITS@1 at step 9000: 0.440343
2023-09-19 21:30:39 INFO     Valid HITS@3 at step 9000: 0.484509
2023-09-19 21:30:39 INFO     Valid HITS@10 at step 9000: 0.522742
2023-09-19 21:30:42 INFO     Training average regularization at step 9100: 0.002219
2023-09-19 21:30:42 INFO     Training average positive_sample_loss at step 9100: 0.077262
2023-09-19 21:30:42 INFO     Training average negative_sample_loss at step 9100: 0.033099
2023-09-19 21:30:42 INFO     Training average loss at step 9100: 0.057399
2023-09-19 21:30:45 INFO     Training average regularization at step 9200: 0.002220
2023-09-19 21:30:45 INFO     Training average positive_sample_loss at step 9200: 0.077399
2023-09-19 21:30:45 INFO     Training average negative_sample_loss at step 9200: 0.033009
2023-09-19 21:30:45 INFO     Training average loss at step 9200: 0.057424
2023-09-19 21:30:49 INFO     Training average regularization at step 9300: 0.002224
2023-09-19 21:30:49 INFO     Training average positive_sample_loss at step 9300: 0.073333
2023-09-19 21:30:49 INFO     Training average negative_sample_loss at step 9300: 0.032989
2023-09-19 21:30:49 INFO     Training average loss at step 9300: 0.055385
2023-09-19 21:30:52 INFO     Training average regularization at step 9400: 0.002228
2023-09-19 21:30:52 INFO     Training average positive_sample_loss at step 9400: 0.075437
2023-09-19 21:30:52 INFO     Training average negative_sample_loss at step 9400: 0.032780
2023-09-19 21:30:52 INFO     Training average loss at step 9400: 0.056336
2023-09-19 21:30:55 INFO     Training average regularization at step 9500: 0.002229
2023-09-19 21:30:55 INFO     Training average positive_sample_loss at step 9500: 0.077503
2023-09-19 21:30:55 INFO     Training average negative_sample_loss at step 9500: 0.032398
2023-09-19 21:30:55 INFO     Training average loss at step 9500: 0.057180
2023-09-19 21:30:59 INFO     Training average regularization at step 9600: 0.002231
2023-09-19 21:30:59 INFO     Training average positive_sample_loss at step 9600: 0.072440
2023-09-19 21:30:59 INFO     Training average negative_sample_loss at step 9600: 0.032617
2023-09-19 21:30:59 INFO     Training average loss at step 9600: 0.054759
2023-09-19 21:31:02 INFO     Training average regularization at step 9700: 0.002236
2023-09-19 21:31:02 INFO     Training average positive_sample_loss at step 9700: 0.074033
2023-09-19 21:31:02 INFO     Training average negative_sample_loss at step 9700: 0.032449
2023-09-19 21:31:02 INFO     Training average loss at step 9700: 0.055477
2023-09-19 21:31:05 INFO     Training average regularization at step 9800: 0.002239
2023-09-19 21:31:05 INFO     Training average positive_sample_loss at step 9800: 0.075673
2023-09-19 21:31:05 INFO     Training average negative_sample_loss at step 9800: 0.032235
2023-09-19 21:31:05 INFO     Training average loss at step 9800: 0.056193
2023-09-19 21:31:09 INFO     Training average regularization at step 9900: 0.002240
2023-09-19 21:31:09 INFO     Training average positive_sample_loss at step 9900: 0.074888
2023-09-19 21:31:09 INFO     Training average negative_sample_loss at step 9900: 0.032237
2023-09-19 21:31:09 INFO     Training average loss at step 9900: 0.055802
2023-09-19 21:31:13 INFO     Evaluating on Valid Dataset...
2023-09-19 21:31:13 INFO     Evaluating the model... (0/759)
2023-09-19 21:32:16 INFO     Valid MRR at step 9999: 0.473011
2023-09-19 21:32:16 INFO     Valid MR at step 9999: 3547.014502
2023-09-19 21:32:16 INFO     Valid HITS@1 at step 9999: 0.442650
2023-09-19 21:32:16 INFO     Valid HITS@3 at step 9999: 0.485498
2023-09-19 21:32:16 INFO     Valid HITS@10 at step 9999: 0.524720
2023-09-19 21:32:16 INFO     Evaluating on Test Dataset...
2023-09-19 21:32:17 INFO     Evaluating the model... (0/784)
2023-09-19 21:33:20 INFO     Test MRR at step 9999: 0.475907
2023-09-19 21:33:20 INFO     Test MR at step 9999: 3571.612955
2023-09-19 21:33:20 INFO     Test HITS@1 at step 9999: 0.441927
2023-09-19 21:33:20 INFO     Test HITS@3 at step 9999: 0.490747
2023-09-19 21:33:20 INFO     Test HITS@10 at step 9999: 0.537652
