2023-09-19 21:20:11 INFO     Model: TransE
2023-09-19 21:20:11 INFO     Data Path: data/FB15k-237
2023-09-19 21:20:11 INFO     #entity: 14541
2023-09-19 21:20:11 INFO     #relation: 237
2023-09-19 21:20:12 INFO     #train: 272115
2023-09-19 21:20:12 INFO     #valid: 17535
2023-09-19 21:20:12 INFO     #test: 20466
2023-09-19 21:20:12 INFO     Model Parameter Configuration:
2023-09-19 21:20:12 INFO     Parameter gamma: torch.Size([1]), require_grad = False
2023-09-19 21:20:12 INFO     Parameter embedding_range: torch.Size([1]), require_grad = False
2023-09-19 21:20:12 INFO     Parameter entity_embedding: torch.Size([14541, 100]), require_grad = True
2023-09-19 21:20:12 INFO     Parameter relation_embedding: torch.Size([237, 100]), require_grad = True
2023-09-19 21:20:18 INFO     Ramdomly Initializing TransE Model...
2023-09-19 21:20:18 INFO     Start Training...
2023-09-19 21:20:18 INFO     init_step = 0
2023-09-19 21:20:18 INFO     batch_size = 256
2023-09-19 21:20:18 INFO     negative_adversarial_sampling = 0
2023-09-19 21:20:18 INFO     hidden_dim = 100
2023-09-19 21:20:18 INFO     gamma = 1.000000
2023-09-19 21:20:18 INFO     negative_adversarial_sampling = False
2023-09-19 21:20:18 INFO     learning_rate = 0
2023-09-19 21:20:18 INFO     Training average regularization at step 0: 0.000010
2023-09-19 21:20:18 INFO     Training average positive_sample_loss at step 0: 1.645452
2023-09-19 21:20:18 INFO     Training average negative_sample_loss at step 0: 0.214228
2023-09-19 21:20:18 INFO     Training average loss at step 0: 0.929850
2023-09-19 21:20:18 INFO     Evaluating on Valid Dataset...
2023-09-19 21:20:19 INFO     Evaluating the model... (0/4384)
2023-09-19 21:20:52 INFO     Evaluating the model... (1000/4384)
2023-09-19 21:21:23 INFO     Evaluating the model... (2000/4384)
2023-09-19 21:21:56 INFO     Evaluating the model... (3000/4384)
2023-09-19 21:22:26 INFO     Evaluating the model... (4000/4384)
2023-09-19 21:22:38 INFO     Valid MRR at step 0: 0.006349
2023-09-19 21:22:38 INFO     Valid MR at step 0: 6854.211691
2023-09-19 21:22:38 INFO     Valid HITS@1 at step 0: 0.005133
2023-09-19 21:22:38 INFO     Valid HITS@3 at step 0: 0.005646
2023-09-19 21:22:38 INFO     Valid HITS@10 at step 0: 0.006900
2023-09-19 21:22:41 INFO     Training average regularization at step 100: 0.000060
2023-09-19 21:22:41 INFO     Training average positive_sample_loss at step 100: 2.010687
2023-09-19 21:22:41 INFO     Training average negative_sample_loss at step 100: 0.142764
2023-09-19 21:22:41 INFO     Training average loss at step 100: 1.076785
2023-09-19 21:22:45 INFO     Training average regularization at step 200: 0.000094
2023-09-19 21:22:45 INFO     Training average positive_sample_loss at step 200: 1.773490
2023-09-19 21:22:45 INFO     Training average negative_sample_loss at step 200: 0.186427
2023-09-19 21:22:45 INFO     Training average loss at step 200: 0.980052
2023-09-19 21:22:49 INFO     Training average regularization at step 300: 0.000087
2023-09-19 21:22:49 INFO     Training average positive_sample_loss at step 300: 1.447104
2023-09-19 21:22:49 INFO     Training average negative_sample_loss at step 300: 0.246029
2023-09-19 21:22:49 INFO     Training average loss at step 300: 0.846653
2023-09-19 21:22:53 INFO     Training average regularization at step 400: 0.000075
2023-09-19 21:22:53 INFO     Training average positive_sample_loss at step 400: 1.234950
2023-09-19 21:22:53 INFO     Training average negative_sample_loss at step 400: 0.289457
2023-09-19 21:22:53 INFO     Training average loss at step 400: 0.762279
2023-09-19 21:22:56 INFO     Training average regularization at step 500: 0.000065
2023-09-19 21:22:56 INFO     Training average positive_sample_loss at step 500: 1.106415
2023-09-19 21:22:56 INFO     Training average negative_sample_loss at step 500: 0.307977
2023-09-19 21:22:56 INFO     Training average loss at step 500: 0.707261
2023-09-19 21:23:00 INFO     Training average regularization at step 600: 0.000057
2023-09-19 21:23:00 INFO     Training average positive_sample_loss at step 600: 1.016184
2023-09-19 21:23:00 INFO     Training average negative_sample_loss at step 600: 0.313167
2023-09-19 21:23:00 INFO     Training average loss at step 600: 0.664732
2023-09-19 21:23:03 INFO     Training average regularization at step 700: 0.000051
2023-09-19 21:23:03 INFO     Training average positive_sample_loss at step 700: 0.958954
2023-09-19 21:23:03 INFO     Training average negative_sample_loss at step 700: 0.307698
2023-09-19 21:23:03 INFO     Training average loss at step 700: 0.633377
2023-09-19 21:23:06 INFO     Training average regularization at step 800: 0.000045
2023-09-19 21:23:06 INFO     Training average positive_sample_loss at step 800: 0.892557
2023-09-19 21:23:06 INFO     Training average negative_sample_loss at step 800: 0.297647
2023-09-19 21:23:06 INFO     Training average loss at step 800: 0.595148
2023-09-19 21:23:10 INFO     Training average regularization at step 900: 0.000042
2023-09-19 21:23:10 INFO     Training average positive_sample_loss at step 900: 0.866785
2023-09-19 21:23:10 INFO     Training average negative_sample_loss at step 900: 0.281403
2023-09-19 21:23:10 INFO     Training average loss at step 900: 0.574136
2023-09-19 21:23:13 INFO     Training average regularization at step 1000: 0.000039
2023-09-19 21:23:13 INFO     Training average positive_sample_loss at step 1000: 0.830338
2023-09-19 21:23:13 INFO     Training average negative_sample_loss at step 1000: 0.265263
2023-09-19 21:23:13 INFO     Training average loss at step 1000: 0.547840
2023-09-19 21:23:13 INFO     Evaluating on Valid Dataset...
2023-09-19 21:23:14 INFO     Evaluating the model... (0/4384)
2023-09-19 21:23:46 INFO     Evaluating the model... (1000/4384)
2023-09-19 21:24:17 INFO     Evaluating the model... (2000/4384)
2023-09-19 21:24:48 INFO     Evaluating the model... (3000/4384)
2023-09-19 21:25:20 INFO     Evaluating the model... (4000/4384)
2023-09-19 21:25:32 INFO     Valid MRR at step 1000: 0.236904
2023-09-19 21:25:32 INFO     Valid MR at step 1000: 783.829598
2023-09-19 21:25:32 INFO     Valid HITS@1 at step 1000: 0.158426
2023-09-19 21:25:32 INFO     Valid HITS@3 at step 1000: 0.261249
2023-09-19 21:25:32 INFO     Valid HITS@10 at step 1000: 0.392187
2023-09-19 21:25:36 INFO     Training average regularization at step 1100: 0.000037
2023-09-19 21:25:36 INFO     Training average positive_sample_loss at step 1100: 0.778240
2023-09-19 21:25:36 INFO     Training average negative_sample_loss at step 1100: 0.250906
2023-09-19 21:25:36 INFO     Training average loss at step 1100: 0.514610
2023-09-19 21:25:40 INFO     Training average regularization at step 1200: 0.000038
2023-09-19 21:25:40 INFO     Training average positive_sample_loss at step 1200: 0.720481
2023-09-19 21:25:40 INFO     Training average negative_sample_loss at step 1200: 0.236237
2023-09-19 21:25:40 INFO     Training average loss at step 1200: 0.478398
2023-09-19 21:25:44 INFO     Training average regularization at step 1300: 0.000039
2023-09-19 21:25:44 INFO     Training average positive_sample_loss at step 1300: 0.712944
2023-09-19 21:25:44 INFO     Training average negative_sample_loss at step 1300: 0.221127
2023-09-19 21:25:44 INFO     Training average loss at step 1300: 0.467075
2023-09-19 21:25:48 INFO     Training average regularization at step 1400: 0.000041
2023-09-19 21:25:48 INFO     Training average positive_sample_loss at step 1400: 0.701976
2023-09-19 21:25:48 INFO     Training average negative_sample_loss at step 1400: 0.209912
2023-09-19 21:25:48 INFO     Training average loss at step 1400: 0.455985
2023-09-19 21:25:52 INFO     Training average regularization at step 1500: 0.000042
2023-09-19 21:25:52 INFO     Training average positive_sample_loss at step 1500: 0.701934
2023-09-19 21:25:52 INFO     Training average negative_sample_loss at step 1500: 0.199871
2023-09-19 21:25:52 INFO     Training average loss at step 1500: 0.450944
2023-09-19 21:25:56 INFO     Training average regularization at step 1600: 0.000043
2023-09-19 21:25:56 INFO     Training average positive_sample_loss at step 1600: 0.697582
2023-09-19 21:25:56 INFO     Training average negative_sample_loss at step 1600: 0.190026
2023-09-19 21:25:56 INFO     Training average loss at step 1600: 0.443847
2023-09-19 21:26:00 INFO     Training average regularization at step 1700: 0.000044
2023-09-19 21:26:00 INFO     Training average positive_sample_loss at step 1700: 0.684354
2023-09-19 21:26:00 INFO     Training average negative_sample_loss at step 1700: 0.182432
2023-09-19 21:26:00 INFO     Training average loss at step 1700: 0.433437
2023-09-19 21:26:04 INFO     Training average regularization at step 1800: 0.000046
2023-09-19 21:26:04 INFO     Training average positive_sample_loss at step 1800: 0.679417
2023-09-19 21:26:04 INFO     Training average negative_sample_loss at step 1800: 0.176904
2023-09-19 21:26:04 INFO     Training average loss at step 1800: 0.428206
2023-09-19 21:26:07 INFO     Training average regularization at step 1900: 0.000048
2023-09-19 21:26:07 INFO     Training average positive_sample_loss at step 1900: 0.668590
2023-09-19 21:26:07 INFO     Training average negative_sample_loss at step 1900: 0.172499
2023-09-19 21:26:07 INFO     Training average loss at step 1900: 0.420592
2023-09-19 21:26:11 INFO     Training average regularization at step 2000: 0.000049
2023-09-19 21:26:11 INFO     Training average positive_sample_loss at step 2000: 0.671346
2023-09-19 21:26:11 INFO     Training average negative_sample_loss at step 2000: 0.168130
2023-09-19 21:26:11 INFO     Training average loss at step 2000: 0.419787
2023-09-19 21:26:11 INFO     Evaluating on Valid Dataset...
2023-09-19 21:26:12 INFO     Evaluating the model... (0/4384)
2023-09-19 21:26:47 INFO     Evaluating the model... (1000/4384)
2023-09-19 21:27:22 INFO     Evaluating the model... (2000/4384)
2023-09-19 21:27:53 INFO     Evaluating the model... (3000/4384)
2023-09-19 21:28:24 INFO     Evaluating the model... (4000/4384)
2023-09-19 21:28:36 INFO     Valid MRR at step 2000: 0.235462
2023-09-19 21:28:36 INFO     Valid MR at step 2000: 381.622412
2023-09-19 21:28:36 INFO     Valid HITS@1 at step 2000: 0.162247
2023-09-19 21:28:36 INFO     Valid HITS@3 at step 2000: 0.260222
2023-09-19 21:28:36 INFO     Valid HITS@10 at step 2000: 0.370858
2023-09-19 21:28:40 INFO     Training average regularization at step 2100: 0.000051
2023-09-19 21:28:40 INFO     Training average positive_sample_loss at step 2100: 0.671594
2023-09-19 21:28:40 INFO     Training average negative_sample_loss at step 2100: 0.162596
2023-09-19 21:28:40 INFO     Training average loss at step 2100: 0.417146
2023-09-19 21:28:44 INFO     Training average regularization at step 2200: 0.000053
2023-09-19 21:28:44 INFO     Training average positive_sample_loss at step 2200: 0.636466
2023-09-19 21:28:44 INFO     Training average negative_sample_loss at step 2200: 0.160283
2023-09-19 21:28:44 INFO     Training average loss at step 2200: 0.398428
2023-09-19 21:28:48 INFO     Training average regularization at step 2300: 0.000056
2023-09-19 21:28:48 INFO     Training average positive_sample_loss at step 2300: 0.631759
2023-09-19 21:28:48 INFO     Training average negative_sample_loss at step 2300: 0.155008
2023-09-19 21:28:48 INFO     Training average loss at step 2300: 0.393439
2023-09-19 21:28:52 INFO     Training average regularization at step 2400: 0.000058
2023-09-19 21:28:52 INFO     Training average positive_sample_loss at step 2400: 0.632656
2023-09-19 21:28:52 INFO     Training average negative_sample_loss at step 2400: 0.152326
2023-09-19 21:28:52 INFO     Training average loss at step 2400: 0.392550
2023-09-19 21:28:55 INFO     Training average regularization at step 2500: 0.000061
2023-09-19 21:28:55 INFO     Training average positive_sample_loss at step 2500: 0.633387
2023-09-19 21:28:55 INFO     Training average negative_sample_loss at step 2500: 0.150464
2023-09-19 21:28:55 INFO     Training average loss at step 2500: 0.391987
2023-09-19 21:28:58 INFO     Training average regularization at step 2600: 0.000064
2023-09-19 21:28:58 INFO     Training average positive_sample_loss at step 2600: 0.635860
2023-09-19 21:28:58 INFO     Training average negative_sample_loss at step 2600: 0.146707
2023-09-19 21:28:58 INFO     Training average loss at step 2600: 0.391347
2023-09-19 21:29:02 INFO     Training average regularization at step 2700: 0.000066
2023-09-19 21:29:02 INFO     Training average positive_sample_loss at step 2700: 0.634921
2023-09-19 21:29:02 INFO     Training average negative_sample_loss at step 2700: 0.145287
2023-09-19 21:29:02 INFO     Training average loss at step 2700: 0.390170
2023-09-19 21:29:06 INFO     Training average regularization at step 2800: 0.000068
2023-09-19 21:29:06 INFO     Training average positive_sample_loss at step 2800: 0.639498
2023-09-19 21:29:06 INFO     Training average negative_sample_loss at step 2800: 0.141887
2023-09-19 21:29:06 INFO     Training average loss at step 2800: 0.390760
2023-09-19 21:29:09 INFO     Training average regularization at step 2900: 0.000070
2023-09-19 21:29:09 INFO     Training average positive_sample_loss at step 2900: 0.638518
2023-09-19 21:29:09 INFO     Training average negative_sample_loss at step 2900: 0.140888
2023-09-19 21:29:09 INFO     Training average loss at step 2900: 0.389773
2023-09-19 21:29:13 INFO     Training average regularization at step 3000: 0.000072
2023-09-19 21:29:13 INFO     Training average positive_sample_loss at step 3000: 0.635206
2023-09-19 21:29:13 INFO     Training average negative_sample_loss at step 3000: 0.139786
2023-09-19 21:29:13 INFO     Training average loss at step 3000: 0.387568
2023-09-19 21:29:13 INFO     Evaluating on Valid Dataset...
2023-09-19 21:29:13 INFO     Evaluating the model... (0/4384)
2023-09-19 21:29:47 INFO     Evaluating the model... (1000/4384)
2023-09-19 21:30:19 INFO     Evaluating the model... (2000/4384)
2023-09-19 21:30:52 INFO     Evaluating the model... (3000/4384)
2023-09-19 21:31:24 INFO     Evaluating the model... (4000/4384)
2023-09-19 21:31:37 INFO     Valid MRR at step 3000: 0.224563
2023-09-19 21:31:37 INFO     Valid MR at step 3000: 351.078472
2023-09-19 21:31:37 INFO     Valid HITS@1 at step 3000: 0.149758
2023-09-19 21:31:37 INFO     Valid HITS@3 at step 3000: 0.244711
2023-09-19 21:31:37 INFO     Valid HITS@10 at step 3000: 0.372569
2023-09-19 21:31:40 INFO     Training average regularization at step 3100: 0.000074
2023-09-19 21:31:40 INFO     Training average positive_sample_loss at step 3100: 0.637063
2023-09-19 21:31:40 INFO     Training average negative_sample_loss at step 3100: 0.138678
2023-09-19 21:31:40 INFO     Training average loss at step 3100: 0.387944
2023-09-19 21:31:44 INFO     Training average regularization at step 3200: 0.000076
2023-09-19 21:31:44 INFO     Training average positive_sample_loss at step 3200: 0.634780
2023-09-19 21:31:44 INFO     Training average negative_sample_loss at step 3200: 0.136878
2023-09-19 21:31:44 INFO     Training average loss at step 3200: 0.385905
2023-09-19 21:31:48 INFO     Training average regularization at step 3300: 0.000078
2023-09-19 21:31:48 INFO     Training average positive_sample_loss at step 3300: 0.620991
2023-09-19 21:31:48 INFO     Training average negative_sample_loss at step 3300: 0.135630
2023-09-19 21:31:48 INFO     Training average loss at step 3300: 0.378389
2023-09-19 21:31:52 INFO     Training average regularization at step 3400: 0.000081
2023-09-19 21:31:52 INFO     Training average positive_sample_loss at step 3400: 0.621273
2023-09-19 21:31:52 INFO     Training average negative_sample_loss at step 3400: 0.134557
2023-09-19 21:31:52 INFO     Training average loss at step 3400: 0.377996
2023-09-19 21:31:56 INFO     Training average regularization at step 3500: 0.000083
2023-09-19 21:31:56 INFO     Training average positive_sample_loss at step 3500: 0.621168
2023-09-19 21:31:56 INFO     Training average negative_sample_loss at step 3500: 0.133746
2023-09-19 21:31:56 INFO     Training average loss at step 3500: 0.377540
2023-09-19 21:31:59 INFO     Training average regularization at step 3600: 0.000085
2023-09-19 21:31:59 INFO     Training average positive_sample_loss at step 3600: 0.626115
2023-09-19 21:31:59 INFO     Training average negative_sample_loss at step 3600: 0.131908
2023-09-19 21:31:59 INFO     Training average loss at step 3600: 0.379097
2023-09-19 21:32:02 INFO     Training average regularization at step 3700: 0.000087
2023-09-19 21:32:02 INFO     Training average positive_sample_loss at step 3700: 0.627801
2023-09-19 21:32:02 INFO     Training average negative_sample_loss at step 3700: 0.131910
2023-09-19 21:32:02 INFO     Training average loss at step 3700: 0.379943
2023-09-19 21:32:06 INFO     Training average regularization at step 3800: 0.000090
2023-09-19 21:32:06 INFO     Training average positive_sample_loss at step 3800: 0.630467
2023-09-19 21:32:06 INFO     Training average negative_sample_loss at step 3800: 0.129661
2023-09-19 21:32:06 INFO     Training average loss at step 3800: 0.380153
2023-09-19 21:32:09 INFO     Training average regularization at step 3900: 0.000091
2023-09-19 21:32:09 INFO     Training average positive_sample_loss at step 3900: 0.633007
2023-09-19 21:32:09 INFO     Training average negative_sample_loss at step 3900: 0.129827
2023-09-19 21:32:09 INFO     Training average loss at step 3900: 0.381508
2023-09-19 21:32:13 INFO     Training average regularization at step 4000: 0.000093
2023-09-19 21:32:13 INFO     Training average positive_sample_loss at step 4000: 0.634698
2023-09-19 21:32:13 INFO     Training average negative_sample_loss at step 4000: 0.129008
2023-09-19 21:32:13 INFO     Training average loss at step 4000: 0.381947
2023-09-19 21:32:13 INFO     Evaluating on Valid Dataset...
2023-09-19 21:32:14 INFO     Evaluating the model... (0/4384)
2023-09-19 21:32:48 INFO     Evaluating the model... (1000/4384)
2023-09-19 21:33:19 INFO     Evaluating the model... (2000/4384)
2023-09-19 21:33:49 INFO     Evaluating the model... (3000/4384)
2023-09-19 21:34:18 INFO     Evaluating the model... (4000/4384)
2023-09-19 21:34:29 INFO     Valid MRR at step 4000: 0.229464
2023-09-19 21:34:29 INFO     Valid MR at step 4000: 343.045053
2023-09-19 21:34:29 INFO     Valid HITS@1 at step 4000: 0.155232
2023-09-19 21:34:29 INFO     Valid HITS@3 at step 4000: 0.252352
2023-09-19 21:34:29 INFO     Valid HITS@10 at step 4000: 0.372740
2023-09-19 21:34:33 INFO     Training average regularization at step 4100: 0.000095
2023-09-19 21:34:33 INFO     Training average positive_sample_loss at step 4100: 0.629301
2023-09-19 21:34:33 INFO     Training average negative_sample_loss at step 4100: 0.128876
2023-09-19 21:34:33 INFO     Training average loss at step 4100: 0.379183
2023-09-19 21:34:36 INFO     Training average regularization at step 4200: 0.000097
2023-09-19 21:34:36 INFO     Training average positive_sample_loss at step 4200: 0.634222
2023-09-19 21:34:36 INFO     Training average negative_sample_loss at step 4200: 0.127727
2023-09-19 21:34:36 INFO     Training average loss at step 4200: 0.381071
2023-09-19 21:34:40 INFO     Training average regularization at step 4300: 0.000098
2023-09-19 21:34:40 INFO     Training average positive_sample_loss at step 4300: 0.633120
2023-09-19 21:34:40 INFO     Training average negative_sample_loss at step 4300: 0.128763
2023-09-19 21:34:40 INFO     Training average loss at step 4300: 0.381040
2023-09-19 21:34:44 INFO     Training average regularization at step 4400: 0.000100
2023-09-19 21:34:44 INFO     Training average positive_sample_loss at step 4400: 0.623740
2023-09-19 21:34:44 INFO     Training average negative_sample_loss at step 4400: 0.127286
2023-09-19 21:34:44 INFO     Training average loss at step 4400: 0.375613
2023-09-19 21:34:47 INFO     Training average regularization at step 4500: 0.000102
2023-09-19 21:34:47 INFO     Training average positive_sample_loss at step 4500: 0.620026
2023-09-19 21:34:47 INFO     Training average negative_sample_loss at step 4500: 0.127305
2023-09-19 21:34:47 INFO     Training average loss at step 4500: 0.373768
2023-09-19 21:34:51 INFO     Training average regularization at step 4600: 0.000104
2023-09-19 21:34:51 INFO     Training average positive_sample_loss at step 4600: 0.625771
2023-09-19 21:34:51 INFO     Training average negative_sample_loss at step 4600: 0.126176
2023-09-19 21:34:51 INFO     Training average loss at step 4600: 0.376078
2023-09-19 21:34:54 INFO     Training average regularization at step 4700: 0.000106
2023-09-19 21:34:54 INFO     Training average positive_sample_loss at step 4700: 0.625664
2023-09-19 21:34:54 INFO     Training average negative_sample_loss at step 4700: 0.125778
2023-09-19 21:34:54 INFO     Training average loss at step 4700: 0.375827
2023-09-19 21:34:57 INFO     Training average regularization at step 4800: 0.000108
2023-09-19 21:34:57 INFO     Training average positive_sample_loss at step 4800: 0.623403
2023-09-19 21:34:57 INFO     Training average negative_sample_loss at step 4800: 0.124191
2023-09-19 21:34:57 INFO     Training average loss at step 4800: 0.373905
2023-09-19 21:35:01 INFO     Training average regularization at step 4900: 0.000109
2023-09-19 21:35:01 INFO     Training average positive_sample_loss at step 4900: 0.633703
2023-09-19 21:35:01 INFO     Training average negative_sample_loss at step 4900: 0.123636
2023-09-19 21:35:01 INFO     Training average loss at step 4900: 0.378779
2023-09-19 21:35:04 INFO     Change learning_rate to 0.000100 at step 5000
2023-09-19 21:35:04 INFO     Training average regularization at step 5000: 0.000111
2023-09-19 21:35:04 INFO     Training average positive_sample_loss at step 5000: 0.631035
2023-09-19 21:35:04 INFO     Training average negative_sample_loss at step 5000: 0.123944
2023-09-19 21:35:04 INFO     Training average loss at step 5000: 0.377600
2023-09-19 21:35:04 INFO     Evaluating on Valid Dataset...
2023-09-19 21:35:05 INFO     Evaluating the model... (0/4384)
2023-09-19 21:35:35 INFO     Evaluating the model... (1000/4384)
2023-09-19 21:36:04 INFO     Evaluating the model... (2000/4384)
2023-09-19 21:36:34 INFO     Evaluating the model... (3000/4384)
2023-09-19 21:37:03 INFO     Evaluating the model... (4000/4384)
2023-09-19 21:37:15 INFO     Valid MRR at step 5000: 0.224725
2023-09-19 21:37:15 INFO     Valid MR at step 5000: 345.873795
2023-09-19 21:37:15 INFO     Valid HITS@1 at step 5000: 0.149358
2023-09-19 21:37:15 INFO     Valid HITS@3 at step 5000: 0.247106
2023-09-19 21:37:15 INFO     Valid HITS@10 at step 5000: 0.371885
2023-09-19 21:37:19 INFO     Training average regularization at step 5100: 0.000117
2023-09-19 21:37:19 INFO     Training average positive_sample_loss at step 5100: 0.637799
2023-09-19 21:37:19 INFO     Training average negative_sample_loss at step 5100: 0.119998
2023-09-19 21:37:19 INFO     Training average loss at step 5100: 0.379016
2023-09-19 21:37:22 INFO     Training average regularization at step 5200: 0.000123
2023-09-19 21:37:22 INFO     Training average positive_sample_loss at step 5200: 0.623012
2023-09-19 21:37:22 INFO     Training average negative_sample_loss at step 5200: 0.118513
2023-09-19 21:37:22 INFO     Training average loss at step 5200: 0.370885
2023-09-19 21:37:26 INFO     Training average regularization at step 5300: 0.000125
2023-09-19 21:37:26 INFO     Training average positive_sample_loss at step 5300: 0.602441
2023-09-19 21:37:26 INFO     Training average negative_sample_loss at step 5300: 0.120637
2023-09-19 21:37:26 INFO     Training average loss at step 5300: 0.361664
2023-09-19 21:37:30 INFO     Training average regularization at step 5400: 0.000127
2023-09-19 21:37:30 INFO     Training average positive_sample_loss at step 5400: 0.561046
2023-09-19 21:37:30 INFO     Training average negative_sample_loss at step 5400: 0.124050
2023-09-19 21:37:30 INFO     Training average loss at step 5400: 0.342674
2023-09-19 21:37:34 INFO     Training average regularization at step 5500: 0.000128
2023-09-19 21:37:34 INFO     Training average positive_sample_loss at step 5500: 0.552451
2023-09-19 21:37:34 INFO     Training average negative_sample_loss at step 5500: 0.126187
2023-09-19 21:37:34 INFO     Training average loss at step 5500: 0.339447
2023-09-19 21:37:37 INFO     Training average regularization at step 5600: 0.000128
2023-09-19 21:37:37 INFO     Training average positive_sample_loss at step 5600: 0.533943
2023-09-19 21:37:37 INFO     Training average negative_sample_loss at step 5600: 0.127222
2023-09-19 21:37:37 INFO     Training average loss at step 5600: 0.330710
2023-09-19 21:37:41 INFO     Training average regularization at step 5700: 0.000129
2023-09-19 21:37:41 INFO     Training average positive_sample_loss at step 5700: 0.523669
2023-09-19 21:37:41 INFO     Training average negative_sample_loss at step 5700: 0.130170
2023-09-19 21:37:41 INFO     Training average loss at step 5700: 0.327048
2023-09-19 21:37:45 INFO     Training average regularization at step 5800: 0.000129
2023-09-19 21:37:45 INFO     Training average positive_sample_loss at step 5800: 0.512571
2023-09-19 21:37:45 INFO     Training average negative_sample_loss at step 5800: 0.131410
2023-09-19 21:37:45 INFO     Training average loss at step 5800: 0.322119
2023-09-19 21:37:48 INFO     Training average regularization at step 5900: 0.000129
2023-09-19 21:37:48 INFO     Training average positive_sample_loss at step 5900: 0.509076
2023-09-19 21:37:48 INFO     Training average negative_sample_loss at step 5900: 0.134137
2023-09-19 21:37:48 INFO     Training average loss at step 5900: 0.321735
2023-09-19 21:37:52 INFO     Training average regularization at step 6000: 0.000129
2023-09-19 21:37:52 INFO     Training average positive_sample_loss at step 6000: 0.498445
2023-09-19 21:37:52 INFO     Training average negative_sample_loss at step 6000: 0.135257
2023-09-19 21:37:52 INFO     Training average loss at step 6000: 0.316979
2023-09-19 21:37:52 INFO     Evaluating on Valid Dataset...
2023-09-19 21:37:53 INFO     Evaluating the model... (0/4384)
2023-09-19 21:38:23 INFO     Evaluating the model... (1000/4384)
2023-09-19 21:38:54 INFO     Evaluating the model... (2000/4384)
2023-09-19 21:39:26 INFO     Evaluating the model... (3000/4384)
2023-09-19 21:39:57 INFO     Evaluating the model... (4000/4384)
2023-09-19 21:40:09 INFO     Valid MRR at step 6000: 0.239788
2023-09-19 21:40:09 INFO     Valid MR at step 6000: 303.421956
2023-09-19 21:40:09 INFO     Valid HITS@1 at step 6000: 0.158369
2023-09-19 21:40:09 INFO     Valid HITS@3 at step 6000: 0.266724
2023-09-19 21:40:09 INFO     Valid HITS@10 at step 6000: 0.398859
2023-09-19 21:40:13 INFO     Training average regularization at step 6100: 0.000128
2023-09-19 21:40:13 INFO     Training average positive_sample_loss at step 6100: 0.493273
2023-09-19 21:40:13 INFO     Training average negative_sample_loss at step 6100: 0.135899
2023-09-19 21:40:13 INFO     Training average loss at step 6100: 0.314714
2023-09-19 21:40:16 INFO     Training average regularization at step 6200: 0.000128
2023-09-19 21:40:16 INFO     Training average positive_sample_loss at step 6200: 0.488153
2023-09-19 21:40:16 INFO     Training average negative_sample_loss at step 6200: 0.138054
2023-09-19 21:40:16 INFO     Training average loss at step 6200: 0.313232
2023-09-19 21:40:20 INFO     Training average regularization at step 6300: 0.000128
2023-09-19 21:40:20 INFO     Training average positive_sample_loss at step 6300: 0.484866
2023-09-19 21:40:20 INFO     Training average negative_sample_loss at step 6300: 0.138350
2023-09-19 21:40:20 INFO     Training average loss at step 6300: 0.311736
2023-09-19 21:40:24 INFO     Training average regularization at step 6400: 0.000127
2023-09-19 21:40:24 INFO     Training average positive_sample_loss at step 6400: 0.474693
2023-09-19 21:40:24 INFO     Training average negative_sample_loss at step 6400: 0.140621
2023-09-19 21:40:24 INFO     Training average loss at step 6400: 0.307784
2023-09-19 21:40:28 INFO     Training average regularization at step 6500: 0.000127
2023-09-19 21:40:28 INFO     Training average positive_sample_loss at step 6500: 0.463380
2023-09-19 21:40:28 INFO     Training average negative_sample_loss at step 6500: 0.141137
2023-09-19 21:40:28 INFO     Training average loss at step 6500: 0.302385
2023-09-19 21:40:31 INFO     Training average regularization at step 6600: 0.000127
2023-09-19 21:40:31 INFO     Training average positive_sample_loss at step 6600: 0.464873
2023-09-19 21:40:31 INFO     Training average negative_sample_loss at step 6600: 0.140400
2023-09-19 21:40:31 INFO     Training average loss at step 6600: 0.302763
2023-09-19 21:40:35 INFO     Training average regularization at step 6700: 0.000126
2023-09-19 21:40:35 INFO     Training average positive_sample_loss at step 6700: 0.458720
2023-09-19 21:40:35 INFO     Training average negative_sample_loss at step 6700: 0.141684
2023-09-19 21:40:35 INFO     Training average loss at step 6700: 0.300328
2023-09-19 21:40:38 INFO     Training average regularization at step 6800: 0.000126
2023-09-19 21:40:38 INFO     Training average positive_sample_loss at step 6800: 0.457934
2023-09-19 21:40:38 INFO     Training average negative_sample_loss at step 6800: 0.141817
2023-09-19 21:40:38 INFO     Training average loss at step 6800: 0.300002
2023-09-19 21:40:41 INFO     Training average regularization at step 6900: 0.000126
2023-09-19 21:40:41 INFO     Training average positive_sample_loss at step 6900: 0.458978
2023-09-19 21:40:41 INFO     Training average negative_sample_loss at step 6900: 0.143126
2023-09-19 21:40:41 INFO     Training average loss at step 6900: 0.301178
2023-09-19 21:40:45 INFO     Training average regularization at step 7000: 0.000126
2023-09-19 21:40:45 INFO     Training average positive_sample_loss at step 7000: 0.454790
2023-09-19 21:40:45 INFO     Training average negative_sample_loss at step 7000: 0.142944
2023-09-19 21:40:45 INFO     Training average loss at step 7000: 0.298993
2023-09-19 21:40:45 INFO     Evaluating on Valid Dataset...
2023-09-19 21:40:45 INFO     Evaluating the model... (0/4384)
2023-09-19 21:41:14 INFO     Evaluating the model... (1000/4384)
2023-09-19 21:41:44 INFO     Evaluating the model... (2000/4384)
2023-09-19 21:42:14 INFO     Evaluating the model... (3000/4384)
2023-09-19 21:42:46 INFO     Evaluating the model... (4000/4384)
2023-09-19 21:42:58 INFO     Valid MRR at step 7000: 0.231355
2023-09-19 21:42:58 INFO     Valid MR at step 7000: 289.783234
2023-09-19 21:42:58 INFO     Valid HITS@1 at step 7000: 0.151297
2023-09-19 21:42:58 INFO     Valid HITS@3 at step 7000: 0.255717
2023-09-19 21:42:58 INFO     Valid HITS@10 at step 7000: 0.386826
2023-09-19 21:43:02 INFO     Training average regularization at step 7100: 0.000126
2023-09-19 21:43:02 INFO     Training average positive_sample_loss at step 7100: 0.457111
2023-09-19 21:43:02 INFO     Training average negative_sample_loss at step 7100: 0.144539
2023-09-19 21:43:02 INFO     Training average loss at step 7100: 0.300951
2023-09-19 21:43:06 INFO     Training average regularization at step 7200: 0.000125
2023-09-19 21:43:06 INFO     Training average positive_sample_loss at step 7200: 0.453933
2023-09-19 21:43:06 INFO     Training average negative_sample_loss at step 7200: 0.145587
2023-09-19 21:43:06 INFO     Training average loss at step 7200: 0.299886
2023-09-19 21:43:10 INFO     Training average regularization at step 7300: 0.000125
2023-09-19 21:43:10 INFO     Training average positive_sample_loss at step 7300: 0.451641
2023-09-19 21:43:10 INFO     Training average negative_sample_loss at step 7300: 0.144780
2023-09-19 21:43:10 INFO     Training average loss at step 7300: 0.298336
2023-09-19 21:43:14 INFO     Training average regularization at step 7400: 0.000125
2023-09-19 21:43:14 INFO     Training average positive_sample_loss at step 7400: 0.450489
2023-09-19 21:43:14 INFO     Training average negative_sample_loss at step 7400: 0.146590
2023-09-19 21:43:14 INFO     Training average loss at step 7400: 0.298664
2023-09-19 21:43:18 INFO     Training average regularization at step 7500: 0.000125
2023-09-19 21:43:18 INFO     Training average positive_sample_loss at step 7500: 0.443426
2023-09-19 21:43:18 INFO     Training average negative_sample_loss at step 7500: 0.146158
2023-09-19 21:43:18 INFO     Training average loss at step 7500: 0.294917
2023-09-19 21:43:22 INFO     Training average regularization at step 7600: 0.000125
2023-09-19 21:43:22 INFO     Training average positive_sample_loss at step 7600: 0.439440
2023-09-19 21:43:22 INFO     Training average negative_sample_loss at step 7600: 0.145981
2023-09-19 21:43:22 INFO     Training average loss at step 7600: 0.292835
2023-09-19 21:43:25 INFO     Training average regularization at step 7700: 0.000125
2023-09-19 21:43:25 INFO     Training average positive_sample_loss at step 7700: 0.439857
2023-09-19 21:43:25 INFO     Training average negative_sample_loss at step 7700: 0.146177
2023-09-19 21:43:25 INFO     Training average loss at step 7700: 0.293142
2023-09-19 21:43:29 INFO     Training average regularization at step 7800: 0.000125
2023-09-19 21:43:29 INFO     Training average positive_sample_loss at step 7800: 0.440451
2023-09-19 21:43:29 INFO     Training average negative_sample_loss at step 7800: 0.146137
2023-09-19 21:43:29 INFO     Training average loss at step 7800: 0.293419
2023-09-19 21:43:32 INFO     Training average regularization at step 7900: 0.000125
2023-09-19 21:43:32 INFO     Training average positive_sample_loss at step 7900: 0.441715
2023-09-19 21:43:32 INFO     Training average negative_sample_loss at step 7900: 0.146055
2023-09-19 21:43:32 INFO     Training average loss at step 7900: 0.294010
2023-09-19 21:43:36 INFO     Training average regularization at step 8000: 0.000125
2023-09-19 21:43:36 INFO     Training average positive_sample_loss at step 8000: 0.442932
2023-09-19 21:43:36 INFO     Training average negative_sample_loss at step 8000: 0.146735
2023-09-19 21:43:36 INFO     Training average loss at step 8000: 0.294958
2023-09-19 21:43:36 INFO     Evaluating on Valid Dataset...
2023-09-19 21:43:36 INFO     Evaluating the model... (0/4384)
2023-09-19 21:44:08 INFO     Evaluating the model... (1000/4384)
2023-09-19 21:44:40 INFO     Evaluating the model... (2000/4384)
2023-09-19 21:45:12 INFO     Evaluating the model... (3000/4384)
2023-09-19 21:45:45 INFO     Evaluating the model... (4000/4384)
2023-09-19 21:45:57 INFO     Valid MRR at step 8000: 0.228988
2023-09-19 21:45:57 INFO     Valid MR at step 8000: 288.091132
2023-09-19 21:45:57 INFO     Valid HITS@1 at step 8000: 0.148389
2023-09-19 21:45:57 INFO     Valid HITS@3 at step 8000: 0.255603
2023-09-19 21:45:57 INFO     Valid HITS@10 at step 8000: 0.385458
2023-09-19 21:46:01 INFO     Training average regularization at step 8100: 0.000125
2023-09-19 21:46:01 INFO     Training average positive_sample_loss at step 8100: 0.439358
2023-09-19 21:46:01 INFO     Training average negative_sample_loss at step 8100: 0.148834
2023-09-19 21:46:01 INFO     Training average loss at step 8100: 0.294221
2023-09-19 21:46:04 INFO     Training average regularization at step 8200: 0.000125
2023-09-19 21:46:04 INFO     Training average positive_sample_loss at step 8200: 0.443486
2023-09-19 21:46:04 INFO     Training average negative_sample_loss at step 8200: 0.147120
2023-09-19 21:46:04 INFO     Training average loss at step 8200: 0.295427
2023-09-19 21:46:08 INFO     Training average regularization at step 8300: 0.000124
2023-09-19 21:46:08 INFO     Training average positive_sample_loss at step 8300: 0.439536
2023-09-19 21:46:08 INFO     Training average negative_sample_loss at step 8300: 0.147422
2023-09-19 21:46:08 INFO     Training average loss at step 8300: 0.293603
2023-09-19 21:46:11 INFO     Training average regularization at step 8400: 0.000124
2023-09-19 21:46:11 INFO     Training average positive_sample_loss at step 8400: 0.436279
2023-09-19 21:46:11 INFO     Training average negative_sample_loss at step 8400: 0.147923
2023-09-19 21:46:11 INFO     Training average loss at step 8400: 0.292225
2023-09-19 21:46:15 INFO     Training average regularization at step 8500: 0.000124
2023-09-19 21:46:15 INFO     Training average positive_sample_loss at step 8500: 0.439838
2023-09-19 21:46:15 INFO     Training average negative_sample_loss at step 8500: 0.148068
2023-09-19 21:46:15 INFO     Training average loss at step 8500: 0.294077
2023-09-19 21:46:19 INFO     Training average regularization at step 8600: 0.000124
2023-09-19 21:46:20 INFO     Training average positive_sample_loss at step 8600: 0.430005
2023-09-19 21:46:20 INFO     Training average negative_sample_loss at step 8600: 0.147794
2023-09-19 21:46:20 INFO     Training average loss at step 8600: 0.289024
2023-09-19 21:46:23 INFO     Training average regularization at step 8700: 0.000124
2023-09-19 21:46:23 INFO     Training average positive_sample_loss at step 8700: 0.431916
2023-09-19 21:46:23 INFO     Training average negative_sample_loss at step 8700: 0.148945
2023-09-19 21:46:23 INFO     Training average loss at step 8700: 0.290555
2023-09-19 21:46:27 INFO     Training average regularization at step 8800: 0.000124
2023-09-19 21:46:27 INFO     Training average positive_sample_loss at step 8800: 0.429734
2023-09-19 21:46:27 INFO     Training average negative_sample_loss at step 8800: 0.148532
2023-09-19 21:46:27 INFO     Training average loss at step 8800: 0.289258
2023-09-19 21:46:30 INFO     Training average regularization at step 8900: 0.000124
2023-09-19 21:46:30 INFO     Training average positive_sample_loss at step 8900: 0.437155
2023-09-19 21:46:30 INFO     Training average negative_sample_loss at step 8900: 0.147287
2023-09-19 21:46:30 INFO     Training average loss at step 8900: 0.292345
2023-09-19 21:46:34 INFO     Training average regularization at step 9000: 0.000124
2023-09-19 21:46:34 INFO     Training average positive_sample_loss at step 9000: 0.430622
2023-09-19 21:46:34 INFO     Training average negative_sample_loss at step 9000: 0.149114
2023-09-19 21:46:34 INFO     Training average loss at step 9000: 0.289992
2023-09-19 21:46:34 INFO     Evaluating on Valid Dataset...
2023-09-19 21:46:35 INFO     Evaluating the model... (0/4384)
2023-09-19 21:47:07 INFO     Evaluating the model... (1000/4384)
2023-09-19 21:47:39 INFO     Evaluating the model... (2000/4384)
2023-09-19 21:48:11 INFO     Evaluating the model... (3000/4384)
2023-09-19 21:48:43 INFO     Evaluating the model... (4000/4384)
2023-09-19 21:48:55 INFO     Valid MRR at step 9000: 0.222935
2023-09-19 21:48:55 INFO     Valid MR at step 9000: 284.212375
2023-09-19 21:48:55 INFO     Valid HITS@1 at step 9000: 0.141545
2023-09-19 21:48:55 INFO     Valid HITS@3 at step 9000: 0.249729
2023-09-19 21:48:55 INFO     Valid HITS@10 at step 9000: 0.380781
2023-09-19 21:48:59 INFO     Training average regularization at step 9100: 0.000124
2023-09-19 21:48:59 INFO     Training average positive_sample_loss at step 9100: 0.435711
2023-09-19 21:48:59 INFO     Training average negative_sample_loss at step 9100: 0.148994
2023-09-19 21:48:59 INFO     Training average loss at step 9100: 0.292477
2023-09-19 21:49:03 INFO     Training average regularization at step 9200: 0.000124
2023-09-19 21:49:03 INFO     Training average positive_sample_loss at step 9200: 0.435150
2023-09-19 21:49:03 INFO     Training average negative_sample_loss at step 9200: 0.149823
2023-09-19 21:49:03 INFO     Training average loss at step 9200: 0.292611
2023-09-19 21:49:07 INFO     Training average regularization at step 9300: 0.000124
2023-09-19 21:49:07 INFO     Training average positive_sample_loss at step 9300: 0.434475
2023-09-19 21:49:07 INFO     Training average negative_sample_loss at step 9300: 0.148738
2023-09-19 21:49:07 INFO     Training average loss at step 9300: 0.291731
2023-09-19 21:49:10 INFO     Training average regularization at step 9400: 0.000124
2023-09-19 21:49:10 INFO     Training average positive_sample_loss at step 9400: 0.431923
2023-09-19 21:49:10 INFO     Training average negative_sample_loss at step 9400: 0.148440
2023-09-19 21:49:10 INFO     Training average loss at step 9400: 0.290306
2023-09-19 21:49:14 INFO     Training average regularization at step 9500: 0.000124
2023-09-19 21:49:14 INFO     Training average positive_sample_loss at step 9500: 0.433365
2023-09-19 21:49:14 INFO     Training average negative_sample_loss at step 9500: 0.148493
2023-09-19 21:49:14 INFO     Training average loss at step 9500: 0.291053
2023-09-19 21:49:18 INFO     Training average regularization at step 9600: 0.000124
2023-09-19 21:49:18 INFO     Training average positive_sample_loss at step 9600: 0.430019
2023-09-19 21:49:18 INFO     Training average negative_sample_loss at step 9600: 0.149766
2023-09-19 21:49:18 INFO     Training average loss at step 9600: 0.290017
2023-09-19 21:49:22 INFO     Training average regularization at step 9700: 0.000124
2023-09-19 21:49:22 INFO     Training average positive_sample_loss at step 9700: 0.429238
2023-09-19 21:49:22 INFO     Training average negative_sample_loss at step 9700: 0.149094
2023-09-19 21:49:22 INFO     Training average loss at step 9700: 0.289291
2023-09-19 21:49:26 INFO     Training average regularization at step 9800: 0.000125
2023-09-19 21:49:26 INFO     Training average positive_sample_loss at step 9800: 0.428032
2023-09-19 21:49:26 INFO     Training average negative_sample_loss at step 9800: 0.149544
2023-09-19 21:49:26 INFO     Training average loss at step 9800: 0.288912
2023-09-19 21:49:30 INFO     Training average regularization at step 9900: 0.000125
2023-09-19 21:49:30 INFO     Training average positive_sample_loss at step 9900: 0.431782
2023-09-19 21:49:30 INFO     Training average negative_sample_loss at step 9900: 0.149554
2023-09-19 21:49:30 INFO     Training average loss at step 9900: 0.290793
2023-09-19 21:49:33 INFO     Evaluating on Valid Dataset...
2023-09-19 21:49:34 INFO     Evaluating the model... (0/4384)
2023-09-19 21:50:05 INFO     Evaluating the model... (1000/4384)
2023-09-19 21:50:36 INFO     Evaluating the model... (2000/4384)
2023-09-19 21:51:06 INFO     Evaluating the model... (3000/4384)
2023-09-19 21:51:35 INFO     Evaluating the model... (4000/4384)
2023-09-19 21:51:47 INFO     Valid MRR at step 9999: 0.220825
2023-09-19 21:51:47 INFO     Valid MR at step 9999: 282.674708
2023-09-19 21:51:47 INFO     Valid HITS@1 at step 9999: 0.143484
2023-09-19 21:51:47 INFO     Valid HITS@3 at step 9999: 0.242829
2023-09-19 21:51:47 INFO     Valid HITS@10 at step 9999: 0.372569
2023-09-19 21:51:47 INFO     Evaluating on Test Dataset...
2023-09-19 21:51:47 INFO     Evaluating the model... (0/5117)
2023-09-19 21:52:19 INFO     Evaluating the model... (1000/5117)
2023-09-19 21:52:47 INFO     Evaluating the model... (2000/5117)
2023-09-19 21:53:15 INFO     Evaluating the model... (3000/5117)
2023-09-19 21:53:45 INFO     Evaluating the model... (4000/5117)
2023-09-19 21:54:13 INFO     Evaluating the model... (5000/5117)
2023-09-19 21:54:17 INFO     Test MRR at step 9999: 0.218240
2023-09-19 21:54:17 INFO     Test MR at step 9999: 289.783885
2023-09-19 21:54:17 INFO     Test HITS@1 at step 9999: 0.142285
2023-09-19 21:54:17 INFO     Test HITS@3 at step 9999: 0.240448
2023-09-19 21:54:17 INFO     Test HITS@10 at step 9999: 0.369295
