2023-09-19 21:36:32 INFO     Model: DistMult
2023-09-19 21:36:32 INFO     Data Path: data/wn18rr
2023-09-19 21:36:32 INFO     #entity: 40943
2023-09-19 21:36:32 INFO     #relation: 11
2023-09-19 21:36:32 INFO     #train: 86835
2023-09-19 21:36:32 INFO     #valid: 3034
2023-09-19 21:36:32 INFO     #test: 3134
2023-09-19 21:36:32 INFO     Model Parameter Configuration:
2023-09-19 21:36:32 INFO     Parameter gamma: torch.Size([1]), require_grad = False
2023-09-19 21:36:32 INFO     Parameter embedding_range: torch.Size([1]), require_grad = False
2023-09-19 21:36:32 INFO     Parameter entity_embedding: torch.Size([40943, 100]), require_grad = True
2023-09-19 21:36:32 INFO     Parameter relation_embedding: torch.Size([11, 100]), require_grad = True
2023-09-19 21:36:37 INFO     Ramdomly Initializing DistMult Model...
2023-09-19 21:36:37 INFO     Start Training...
2023-09-19 21:36:37 INFO     init_step = 0
2023-09-19 21:36:37 INFO     batch_size = 256
2023-09-19 21:36:37 INFO     negative_adversarial_sampling = 0
2023-09-19 21:36:37 INFO     hidden_dim = 100
2023-09-19 21:36:37 INFO     gamma = 1.000000
2023-09-19 21:36:37 INFO     negative_adversarial_sampling = False
2023-09-19 21:36:37 INFO     learning_rate = 0
2023-09-19 21:36:37 INFO     Training average regularization at step 0: 0.000028
2023-09-19 21:36:37 INFO     Training average positive_sample_loss at step 0: 0.693148
2023-09-19 21:36:37 INFO     Training average negative_sample_loss at step 0: 0.693147
2023-09-19 21:36:37 INFO     Training average loss at step 0: 0.693175
2023-09-19 21:36:37 INFO     Evaluating on Valid Dataset...
2023-09-19 21:36:37 INFO     Evaluating the model... (0/759)
2023-09-19 21:37:43 INFO     Valid MRR at step 0: 0.000212
2023-09-19 21:37:43 INFO     Valid MR at step 0: 20207.807185
2023-09-19 21:37:43 INFO     Valid HITS@1 at step 0: 0.000000
2023-09-19 21:37:43 INFO     Valid HITS@3 at step 0: 0.000000
2023-09-19 21:37:43 INFO     Valid HITS@10 at step 0: 0.000000
2023-09-19 21:37:46 INFO     Training average regularization at step 100: 0.000017
2023-09-19 21:37:46 INFO     Training average positive_sample_loss at step 100: 0.693137
2023-09-19 21:37:46 INFO     Training average negative_sample_loss at step 100: 0.693147
2023-09-19 21:37:46 INFO     Training average loss at step 100: 0.693159
2023-09-19 21:37:49 INFO     Training average regularization at step 200: 0.000015
2023-09-19 21:37:49 INFO     Training average positive_sample_loss at step 200: 0.692991
2023-09-19 21:37:49 INFO     Training average negative_sample_loss at step 200: 0.693147
2023-09-19 21:37:49 INFO     Training average loss at step 200: 0.693084
2023-09-19 21:37:52 INFO     Training average regularization at step 300: 0.000033
2023-09-19 21:37:52 INFO     Training average positive_sample_loss at step 300: 0.692132
2023-09-19 21:37:52 INFO     Training average negative_sample_loss at step 300: 0.693147
2023-09-19 21:37:52 INFO     Training average loss at step 300: 0.692672
2023-09-19 21:37:55 INFO     Training average regularization at step 400: 0.000097
2023-09-19 21:37:55 INFO     Training average positive_sample_loss at step 400: 0.685853
2023-09-19 21:37:55 INFO     Training average negative_sample_loss at step 400: 0.693146
2023-09-19 21:37:55 INFO     Training average loss at step 400: 0.689596
2023-09-19 21:37:59 INFO     Training average regularization at step 500: 0.000303
2023-09-19 21:37:59 INFO     Training average positive_sample_loss at step 500: 0.669830
2023-09-19 21:37:59 INFO     Training average negative_sample_loss at step 500: 0.693146
2023-09-19 21:37:59 INFO     Training average loss at step 500: 0.681791
2023-09-19 21:38:02 INFO     Training average regularization at step 600: 0.000662
2023-09-19 21:38:02 INFO     Training average positive_sample_loss at step 600: 0.643709
2023-09-19 21:38:02 INFO     Training average negative_sample_loss at step 600: 0.693167
2023-09-19 21:38:02 INFO     Training average loss at step 600: 0.669100
2023-09-19 21:38:06 INFO     Training average regularization at step 700: 0.001182
2023-09-19 21:38:06 INFO     Training average positive_sample_loss at step 700: 0.600297
2023-09-19 21:38:06 INFO     Training average negative_sample_loss at step 700: 0.693224
2023-09-19 21:38:06 INFO     Training average loss at step 700: 0.647943
2023-09-19 21:38:09 INFO     Training average regularization at step 800: 0.002044
2023-09-19 21:38:09 INFO     Training average positive_sample_loss at step 800: 0.514614
2023-09-19 21:38:09 INFO     Training average negative_sample_loss at step 800: 0.693392
2023-09-19 21:38:09 INFO     Training average loss at step 800: 0.606047
2023-09-19 21:38:12 INFO     Training average regularization at step 900: 0.003200
2023-09-19 21:38:12 INFO     Training average positive_sample_loss at step 900: 0.456447
2023-09-19 21:38:12 INFO     Training average negative_sample_loss at step 900: 0.693808
2023-09-19 21:38:12 INFO     Training average loss at step 900: 0.578328
2023-09-19 21:38:16 INFO     Training average regularization at step 1000: 0.004465
2023-09-19 21:38:16 INFO     Training average positive_sample_loss at step 1000: 0.407635
2023-09-19 21:38:16 INFO     Training average negative_sample_loss at step 1000: 0.694374
2023-09-19 21:38:16 INFO     Training average loss at step 1000: 0.555469
2023-09-19 21:38:16 INFO     Evaluating on Valid Dataset...
2023-09-19 21:38:16 INFO     Evaluating the model... (0/759)
2023-09-19 21:39:16 INFO     Valid MRR at step 1000: 0.289844
2023-09-19 21:39:16 INFO     Valid MR at step 1000: 7844.841134
2023-09-19 21:39:16 INFO     Valid HITS@1 at step 1000: 0.236981
2023-09-19 21:39:16 INFO     Valid HITS@3 at step 1000: 0.325643
2023-09-19 21:39:16 INFO     Valid HITS@10 at step 1000: 0.390903
2023-09-19 21:39:19 INFO     Training average regularization at step 1100: 0.005830
2023-09-19 21:39:19 INFO     Training average positive_sample_loss at step 1100: 0.306439
2023-09-19 21:39:19 INFO     Training average negative_sample_loss at step 1100: 0.695242
2023-09-19 21:39:19 INFO     Training average loss at step 1100: 0.506671
2023-09-19 21:39:22 INFO     Training average regularization at step 1200: 0.007371
2023-09-19 21:39:22 INFO     Training average positive_sample_loss at step 1200: 0.250201
2023-09-19 21:39:22 INFO     Training average negative_sample_loss at step 1200: 0.696122
2023-09-19 21:39:22 INFO     Training average loss at step 1200: 0.480532
2023-09-19 21:39:25 INFO     Training average regularization at step 1300: 0.008894
2023-09-19 21:39:25 INFO     Training average positive_sample_loss at step 1300: 0.218782
2023-09-19 21:39:25 INFO     Training average negative_sample_loss at step 1300: 0.696809
2023-09-19 21:39:25 INFO     Training average loss at step 1300: 0.466690
2023-09-19 21:39:29 INFO     Training average regularization at step 1400: 0.010361
2023-09-19 21:39:29 INFO     Training average positive_sample_loss at step 1400: 0.169867
2023-09-19 21:39:29 INFO     Training average negative_sample_loss at step 1400: 0.696427
2023-09-19 21:39:29 INFO     Training average loss at step 1400: 0.443508
2023-09-19 21:39:32 INFO     Training average regularization at step 1500: 0.011730
2023-09-19 21:39:32 INFO     Training average positive_sample_loss at step 1500: 0.117845
2023-09-19 21:39:32 INFO     Training average negative_sample_loss at step 1500: 0.693928
2023-09-19 21:39:32 INFO     Training average loss at step 1500: 0.417617
2023-09-19 21:39:35 INFO     Training average regularization at step 1600: 0.013050
2023-09-19 21:39:35 INFO     Training average positive_sample_loss at step 1600: 0.106054
2023-09-19 21:39:35 INFO     Training average negative_sample_loss at step 1600: 0.688530
2023-09-19 21:39:35 INFO     Training average loss at step 1600: 0.410341
2023-09-19 21:39:38 INFO     Training average regularization at step 1700: 0.014363
2023-09-19 21:39:38 INFO     Training average positive_sample_loss at step 1700: 0.095301
2023-09-19 21:39:38 INFO     Training average negative_sample_loss at step 1700: 0.677330
2023-09-19 21:39:38 INFO     Training average loss at step 1700: 0.400679
2023-09-19 21:39:41 INFO     Training average regularization at step 1800: 0.015646
2023-09-19 21:39:41 INFO     Training average positive_sample_loss at step 1800: 0.061968
2023-09-19 21:39:41 INFO     Training average negative_sample_loss at step 1800: 0.652913
2023-09-19 21:39:41 INFO     Training average loss at step 1800: 0.373087
2023-09-19 21:39:44 INFO     Training average regularization at step 1900: 0.016994
2023-09-19 21:39:44 INFO     Training average positive_sample_loss at step 1900: 0.060682
2023-09-19 21:39:44 INFO     Training average negative_sample_loss at step 1900: 0.619978
2023-09-19 21:39:44 INFO     Training average loss at step 1900: 0.357324
2023-09-19 21:39:48 INFO     Training average regularization at step 2000: 0.018550
2023-09-19 21:39:48 INFO     Training average positive_sample_loss at step 2000: 0.060822
2023-09-19 21:39:48 INFO     Training average negative_sample_loss at step 2000: 0.575268
2023-09-19 21:39:48 INFO     Training average loss at step 2000: 0.336595
2023-09-19 21:39:48 INFO     Evaluating on Valid Dataset...
2023-09-19 21:39:48 INFO     Evaluating the model... (0/759)
2023-09-19 21:40:47 INFO     Valid MRR at step 2000: 0.345024
2023-09-19 21:40:47 INFO     Valid MR at step 2000: 5869.800264
2023-09-19 21:40:47 INFO     Valid HITS@1 at step 2000: 0.283125
2023-09-19 21:40:47 INFO     Valid HITS@3 at step 2000: 0.389914
2023-09-19 21:40:47 INFO     Valid HITS@10 at step 2000: 0.446935
2023-09-19 21:40:50 INFO     Training average regularization at step 2100: 0.020310
2023-09-19 21:40:50 INFO     Training average positive_sample_loss at step 2100: 0.051595
2023-09-19 21:40:50 INFO     Training average negative_sample_loss at step 2100: 0.514896
2023-09-19 21:40:50 INFO     Training average loss at step 2100: 0.303555
2023-09-19 21:40:53 INFO     Training average regularization at step 2200: 0.022168
2023-09-19 21:40:53 INFO     Training average positive_sample_loss at step 2200: 0.048091
2023-09-19 21:40:53 INFO     Training average negative_sample_loss at step 2200: 0.454235
2023-09-19 21:40:53 INFO     Training average loss at step 2200: 0.273331
2023-09-19 21:40:56 INFO     Training average regularization at step 2300: 0.024282
2023-09-19 21:40:56 INFO     Training average positive_sample_loss at step 2300: 0.052820
2023-09-19 21:40:56 INFO     Training average negative_sample_loss at step 2300: 0.395412
2023-09-19 21:40:56 INFO     Training average loss at step 2300: 0.248397
2023-09-19 21:40:59 INFO     Training average regularization at step 2400: 0.026607
2023-09-19 21:40:59 INFO     Training average positive_sample_loss at step 2400: 0.053506
2023-09-19 21:40:59 INFO     Training average negative_sample_loss at step 2400: 0.338889
2023-09-19 21:40:59 INFO     Training average loss at step 2400: 0.222804
2023-09-19 21:41:03 INFO     Training average regularization at step 2500: 0.028832
2023-09-19 21:41:03 INFO     Training average positive_sample_loss at step 2500: 0.042197
2023-09-19 21:41:03 INFO     Training average negative_sample_loss at step 2500: 0.283041
2023-09-19 21:41:03 INFO     Training average loss at step 2500: 0.191451
2023-09-19 21:41:06 INFO     Training average regularization at step 2600: 0.031082
2023-09-19 21:41:06 INFO     Training average positive_sample_loss at step 2600: 0.046065
2023-09-19 21:41:06 INFO     Training average negative_sample_loss at step 2600: 0.244850
2023-09-19 21:41:06 INFO     Training average loss at step 2600: 0.176540
2023-09-19 21:41:09 INFO     Training average regularization at step 2700: 0.033434
2023-09-19 21:41:09 INFO     Training average positive_sample_loss at step 2700: 0.049110
2023-09-19 21:41:09 INFO     Training average negative_sample_loss at step 2700: 0.210145
2023-09-19 21:41:09 INFO     Training average loss at step 2700: 0.163061
2023-09-19 21:41:12 INFO     Training average regularization at step 2800: 0.035662
2023-09-19 21:41:12 INFO     Training average positive_sample_loss at step 2800: 0.035968
2023-09-19 21:41:12 INFO     Training average negative_sample_loss at step 2800: 0.178010
2023-09-19 21:41:12 INFO     Training average loss at step 2800: 0.142651
2023-09-19 21:41:15 INFO     Training average regularization at step 2900: 0.037548
2023-09-19 21:41:15 INFO     Training average positive_sample_loss at step 2900: 0.035868
2023-09-19 21:41:15 INFO     Training average negative_sample_loss at step 2900: 0.152017
2023-09-19 21:41:15 INFO     Training average loss at step 2900: 0.131491
2023-09-19 21:41:18 INFO     Training average regularization at step 3000: 0.039539
2023-09-19 21:41:18 INFO     Training average positive_sample_loss at step 3000: 0.037734
2023-09-19 21:41:18 INFO     Training average negative_sample_loss at step 3000: 0.134654
2023-09-19 21:41:18 INFO     Training average loss at step 3000: 0.125733
2023-09-19 21:41:18 INFO     Evaluating on Valid Dataset...
2023-09-19 21:41:19 INFO     Evaluating the model... (0/759)
2023-09-19 21:42:25 INFO     Valid MRR at step 3000: 0.357870
2023-09-19 21:42:25 INFO     Valid MR at step 3000: 5228.242584
2023-09-19 21:42:25 INFO     Valid HITS@1 at step 3000: 0.297297
2023-09-19 21:42:25 INFO     Valid HITS@3 at step 3000: 0.403098
2023-09-19 21:42:25 INFO     Valid HITS@10 at step 3000: 0.456163
2023-09-19 21:42:29 INFO     Training average regularization at step 3100: 0.041514
2023-09-19 21:42:29 INFO     Training average positive_sample_loss at step 3100: 0.032986
2023-09-19 21:42:29 INFO     Training average negative_sample_loss at step 3100: 0.118949
2023-09-19 21:42:29 INFO     Training average loss at step 3100: 0.117482
2023-09-19 21:42:32 INFO     Training average regularization at step 3200: 0.042982
2023-09-19 21:42:32 INFO     Training average positive_sample_loss at step 3200: 0.026391
2023-09-19 21:42:32 INFO     Training average negative_sample_loss at step 3200: 0.102768
2023-09-19 21:42:32 INFO     Training average loss at step 3200: 0.107561
2023-09-19 21:42:35 INFO     Training average regularization at step 3300: 0.044455
2023-09-19 21:42:35 INFO     Training average positive_sample_loss at step 3300: 0.028913
2023-09-19 21:42:35 INFO     Training average negative_sample_loss at step 3300: 0.092513
2023-09-19 21:42:35 INFO     Training average loss at step 3300: 0.105168
2023-09-19 21:42:39 INFO     Training average regularization at step 3400: 0.046039
2023-09-19 21:42:39 INFO     Training average positive_sample_loss at step 3400: 0.029816
2023-09-19 21:42:39 INFO     Training average negative_sample_loss at step 3400: 0.084203
2023-09-19 21:42:39 INFO     Training average loss at step 3400: 0.103048
2023-09-19 21:42:42 INFO     Training average regularization at step 3500: 0.047288
2023-09-19 21:42:42 INFO     Training average positive_sample_loss at step 3500: 0.019979
2023-09-19 21:42:42 INFO     Training average negative_sample_loss at step 3500: 0.073891
2023-09-19 21:42:42 INFO     Training average loss at step 3500: 0.094223
2023-09-19 21:42:46 INFO     Training average regularization at step 3600: 0.048279
2023-09-19 21:42:46 INFO     Training average positive_sample_loss at step 3600: 0.022864
2023-09-19 21:42:46 INFO     Training average negative_sample_loss at step 3600: 0.067759
2023-09-19 21:42:46 INFO     Training average loss at step 3600: 0.093591
2023-09-19 21:42:49 INFO     Training average regularization at step 3700: 0.049444
2023-09-19 21:42:49 INFO     Training average positive_sample_loss at step 3700: 0.024063
2023-09-19 21:42:49 INFO     Training average negative_sample_loss at step 3700: 0.062248
2023-09-19 21:42:49 INFO     Training average loss at step 3700: 0.092600
2023-09-19 21:42:53 INFO     Training average regularization at step 3800: 0.050552
2023-09-19 21:42:53 INFO     Training average positive_sample_loss at step 3800: 0.019542
2023-09-19 21:42:53 INFO     Training average negative_sample_loss at step 3800: 0.057498
2023-09-19 21:42:53 INFO     Training average loss at step 3800: 0.089072
2023-09-19 21:42:56 INFO     Training average regularization at step 3900: 0.051175
2023-09-19 21:42:56 INFO     Training average positive_sample_loss at step 3900: 0.018441
2023-09-19 21:42:56 INFO     Training average negative_sample_loss at step 3900: 0.052294
2023-09-19 21:42:56 INFO     Training average loss at step 3900: 0.086543
2023-09-19 21:42:59 INFO     Training average regularization at step 4000: 0.051971
2023-09-19 21:42:59 INFO     Training average positive_sample_loss at step 4000: 0.020134
2023-09-19 21:42:59 INFO     Training average negative_sample_loss at step 4000: 0.048837
2023-09-19 21:42:59 INFO     Training average loss at step 4000: 0.086456
2023-09-19 21:42:59 INFO     Evaluating on Valid Dataset...
2023-09-19 21:42:59 INFO     Evaluating the model... (0/759)
2023-09-19 21:44:07 INFO     Valid MRR at step 4000: 0.406987
2023-09-19 21:44:07 INFO     Valid MR at step 4000: 4759.963085
2023-09-19 21:44:07 INFO     Valid HITS@1 at step 4000: 0.363546
2023-09-19 21:44:07 INFO     Valid HITS@3 at step 4000: 0.438695
2023-09-19 21:44:07 INFO     Valid HITS@10 at step 4000: 0.472643
2023-09-19 21:44:10 INFO     Training average regularization at step 4100: 0.052880
2023-09-19 21:44:10 INFO     Training average positive_sample_loss at step 4100: 0.019494
2023-09-19 21:44:10 INFO     Training average negative_sample_loss at step 4100: 0.046988
2023-09-19 21:44:10 INFO     Training average loss at step 4100: 0.086121
2023-09-19 21:44:14 INFO     Training average regularization at step 4200: 0.053343
2023-09-19 21:44:14 INFO     Training average positive_sample_loss at step 4200: 0.015077
2023-09-19 21:44:14 INFO     Training average negative_sample_loss at step 4200: 0.042288
2023-09-19 21:44:14 INFO     Training average loss at step 4200: 0.082026
2023-09-19 21:44:17 INFO     Training average regularization at step 4300: 0.053786
2023-09-19 21:44:17 INFO     Training average positive_sample_loss at step 4300: 0.017527
2023-09-19 21:44:17 INFO     Training average negative_sample_loss at step 4300: 0.040525
2023-09-19 21:44:17 INFO     Training average loss at step 4300: 0.082812
2023-09-19 21:44:21 INFO     Training average regularization at step 4400: 0.054485
2023-09-19 21:44:21 INFO     Training average positive_sample_loss at step 4400: 0.018700
2023-09-19 21:44:21 INFO     Training average negative_sample_loss at step 4400: 0.039180
2023-09-19 21:44:21 INFO     Training average loss at step 4400: 0.083425
2023-09-19 21:44:24 INFO     Training average regularization at step 4500: 0.055009
2023-09-19 21:44:24 INFO     Training average positive_sample_loss at step 4500: 0.014044
2023-09-19 21:44:24 INFO     Training average negative_sample_loss at step 4500: 0.036992
2023-09-19 21:44:24 INFO     Training average loss at step 4500: 0.080527
2023-09-19 21:44:27 INFO     Training average regularization at step 4600: 0.055150
2023-09-19 21:44:27 INFO     Training average positive_sample_loss at step 4600: 0.015274
2023-09-19 21:44:27 INFO     Training average negative_sample_loss at step 4600: 0.035097
2023-09-19 21:44:27 INFO     Training average loss at step 4600: 0.080335
2023-09-19 21:44:31 INFO     Training average regularization at step 4700: 0.055594
2023-09-19 21:44:31 INFO     Training average positive_sample_loss at step 4700: 0.016658
2023-09-19 21:44:31 INFO     Training average negative_sample_loss at step 4700: 0.033270
2023-09-19 21:44:31 INFO     Training average loss at step 4700: 0.080559
2023-09-19 21:44:34 INFO     Training average regularization at step 4800: 0.056090
2023-09-19 21:44:34 INFO     Training average positive_sample_loss at step 4800: 0.014725
2023-09-19 21:44:34 INFO     Training average negative_sample_loss at step 4800: 0.032864
2023-09-19 21:44:34 INFO     Training average loss at step 4800: 0.079884
2023-09-19 21:44:37 INFO     Training average regularization at step 4900: 0.056059
2023-09-19 21:44:37 INFO     Training average positive_sample_loss at step 4900: 0.013303
2023-09-19 21:44:37 INFO     Training average negative_sample_loss at step 4900: 0.030943
2023-09-19 21:44:37 INFO     Training average loss at step 4900: 0.078182
2023-09-19 21:44:40 INFO     Change learning_rate to 0.000100 at step 5000
2023-09-19 21:44:40 INFO     Training average regularization at step 5000: 0.056283
2023-09-19 21:44:40 INFO     Training average positive_sample_loss at step 5000: 0.015355
2023-09-19 21:44:40 INFO     Training average negative_sample_loss at step 5000: 0.030128
2023-09-19 21:44:40 INFO     Training average loss at step 5000: 0.079024
2023-09-19 21:44:40 INFO     Evaluating on Valid Dataset...
2023-09-19 21:44:41 INFO     Evaluating the model... (0/759)
2023-09-19 21:45:49 INFO     Valid MRR at step 5000: 0.425013
2023-09-19 21:45:49 INFO     Valid MR at step 5000: 4623.876401
2023-09-19 21:45:49 INFO     Valid HITS@1 at step 5000: 0.390244
2023-09-19 21:45:49 INFO     Valid HITS@3 at step 5000: 0.445616
2023-09-19 21:45:49 INFO     Valid HITS@10 at step 5000: 0.482531
2023-09-19 21:45:53 INFO     Training average regularization at step 5100: 0.055971
2023-09-19 21:45:53 INFO     Training average positive_sample_loss at step 5100: 0.017470
2023-09-19 21:45:53 INFO     Training average negative_sample_loss at step 5100: 0.029879
2023-09-19 21:45:53 INFO     Training average loss at step 5100: 0.079645
2023-09-19 21:45:56 INFO     Training average regularization at step 5200: 0.055559
2023-09-19 21:45:56 INFO     Training average positive_sample_loss at step 5200: 0.013609
2023-09-19 21:45:56 INFO     Training average negative_sample_loss at step 5200: 0.028763
2023-09-19 21:45:56 INFO     Training average loss at step 5200: 0.076745
2023-09-19 21:45:59 INFO     Training average regularization at step 5300: 0.055403
2023-09-19 21:45:59 INFO     Training average positive_sample_loss at step 5300: 0.014386
2023-09-19 21:45:59 INFO     Training average negative_sample_loss at step 5300: 0.028456
2023-09-19 21:45:59 INFO     Training average loss at step 5300: 0.076824
2023-09-19 21:46:02 INFO     Training average regularization at step 5400: 0.055375
2023-09-19 21:46:02 INFO     Training average positive_sample_loss at step 5400: 0.015347
2023-09-19 21:46:02 INFO     Training average negative_sample_loss at step 5400: 0.028467
2023-09-19 21:46:02 INFO     Training average loss at step 5400: 0.077282
2023-09-19 21:46:05 INFO     Training average regularization at step 5500: 0.055416
2023-09-19 21:46:05 INFO     Training average positive_sample_loss at step 5500: 0.014578
2023-09-19 21:46:05 INFO     Training average negative_sample_loss at step 5500: 0.028304
2023-09-19 21:46:05 INFO     Training average loss at step 5500: 0.076857
2023-09-19 21:46:08 INFO     Training average regularization at step 5600: 0.055436
2023-09-19 21:46:08 INFO     Training average positive_sample_loss at step 5600: 0.014189
2023-09-19 21:46:08 INFO     Training average negative_sample_loss at step 5600: 0.028070
2023-09-19 21:46:08 INFO     Training average loss at step 5600: 0.076566
2023-09-19 21:46:12 INFO     Training average regularization at step 5700: 0.055464
2023-09-19 21:46:12 INFO     Training average positive_sample_loss at step 5700: 0.014376
2023-09-19 21:46:12 INFO     Training average negative_sample_loss at step 5700: 0.028011
2023-09-19 21:46:12 INFO     Training average loss at step 5700: 0.076657
2023-09-19 21:46:15 INFO     Training average regularization at step 5800: 0.055513
2023-09-19 21:46:15 INFO     Training average positive_sample_loss at step 5800: 0.014411
2023-09-19 21:46:15 INFO     Training average negative_sample_loss at step 5800: 0.027705
2023-09-19 21:46:15 INFO     Training average loss at step 5800: 0.076571
2023-09-19 21:46:19 INFO     Training average regularization at step 5900: 0.055543
2023-09-19 21:46:19 INFO     Training average positive_sample_loss at step 5900: 0.013854
2023-09-19 21:46:19 INFO     Training average negative_sample_loss at step 5900: 0.027780
2023-09-19 21:46:19 INFO     Training average loss at step 5900: 0.076360
2023-09-19 21:46:23 INFO     Training average regularization at step 6000: 0.055570
2023-09-19 21:46:23 INFO     Training average positive_sample_loss at step 6000: 0.014014
2023-09-19 21:46:23 INFO     Training average negative_sample_loss at step 6000: 0.027447
2023-09-19 21:46:23 INFO     Training average loss at step 6000: 0.076301
2023-09-19 21:46:23 INFO     Evaluating on Valid Dataset...
2023-09-19 21:46:23 INFO     Evaluating the model... (0/759)
2023-09-19 21:47:30 INFO     Valid MRR at step 6000: 0.423022
2023-09-19 21:47:30 INFO     Valid MR at step 6000: 4592.466051
2023-09-19 21:47:30 INFO     Valid HITS@1 at step 6000: 0.385630
2023-09-19 21:47:30 INFO     Valid HITS@3 at step 6000: 0.446605
2023-09-19 21:47:30 INFO     Valid HITS@10 at step 6000: 0.483191
2023-09-19 21:47:33 INFO     Training average regularization at step 6100: 0.055611
2023-09-19 21:47:33 INFO     Training average positive_sample_loss at step 6100: 0.014380
2023-09-19 21:47:33 INFO     Training average negative_sample_loss at step 6100: 0.027446
2023-09-19 21:47:33 INFO     Training average loss at step 6100: 0.076524
2023-09-19 21:47:37 INFO     Training average regularization at step 6200: 0.055655
2023-09-19 21:47:37 INFO     Training average positive_sample_loss at step 6200: 0.013683
2023-09-19 21:47:37 INFO     Training average negative_sample_loss at step 6200: 0.027261
2023-09-19 21:47:37 INFO     Training average loss at step 6200: 0.076127
2023-09-19 21:47:40 INFO     Training average regularization at step 6300: 0.055676
2023-09-19 21:47:40 INFO     Training average positive_sample_loss at step 6300: 0.013707
2023-09-19 21:47:40 INFO     Training average negative_sample_loss at step 6300: 0.026881
2023-09-19 21:47:40 INFO     Training average loss at step 6300: 0.075969
2023-09-19 21:47:44 INFO     Training average regularization at step 6400: 0.055707
2023-09-19 21:47:44 INFO     Training average positive_sample_loss at step 6400: 0.013950
2023-09-19 21:47:44 INFO     Training average negative_sample_loss at step 6400: 0.027013
2023-09-19 21:47:44 INFO     Training average loss at step 6400: 0.076188
2023-09-19 21:47:47 INFO     Training average regularization at step 6500: 0.055749
2023-09-19 21:47:47 INFO     Training average positive_sample_loss at step 6500: 0.013736
2023-09-19 21:47:47 INFO     Training average negative_sample_loss at step 6500: 0.027067
2023-09-19 21:47:47 INFO     Training average loss at step 6500: 0.076151
2023-09-19 21:47:50 INFO     Training average regularization at step 6600: 0.055765
2023-09-19 21:47:50 INFO     Training average positive_sample_loss at step 6600: 0.013477
2023-09-19 21:47:50 INFO     Training average negative_sample_loss at step 6600: 0.026755
2023-09-19 21:47:50 INFO     Training average loss at step 6600: 0.075882
2023-09-19 21:47:54 INFO     Training average regularization at step 6700: 0.055791
2023-09-19 21:47:54 INFO     Training average positive_sample_loss at step 6700: 0.013770
2023-09-19 21:47:54 INFO     Training average negative_sample_loss at step 6700: 0.026697
2023-09-19 21:47:54 INFO     Training average loss at step 6700: 0.076025
2023-09-19 21:47:57 INFO     Training average regularization at step 6800: 0.055830
2023-09-19 21:47:57 INFO     Training average positive_sample_loss at step 6800: 0.013900
2023-09-19 21:47:57 INFO     Training average negative_sample_loss at step 6800: 0.026400
2023-09-19 21:47:57 INFO     Training average loss at step 6800: 0.075980
2023-09-19 21:48:00 INFO     Training average regularization at step 6900: 0.055854
2023-09-19 21:48:00 INFO     Training average positive_sample_loss at step 6900: 0.013067
2023-09-19 21:48:00 INFO     Training average negative_sample_loss at step 6900: 0.026197
2023-09-19 21:48:00 INFO     Training average loss at step 6900: 0.075485
2023-09-19 21:48:04 INFO     Training average regularization at step 7000: 0.055866
2023-09-19 21:48:04 INFO     Training average positive_sample_loss at step 7000: 0.013389
2023-09-19 21:48:04 INFO     Training average negative_sample_loss at step 7000: 0.026493
2023-09-19 21:48:04 INFO     Training average loss at step 7000: 0.075807
2023-09-19 21:48:04 INFO     Evaluating on Valid Dataset...
2023-09-19 21:48:04 INFO     Evaluating the model... (0/759)
2023-09-19 21:49:10 INFO     Valid MRR at step 7000: 0.425240
2023-09-19 21:49:10 INFO     Valid MR at step 7000: 4588.477587
2023-09-19 21:49:10 INFO     Valid HITS@1 at step 7000: 0.388596
2023-09-19 21:49:10 INFO     Valid HITS@3 at step 7000: 0.447924
2023-09-19 21:49:10 INFO     Valid HITS@10 at step 7000: 0.484179
2023-09-19 21:49:13 INFO     Training average regularization at step 7100: 0.055892
2023-09-19 21:49:13 INFO     Training average positive_sample_loss at step 7100: 0.013825
2023-09-19 21:49:13 INFO     Training average negative_sample_loss at step 7100: 0.026240
2023-09-19 21:49:13 INFO     Training average loss at step 7100: 0.075924
2023-09-19 21:49:17 INFO     Training average regularization at step 7200: 0.055926
2023-09-19 21:49:17 INFO     Training average positive_sample_loss at step 7200: 0.013110
2023-09-19 21:49:17 INFO     Training average negative_sample_loss at step 7200: 0.025922
2023-09-19 21:49:17 INFO     Training average loss at step 7200: 0.075442
2023-09-19 21:49:20 INFO     Training average regularization at step 7300: 0.055930
2023-09-19 21:49:20 INFO     Training average positive_sample_loss at step 7300: 0.013290
2023-09-19 21:49:20 INFO     Training average negative_sample_loss at step 7300: 0.025972
2023-09-19 21:49:20 INFO     Training average loss at step 7300: 0.075561
2023-09-19 21:49:23 INFO     Training average regularization at step 7400: 0.055952
2023-09-19 21:49:23 INFO     Training average positive_sample_loss at step 7400: 0.013509
2023-09-19 21:49:23 INFO     Training average negative_sample_loss at step 7400: 0.025905
2023-09-19 21:49:23 INFO     Training average loss at step 7400: 0.075658
2023-09-19 21:49:27 INFO     Training average regularization at step 7500: 0.055983
2023-09-19 21:49:27 INFO     Training average positive_sample_loss at step 7500: 0.013476
2023-09-19 21:49:27 INFO     Training average negative_sample_loss at step 7500: 0.025844
2023-09-19 21:49:27 INFO     Training average loss at step 7500: 0.075643
2023-09-19 21:49:30 INFO     Training average regularization at step 7600: 0.055991
2023-09-19 21:49:30 INFO     Training average positive_sample_loss at step 7600: 0.012896
2023-09-19 21:49:30 INFO     Training average negative_sample_loss at step 7600: 0.025545
2023-09-19 21:49:30 INFO     Training average loss at step 7600: 0.075211
2023-09-19 21:49:33 INFO     Training average regularization at step 7700: 0.055998
2023-09-19 21:49:33 INFO     Training average positive_sample_loss at step 7700: 0.013227
2023-09-19 21:49:33 INFO     Training average negative_sample_loss at step 7700: 0.025387
2023-09-19 21:49:33 INFO     Training average loss at step 7700: 0.075306
2023-09-19 21:49:36 INFO     Training average regularization at step 7800: 0.056022
2023-09-19 21:49:36 INFO     Training average positive_sample_loss at step 7800: 0.013558
2023-09-19 21:49:36 INFO     Training average negative_sample_loss at step 7800: 0.025499
2023-09-19 21:49:36 INFO     Training average loss at step 7800: 0.075551
2023-09-19 21:49:40 INFO     Training average regularization at step 7900: 0.056049
2023-09-19 21:49:40 INFO     Training average positive_sample_loss at step 7900: 0.012944
2023-09-19 21:49:40 INFO     Training average negative_sample_loss at step 7900: 0.025500
2023-09-19 21:49:40 INFO     Training average loss at step 7900: 0.075271
2023-09-19 21:49:43 INFO     Training average regularization at step 8000: 0.056050
2023-09-19 21:49:43 INFO     Training average positive_sample_loss at step 8000: 0.013047
2023-09-19 21:49:43 INFO     Training average negative_sample_loss at step 8000: 0.025293
2023-09-19 21:49:43 INFO     Training average loss at step 8000: 0.075220
2023-09-19 21:49:43 INFO     Evaluating on Valid Dataset...
2023-09-19 21:49:44 INFO     Evaluating the model... (0/759)
2023-09-19 21:50:44 INFO     Valid MRR at step 8000: 0.427524
2023-09-19 21:50:44 INFO     Valid MR at step 8000: 4584.115689
2023-09-19 21:50:44 INFO     Valid HITS@1 at step 8000: 0.391892
2023-09-19 21:50:44 INFO     Valid HITS@3 at step 8000: 0.448912
2023-09-19 21:50:44 INFO     Valid HITS@10 at step 8000: 0.485827
2023-09-19 21:50:47 INFO     Training average regularization at step 8100: 0.056065
2023-09-19 21:50:47 INFO     Training average positive_sample_loss at step 8100: 0.013349
2023-09-19 21:50:47 INFO     Training average negative_sample_loss at step 8100: 0.025042
2023-09-19 21:50:47 INFO     Training average loss at step 8100: 0.075261
2023-09-19 21:50:50 INFO     Training average regularization at step 8200: 0.056091
2023-09-19 21:50:50 INFO     Training average positive_sample_loss at step 8200: 0.013168
2023-09-19 21:50:50 INFO     Training average negative_sample_loss at step 8200: 0.025431
2023-09-19 21:50:50 INFO     Training average loss at step 8200: 0.075391
2023-09-19 21:50:53 INFO     Training average regularization at step 8300: 0.056092
2023-09-19 21:50:53 INFO     Training average positive_sample_loss at step 8300: 0.012850
2023-09-19 21:50:53 INFO     Training average negative_sample_loss at step 8300: 0.025070
2023-09-19 21:50:53 INFO     Training average loss at step 8300: 0.075052
2023-09-19 21:50:56 INFO     Training average regularization at step 8400: 0.056099
2023-09-19 21:50:56 INFO     Training average positive_sample_loss at step 8400: 0.013190
2023-09-19 21:50:56 INFO     Training average negative_sample_loss at step 8400: 0.024800
2023-09-19 21:50:56 INFO     Training average loss at step 8400: 0.075094
2023-09-19 21:51:00 INFO     Training average regularization at step 8500: 0.056123
2023-09-19 21:51:00 INFO     Training average positive_sample_loss at step 8500: 0.013321
2023-09-19 21:51:00 INFO     Training average negative_sample_loss at step 8500: 0.024883
2023-09-19 21:51:00 INFO     Training average loss at step 8500: 0.075225
2023-09-19 21:51:03 INFO     Training average regularization at step 8600: 0.056133
2023-09-19 21:51:03 INFO     Training average positive_sample_loss at step 8600: 0.012667
2023-09-19 21:51:03 INFO     Training average negative_sample_loss at step 8600: 0.024982
2023-09-19 21:51:03 INFO     Training average loss at step 8600: 0.074957
2023-09-19 21:51:06 INFO     Training average regularization at step 8700: 0.056130
2023-09-19 21:51:06 INFO     Training average positive_sample_loss at step 8700: 0.012920
2023-09-19 21:51:06 INFO     Training average negative_sample_loss at step 8700: 0.024599
2023-09-19 21:51:06 INFO     Training average loss at step 8700: 0.074890
2023-09-19 21:51:09 INFO     Training average regularization at step 8800: 0.056144
2023-09-19 21:51:09 INFO     Training average positive_sample_loss at step 8800: 0.013177
2023-09-19 21:51:09 INFO     Training average negative_sample_loss at step 8800: 0.024652
2023-09-19 21:51:09 INFO     Training average loss at step 8800: 0.075059
2023-09-19 21:51:12 INFO     Training average regularization at step 8900: 0.056161
2023-09-19 21:51:12 INFO     Training average positive_sample_loss at step 8900: 0.012694
2023-09-19 21:51:12 INFO     Training average negative_sample_loss at step 8900: 0.024487
2023-09-19 21:51:12 INFO     Training average loss at step 8900: 0.074752
2023-09-19 21:51:15 INFO     Training average regularization at step 9000: 0.056153
2023-09-19 21:51:15 INFO     Training average positive_sample_loss at step 9000: 0.012740
2023-09-19 21:51:15 INFO     Training average negative_sample_loss at step 9000: 0.024346
2023-09-19 21:51:15 INFO     Training average loss at step 9000: 0.074696
2023-09-19 21:51:15 INFO     Evaluating on Valid Dataset...
2023-09-19 21:51:16 INFO     Evaluating the model... (0/759)
2023-09-19 21:52:16 INFO     Valid MRR at step 9000: 0.429112
2023-09-19 21:52:16 INFO     Valid MR at step 9000: 4575.268952
2023-09-19 21:52:16 INFO     Valid HITS@1 at step 9000: 0.393869
2023-09-19 21:52:16 INFO     Valid HITS@3 at step 9000: 0.448912
2023-09-19 21:52:16 INFO     Valid HITS@10 at step 9000: 0.485827
2023-09-19 21:52:19 INFO     Training average regularization at step 9100: 0.056158
2023-09-19 21:52:19 INFO     Training average positive_sample_loss at step 9100: 0.013065
2023-09-19 21:52:19 INFO     Training average negative_sample_loss at step 9100: 0.024584
2023-09-19 21:52:19 INFO     Training average loss at step 9100: 0.074983
2023-09-19 21:52:22 INFO     Training average regularization at step 9200: 0.056179
2023-09-19 21:52:22 INFO     Training average positive_sample_loss at step 9200: 0.013054
2023-09-19 21:52:22 INFO     Training average negative_sample_loss at step 9200: 0.024324
2023-09-19 21:52:22 INFO     Training average loss at step 9200: 0.074868
2023-09-19 21:52:25 INFO     Training average regularization at step 9300: 0.056178
2023-09-19 21:52:25 INFO     Training average positive_sample_loss at step 9300: 0.012588
2023-09-19 21:52:25 INFO     Training average negative_sample_loss at step 9300: 0.024369
2023-09-19 21:52:25 INFO     Training average loss at step 9300: 0.074656
2023-09-19 21:52:28 INFO     Training average regularization at step 9400: 0.056175
2023-09-19 21:52:28 INFO     Training average positive_sample_loss at step 9400: 0.012773
2023-09-19 21:52:28 INFO     Training average negative_sample_loss at step 9400: 0.024000
2023-09-19 21:52:28 INFO     Training average loss at step 9400: 0.074561
2023-09-19 21:52:31 INFO     Training average regularization at step 9500: 0.056188
2023-09-19 21:52:31 INFO     Training average positive_sample_loss at step 9500: 0.013213
2023-09-19 21:52:31 INFO     Training average negative_sample_loss at step 9500: 0.024280
2023-09-19 21:52:31 INFO     Training average loss at step 9500: 0.074934
2023-09-19 21:52:34 INFO     Training average regularization at step 9600: 0.056202
2023-09-19 21:52:34 INFO     Training average positive_sample_loss at step 9600: 0.012551
2023-09-19 21:52:34 INFO     Training average negative_sample_loss at step 9600: 0.024112
2023-09-19 21:52:34 INFO     Training average loss at step 9600: 0.074534
2023-09-19 21:52:37 INFO     Training average regularization at step 9700: 0.056190
2023-09-19 21:52:37 INFO     Training average positive_sample_loss at step 9700: 0.012624
2023-09-19 21:52:37 INFO     Training average negative_sample_loss at step 9700: 0.023999
2023-09-19 21:52:37 INFO     Training average loss at step 9700: 0.074501
2023-09-19 21:52:40 INFO     Training average regularization at step 9800: 0.056194
2023-09-19 21:52:40 INFO     Training average positive_sample_loss at step 9800: 0.013015
2023-09-19 21:52:40 INFO     Training average negative_sample_loss at step 9800: 0.023975
2023-09-19 21:52:40 INFO     Training average loss at step 9800: 0.074689
2023-09-19 21:52:44 INFO     Training average regularization at step 9900: 0.056214
2023-09-19 21:52:44 INFO     Training average positive_sample_loss at step 9900: 0.012803
2023-09-19 21:52:44 INFO     Training average negative_sample_loss at step 9900: 0.023931
2023-09-19 21:52:44 INFO     Training average loss at step 9900: 0.074581
2023-09-19 21:52:47 INFO     Evaluating on Valid Dataset...
2023-09-19 21:52:48 INFO     Evaluating the model... (0/759)
2023-09-19 21:53:49 INFO     Valid MRR at step 9999: 0.429619
2023-09-19 21:53:49 INFO     Valid MR at step 9999: 4570.559987
2023-09-19 21:53:49 INFO     Valid HITS@1 at step 9999: 0.394199
2023-09-19 21:53:49 INFO     Valid HITS@3 at step 9999: 0.450231
2023-09-19 21:53:49 INFO     Valid HITS@10 at step 9999: 0.488464
2023-09-19 21:53:49 INFO     Evaluating on Test Dataset...
2023-09-19 21:53:50 INFO     Evaluating the model... (0/784)
2023-09-19 21:54:46 INFO     Test MRR at step 9999: 0.433259
2023-09-19 21:54:46 INFO     Test MR at step 9999: 4504.683472
2023-09-19 21:54:46 INFO     Test HITS@1 at step 9999: 0.398532
2023-09-19 21:54:46 INFO     Test HITS@3 at step 9999: 0.452138
2023-09-19 21:54:46 INFO     Test HITS@10 at step 9999: 0.489151
