2023-09-19 21:23:48 INFO     Model: TransE
2023-09-19 21:23:48 INFO     Data Path: data/nell
2023-09-19 21:23:48 INFO     #entity: 75492
2023-09-19 21:23:48 INFO     #relation: 200
2023-09-19 21:23:48 INFO     #train: 149678
2023-09-19 21:23:48 INFO     #valid: 543
2023-09-19 21:23:48 INFO     #test: 3992
2023-09-19 21:23:48 INFO     Model Parameter Configuration:
2023-09-19 21:23:48 INFO     Parameter gamma: torch.Size([1]), require_grad = False
2023-09-19 21:23:48 INFO     Parameter embedding_range: torch.Size([1]), require_grad = False
2023-09-19 21:23:48 INFO     Parameter entity_embedding: torch.Size([75492, 100]), require_grad = True
2023-09-19 21:23:48 INFO     Parameter relation_embedding: torch.Size([200, 100]), require_grad = True
2023-09-19 21:23:54 INFO     Ramdomly Initializing TransE Model...
2023-09-19 21:23:54 INFO     Start Training...
2023-09-19 21:23:54 INFO     init_step = 0
2023-09-19 21:23:54 INFO     batch_size = 256
2023-09-19 21:23:54 INFO     negative_adversarial_sampling = 0
2023-09-19 21:23:54 INFO     hidden_dim = 100
2023-09-19 21:23:54 INFO     gamma = 1.000000
2023-09-19 21:23:54 INFO     negative_adversarial_sampling = False
2023-09-19 21:23:54 INFO     learning_rate = 0
2023-09-19 21:23:55 INFO     Training average regularization at step 0: 0.000051
2023-09-19 21:23:55 INFO     Training average positive_sample_loss at step 0: 1.653940
2023-09-19 21:23:55 INFO     Training average negative_sample_loss at step 0: 0.212828
2023-09-19 21:23:55 INFO     Training average loss at step 0: 0.933435
2023-09-19 21:23:55 INFO     Evaluating on Valid Dataset...
2023-09-19 21:23:55 INFO     Evaluating the model... (0/136)
2023-09-19 21:24:17 INFO     Valid MRR at step 0: 0.000112
2023-09-19 21:24:17 INFO     Valid MR at step 0: 33450.071823
2023-09-19 21:24:17 INFO     Valid HITS@1 at step 0: 0.000000
2023-09-19 21:24:17 INFO     Valid HITS@3 at step 0: 0.000000
2023-09-19 21:24:17 INFO     Valid HITS@10 at step 0: 0.000000
2023-09-19 21:24:20 INFO     Training average regularization at step 100: 0.000257
2023-09-19 21:24:20 INFO     Training average positive_sample_loss at step 100: 2.056509
2023-09-19 21:24:20 INFO     Training average negative_sample_loss at step 100: 0.127436
2023-09-19 21:24:20 INFO     Training average loss at step 100: 1.092230
2023-09-19 21:24:24 INFO     Training average regularization at step 200: 0.000650
2023-09-19 21:24:24 INFO     Training average positive_sample_loss at step 200: 2.725242
2023-09-19 21:24:24 INFO     Training average negative_sample_loss at step 200: 0.065486
2023-09-19 21:24:24 INFO     Training average loss at step 200: 1.396014
2023-09-19 21:24:27 INFO     Training average regularization at step 300: 0.000814
2023-09-19 21:24:27 INFO     Training average positive_sample_loss at step 300: 2.921981
2023-09-19 21:24:27 INFO     Training average negative_sample_loss at step 300: 0.067763
2023-09-19 21:24:27 INFO     Training average loss at step 300: 1.495686
2023-09-19 21:24:31 INFO     Training average regularization at step 400: 0.000828
2023-09-19 21:24:31 INFO     Training average positive_sample_loss at step 400: 2.961972
2023-09-19 21:24:31 INFO     Training average negative_sample_loss at step 400: 0.074647
2023-09-19 21:24:31 INFO     Training average loss at step 400: 1.519137
2023-09-19 21:24:34 INFO     Training average regularization at step 500: 0.000754
2023-09-19 21:24:34 INFO     Training average positive_sample_loss at step 500: 2.937812
2023-09-19 21:24:34 INFO     Training average negative_sample_loss at step 500: 0.082983
2023-09-19 21:24:34 INFO     Training average loss at step 500: 1.511152
2023-09-19 21:24:38 INFO     Training average regularization at step 600: 0.000636
2023-09-19 21:24:38 INFO     Training average positive_sample_loss at step 600: 2.668535
2023-09-19 21:24:38 INFO     Training average negative_sample_loss at step 600: 0.094662
2023-09-19 21:24:38 INFO     Training average loss at step 600: 1.382235
2023-09-19 21:24:42 INFO     Training average regularization at step 700: 0.000563
2023-09-19 21:24:42 INFO     Training average positive_sample_loss at step 700: 1.634575
2023-09-19 21:24:42 INFO     Training average negative_sample_loss at step 700: 0.117323
2023-09-19 21:24:42 INFO     Training average loss at step 700: 0.876512
2023-09-19 21:24:45 INFO     Training average regularization at step 800: 0.000532
2023-09-19 21:24:46 INFO     Training average positive_sample_loss at step 800: 1.625740
2023-09-19 21:24:46 INFO     Training average negative_sample_loss at step 800: 0.127186
2023-09-19 21:24:46 INFO     Training average loss at step 800: 0.876995
2023-09-19 21:24:49 INFO     Training average regularization at step 900: 0.000498
2023-09-19 21:24:49 INFO     Training average positive_sample_loss at step 900: 1.629098
2023-09-19 21:24:49 INFO     Training average negative_sample_loss at step 900: 0.135597
2023-09-19 21:24:49 INFO     Training average loss at step 900: 0.882846
2023-09-19 21:24:53 INFO     Training average regularization at step 1000: 0.000463
2023-09-19 21:24:53 INFO     Training average positive_sample_loss at step 1000: 1.626225
2023-09-19 21:24:53 INFO     Training average negative_sample_loss at step 1000: 0.142975
2023-09-19 21:24:53 INFO     Training average loss at step 1000: 0.885063
2023-09-19 21:24:53 INFO     Evaluating on Valid Dataset...
2023-09-19 21:24:54 INFO     Evaluating the model... (0/136)
2023-09-19 21:25:15 INFO     Valid MRR at step 1000: 0.084401
2023-09-19 21:25:15 INFO     Valid MR at step 1000: 9547.252302
2023-09-19 21:25:15 INFO     Valid HITS@1 at step 1000: 0.005525
2023-09-19 21:25:15 INFO     Valid HITS@3 at step 1000: 0.141805
2023-09-19 21:25:15 INFO     Valid HITS@10 at step 1000: 0.208103
2023-09-19 21:25:18 INFO     Training average regularization at step 1100: 0.000425
2023-09-19 21:25:18 INFO     Training average positive_sample_loss at step 1100: 1.624787
2023-09-19 21:25:18 INFO     Training average negative_sample_loss at step 1100: 0.150172
2023-09-19 21:25:18 INFO     Training average loss at step 1100: 0.887905
2023-09-19 21:25:22 INFO     Training average regularization at step 1200: 0.000388
2023-09-19 21:25:22 INFO     Training average positive_sample_loss at step 1200: 1.445580
2023-09-19 21:25:22 INFO     Training average negative_sample_loss at step 1200: 0.160973
2023-09-19 21:25:22 INFO     Training average loss at step 1200: 0.803665
2023-09-19 21:25:26 INFO     Training average regularization at step 1300: 0.000375
2023-09-19 21:25:26 INFO     Training average positive_sample_loss at step 1300: 1.120730
2023-09-19 21:25:26 INFO     Training average negative_sample_loss at step 1300: 0.171886
2023-09-19 21:25:26 INFO     Training average loss at step 1300: 0.646683
2023-09-19 21:25:29 INFO     Training average regularization at step 1400: 0.000370
2023-09-19 21:25:29 INFO     Training average positive_sample_loss at step 1400: 1.138805
2023-09-19 21:25:29 INFO     Training average negative_sample_loss at step 1400: 0.172613
2023-09-19 21:25:29 INFO     Training average loss at step 1400: 0.656078
2023-09-19 21:25:33 INFO     Training average regularization at step 1500: 0.000363
2023-09-19 21:25:33 INFO     Training average positive_sample_loss at step 1500: 1.159804
2023-09-19 21:25:33 INFO     Training average negative_sample_loss at step 1500: 0.171758
2023-09-19 21:25:33 INFO     Training average loss at step 1500: 0.666143
2023-09-19 21:25:37 INFO     Training average regularization at step 1600: 0.000353
2023-09-19 21:25:37 INFO     Training average positive_sample_loss at step 1600: 1.168916
2023-09-19 21:25:37 INFO     Training average negative_sample_loss at step 1600: 0.172759
2023-09-19 21:25:37 INFO     Training average loss at step 1600: 0.671191
2023-09-19 21:25:40 INFO     Training average regularization at step 1700: 0.000342
2023-09-19 21:25:40 INFO     Training average positive_sample_loss at step 1700: 1.194842
2023-09-19 21:25:40 INFO     Training average negative_sample_loss at step 1700: 0.170715
2023-09-19 21:25:40 INFO     Training average loss at step 1700: 0.683121
2023-09-19 21:25:44 INFO     Training average regularization at step 1800: 0.000331
2023-09-19 21:25:44 INFO     Training average positive_sample_loss at step 1800: 1.068799
2023-09-19 21:25:44 INFO     Training average negative_sample_loss at step 1800: 0.175006
2023-09-19 21:25:44 INFO     Training average loss at step 1800: 0.622234
2023-09-19 21:25:48 INFO     Training average regularization at step 1900: 0.000334
2023-09-19 21:25:48 INFO     Training average positive_sample_loss at step 1900: 0.923350
2023-09-19 21:25:48 INFO     Training average negative_sample_loss at step 1900: 0.176153
2023-09-19 21:25:48 INFO     Training average loss at step 1900: 0.550086
2023-09-19 21:25:52 INFO     Training average regularization at step 2000: 0.000338
2023-09-19 21:25:52 INFO     Training average positive_sample_loss at step 2000: 0.940598
2023-09-19 21:25:52 INFO     Training average negative_sample_loss at step 2000: 0.171622
2023-09-19 21:25:52 INFO     Training average loss at step 2000: 0.556448
2023-09-19 21:25:52 INFO     Evaluating on Valid Dataset...
2023-09-19 21:25:52 INFO     Evaluating the model... (0/136)
2023-09-19 21:26:15 INFO     Valid MRR at step 2000: 0.189834
2023-09-19 21:26:15 INFO     Valid MR at step 2000: 8860.985267
2023-09-19 21:26:15 INFO     Valid HITS@1 at step 2000: 0.064457
2023-09-19 21:26:15 INFO     Valid HITS@3 at step 2000: 0.289134
2023-09-19 21:26:15 INFO     Valid HITS@10 at step 2000: 0.377532
2023-09-19 21:26:18 INFO     Training average regularization at step 2100: 0.000340
2023-09-19 21:26:18 INFO     Training average positive_sample_loss at step 2100: 0.958871
2023-09-19 21:26:18 INFO     Training average negative_sample_loss at step 2100: 0.166761
2023-09-19 21:26:18 INFO     Training average loss at step 2100: 0.563156
2023-09-19 21:26:22 INFO     Training average regularization at step 2200: 0.000341
2023-09-19 21:26:22 INFO     Training average positive_sample_loss at step 2200: 0.978138
2023-09-19 21:26:22 INFO     Training average negative_sample_loss at step 2200: 0.162112
2023-09-19 21:26:22 INFO     Training average loss at step 2200: 0.570466
2023-09-19 21:26:25 INFO     Training average regularization at step 2300: 0.000340
2023-09-19 21:26:25 INFO     Training average positive_sample_loss at step 2300: 0.997351
2023-09-19 21:26:25 INFO     Training average negative_sample_loss at step 2300: 0.159087
2023-09-19 21:26:25 INFO     Training average loss at step 2300: 0.578559
2023-09-19 21:26:29 INFO     Training average regularization at step 2400: 0.000339
2023-09-19 21:26:29 INFO     Training average positive_sample_loss at step 2400: 0.920953
2023-09-19 21:26:29 INFO     Training average negative_sample_loss at step 2400: 0.159849
2023-09-19 21:26:29 INFO     Training average loss at step 2400: 0.540740
2023-09-19 21:26:33 INFO     Training average regularization at step 2500: 0.000347
2023-09-19 21:26:33 INFO     Training average positive_sample_loss at step 2500: 0.868483
2023-09-19 21:26:33 INFO     Training average negative_sample_loss at step 2500: 0.155615
2023-09-19 21:26:33 INFO     Training average loss at step 2500: 0.512396
2023-09-19 21:26:37 INFO     Training average regularization at step 2600: 0.000355
2023-09-19 21:26:37 INFO     Training average positive_sample_loss at step 2600: 0.881541
2023-09-19 21:26:37 INFO     Training average negative_sample_loss at step 2600: 0.149678
2023-09-19 21:26:37 INFO     Training average loss at step 2600: 0.515964
2023-09-19 21:26:40 INFO     Training average regularization at step 2700: 0.000360
2023-09-19 21:26:40 INFO     Training average positive_sample_loss at step 2700: 0.897972
2023-09-19 21:26:40 INFO     Training average negative_sample_loss at step 2700: 0.144354
2023-09-19 21:26:40 INFO     Training average loss at step 2700: 0.521523
2023-09-19 21:26:44 INFO     Training average regularization at step 2800: 0.000365
2023-09-19 21:26:44 INFO     Training average positive_sample_loss at step 2800: 0.918265
2023-09-19 21:26:44 INFO     Training average negative_sample_loss at step 2800: 0.140622
2023-09-19 21:26:44 INFO     Training average loss at step 2800: 0.529808
2023-09-19 21:26:48 INFO     Training average regularization at step 2900: 0.000367
2023-09-19 21:26:48 INFO     Training average positive_sample_loss at step 2900: 0.934262
2023-09-19 21:26:48 INFO     Training average negative_sample_loss at step 2900: 0.137194
2023-09-19 21:26:48 INFO     Training average loss at step 2900: 0.536095
2023-09-19 21:26:52 INFO     Training average regularization at step 3000: 0.000370
2023-09-19 21:26:52 INFO     Training average positive_sample_loss at step 3000: 0.882799
2023-09-19 21:26:52 INFO     Training average negative_sample_loss at step 3000: 0.135311
2023-09-19 21:26:52 INFO     Training average loss at step 3000: 0.509426
2023-09-19 21:26:52 INFO     Evaluating on Valid Dataset...
2023-09-19 21:26:53 INFO     Evaluating the model... (0/136)
2023-09-19 21:27:14 INFO     Valid MRR at step 3000: 0.241332
2023-09-19 21:27:14 INFO     Valid MR at step 3000: 7863.278085
2023-09-19 21:27:14 INFO     Valid HITS@1 at step 3000: 0.123389
2023-09-19 21:27:14 INFO     Valid HITS@3 at step 3000: 0.318600
2023-09-19 21:27:14 INFO     Valid HITS@10 at step 3000: 0.429098
2023-09-19 21:27:17 INFO     Training average regularization at step 3100: 0.000380
2023-09-19 21:27:17 INFO     Training average positive_sample_loss at step 3100: 0.864128
2023-09-19 21:27:17 INFO     Training average negative_sample_loss at step 3100: 0.131566
2023-09-19 21:27:17 INFO     Training average loss at step 3100: 0.498226
2023-09-19 21:27:21 INFO     Training average regularization at step 3200: 0.000388
2023-09-19 21:27:21 INFO     Training average positive_sample_loss at step 3200: 0.873440
2023-09-19 21:27:21 INFO     Training average negative_sample_loss at step 3200: 0.127019
2023-09-19 21:27:21 INFO     Training average loss at step 3200: 0.500617
2023-09-19 21:27:24 INFO     Training average regularization at step 3300: 0.000395
2023-09-19 21:27:24 INFO     Training average positive_sample_loss at step 3300: 0.890694
2023-09-19 21:27:24 INFO     Training average negative_sample_loss at step 3300: 0.122257
2023-09-19 21:27:24 INFO     Training average loss at step 3300: 0.506870
2023-09-19 21:27:28 INFO     Training average regularization at step 3400: 0.000400
2023-09-19 21:27:28 INFO     Training average positive_sample_loss at step 3400: 0.908987
2023-09-19 21:27:28 INFO     Training average negative_sample_loss at step 3400: 0.119044
2023-09-19 21:27:28 INFO     Training average loss at step 3400: 0.514416
2023-09-19 21:27:31 INFO     Training average regularization at step 3500: 0.000404
2023-09-19 21:27:31 INFO     Training average positive_sample_loss at step 3500: 0.926079
2023-09-19 21:27:31 INFO     Training average negative_sample_loss at step 3500: 0.115844
2023-09-19 21:27:31 INFO     Training average loss at step 3500: 0.521365
2023-09-19 21:27:35 INFO     Training average regularization at step 3600: 0.000410
2023-09-19 21:27:35 INFO     Training average positive_sample_loss at step 3600: 0.868924
2023-09-19 21:27:35 INFO     Training average negative_sample_loss at step 3600: 0.115563
2023-09-19 21:27:35 INFO     Training average loss at step 3600: 0.492653
2023-09-19 21:27:39 INFO     Training average regularization at step 3700: 0.000418
2023-09-19 21:27:39 INFO     Training average positive_sample_loss at step 3700: 0.873600
2023-09-19 21:27:39 INFO     Training average negative_sample_loss at step 3700: 0.111300
2023-09-19 21:27:39 INFO     Training average loss at step 3700: 0.492869
2023-09-19 21:27:43 INFO     Training average regularization at step 3800: 0.000426
2023-09-19 21:27:43 INFO     Training average positive_sample_loss at step 3800: 0.882195
2023-09-19 21:27:43 INFO     Training average negative_sample_loss at step 3800: 0.108432
2023-09-19 21:27:43 INFO     Training average loss at step 3800: 0.495739
2023-09-19 21:27:47 INFO     Training average regularization at step 3900: 0.000432
2023-09-19 21:27:47 INFO     Training average positive_sample_loss at step 3900: 0.893347
2023-09-19 21:27:47 INFO     Training average negative_sample_loss at step 3900: 0.104799
2023-09-19 21:27:47 INFO     Training average loss at step 3900: 0.499505
2023-09-19 21:27:50 INFO     Training average regularization at step 4000: 0.000438
2023-09-19 21:27:50 INFO     Training average positive_sample_loss at step 4000: 0.910913
2023-09-19 21:27:50 INFO     Training average negative_sample_loss at step 4000: 0.101315
2023-09-19 21:27:50 INFO     Training average loss at step 4000: 0.506552
2023-09-19 21:27:50 INFO     Evaluating on Valid Dataset...
2023-09-19 21:27:51 INFO     Evaluating the model... (0/136)
2023-09-19 21:28:12 INFO     Valid MRR at step 4000: 0.254456
2023-09-19 21:28:12 INFO     Valid MR at step 4000: 7545.976059
2023-09-19 21:28:12 INFO     Valid HITS@1 at step 4000: 0.147330
2023-09-19 21:28:12 INFO     Valid HITS@3 at step 4000: 0.338858
2023-09-19 21:28:12 INFO     Valid HITS@10 at step 4000: 0.429098
2023-09-19 21:28:16 INFO     Training average regularization at step 4100: 0.000442
2023-09-19 21:28:16 INFO     Training average positive_sample_loss at step 4100: 0.914524
2023-09-19 21:28:16 INFO     Training average negative_sample_loss at step 4100: 0.099761
2023-09-19 21:28:16 INFO     Training average loss at step 4100: 0.507585
2023-09-19 21:28:20 INFO     Training average regularization at step 4200: 0.000449
2023-09-19 21:28:20 INFO     Training average positive_sample_loss at step 4200: 0.862841
2023-09-19 21:28:20 INFO     Training average negative_sample_loss at step 4200: 0.099580
2023-09-19 21:28:20 INFO     Training average loss at step 4200: 0.481660
2023-09-19 21:28:23 INFO     Training average regularization at step 4300: 0.000458
2023-09-19 21:28:23 INFO     Training average positive_sample_loss at step 4300: 0.875827
2023-09-19 21:28:23 INFO     Training average negative_sample_loss at step 4300: 0.095818
2023-09-19 21:28:23 INFO     Training average loss at step 4300: 0.486281
2023-09-19 21:28:27 INFO     Training average regularization at step 4400: 0.000465
2023-09-19 21:28:27 INFO     Training average positive_sample_loss at step 4400: 0.882970
2023-09-19 21:28:27 INFO     Training average negative_sample_loss at step 4400: 0.093248
2023-09-19 21:28:27 INFO     Training average loss at step 4400: 0.488574
2023-09-19 21:28:30 INFO     Training average regularization at step 4500: 0.000472
2023-09-19 21:28:30 INFO     Training average positive_sample_loss at step 4500: 0.889781
2023-09-19 21:28:30 INFO     Training average negative_sample_loss at step 4500: 0.092283
2023-09-19 21:28:30 INFO     Training average loss at step 4500: 0.491504
2023-09-19 21:28:34 INFO     Training average regularization at step 4600: 0.000477
2023-09-19 21:28:34 INFO     Training average positive_sample_loss at step 4600: 0.906175
2023-09-19 21:28:34 INFO     Training average negative_sample_loss at step 4600: 0.089283
2023-09-19 21:28:34 INFO     Training average loss at step 4600: 0.498206
2023-09-19 21:28:38 INFO     Training average regularization at step 4700: 0.000483
2023-09-19 21:28:38 INFO     Training average positive_sample_loss at step 4700: 0.905237
2023-09-19 21:28:38 INFO     Training average negative_sample_loss at step 4700: 0.088313
2023-09-19 21:28:38 INFO     Training average loss at step 4700: 0.497258
2023-09-19 21:28:41 INFO     Training average regularization at step 4800: 0.000490
2023-09-19 21:28:41 INFO     Training average positive_sample_loss at step 4800: 0.865641
2023-09-19 21:28:41 INFO     Training average negative_sample_loss at step 4800: 0.087688
2023-09-19 21:28:41 INFO     Training average loss at step 4800: 0.477155
2023-09-19 21:28:45 INFO     Training average regularization at step 4900: 0.000497
2023-09-19 21:28:45 INFO     Training average positive_sample_loss at step 4900: 0.874298
2023-09-19 21:28:45 INFO     Training average negative_sample_loss at step 4900: 0.085562
2023-09-19 21:28:45 INFO     Training average loss at step 4900: 0.480428
2023-09-19 21:28:49 INFO     Change learning_rate to 0.000100 at step 5000
2023-09-19 21:28:49 INFO     Training average regularization at step 5000: 0.000504
2023-09-19 21:28:49 INFO     Training average positive_sample_loss at step 5000: 0.881384
2023-09-19 21:28:49 INFO     Training average negative_sample_loss at step 5000: 0.083736
2023-09-19 21:28:49 INFO     Training average loss at step 5000: 0.483064
2023-09-19 21:28:49 INFO     Evaluating on Valid Dataset...
2023-09-19 21:28:49 INFO     Evaluating the model... (0/136)
2023-09-19 21:29:10 INFO     Valid MRR at step 5000: 0.242825
2023-09-19 21:29:10 INFO     Valid MR at step 5000: 6973.265193
2023-09-19 21:29:10 INFO     Valid HITS@1 at step 5000: 0.139963
2023-09-19 21:29:10 INFO     Valid HITS@3 at step 5000: 0.307551
2023-09-19 21:29:10 INFO     Valid HITS@10 at step 5000: 0.425414
2023-09-19 21:29:13 INFO     Training average regularization at step 5100: 0.000545
2023-09-19 21:29:13 INFO     Training average positive_sample_loss at step 5100: 0.896638
2023-09-19 21:29:13 INFO     Training average negative_sample_loss at step 5100: 0.077741
2023-09-19 21:29:13 INFO     Training average loss at step 5100: 0.487735
2023-09-19 21:29:17 INFO     Training average regularization at step 5200: 0.000610
2023-09-19 21:29:17 INFO     Training average positive_sample_loss at step 5200: 0.918637
2023-09-19 21:29:17 INFO     Training average negative_sample_loss at step 5200: 0.069092
2023-09-19 21:29:17 INFO     Training average loss at step 5200: 0.494475
2023-09-19 21:29:21 INFO     Training average regularization at step 5300: 0.000654
2023-09-19 21:29:21 INFO     Training average positive_sample_loss at step 5300: 0.904418
2023-09-19 21:29:21 INFO     Training average negative_sample_loss at step 5300: 0.065398
2023-09-19 21:29:21 INFO     Training average loss at step 5300: 0.485563
2023-09-19 21:29:24 INFO     Training average regularization at step 5400: 0.000686
2023-09-19 21:29:24 INFO     Training average positive_sample_loss at step 5400: 0.848931
2023-09-19 21:29:24 INFO     Training average negative_sample_loss at step 5400: 0.064649
2023-09-19 21:29:24 INFO     Training average loss at step 5400: 0.457476
2023-09-19 21:29:28 INFO     Training average regularization at step 5500: 0.000710
2023-09-19 21:29:28 INFO     Training average positive_sample_loss at step 5500: 0.859954
2023-09-19 21:29:28 INFO     Training average negative_sample_loss at step 5500: 0.061892
2023-09-19 21:29:28 INFO     Training average loss at step 5500: 0.461633
2023-09-19 21:29:31 INFO     Training average regularization at step 5600: 0.000725
2023-09-19 21:29:31 INFO     Training average positive_sample_loss at step 5600: 0.865254
2023-09-19 21:29:31 INFO     Training average negative_sample_loss at step 5600: 0.061926
2023-09-19 21:29:31 INFO     Training average loss at step 5600: 0.464315
2023-09-19 21:29:35 INFO     Training average regularization at step 5700: 0.000734
2023-09-19 21:29:35 INFO     Training average positive_sample_loss at step 5700: 0.864569
2023-09-19 21:29:35 INFO     Training average negative_sample_loss at step 5700: 0.061357
2023-09-19 21:29:35 INFO     Training average loss at step 5700: 0.463697
2023-09-19 21:29:38 INFO     Training average regularization at step 5800: 0.000736
2023-09-19 21:29:38 INFO     Training average positive_sample_loss at step 5800: 0.873584
2023-09-19 21:29:38 INFO     Training average negative_sample_loss at step 5800: 0.061378
2023-09-19 21:29:38 INFO     Training average loss at step 5800: 0.468217
2023-09-19 21:29:42 INFO     Training average regularization at step 5900: 0.000733
2023-09-19 21:29:42 INFO     Training average positive_sample_loss at step 5900: 0.812970
2023-09-19 21:29:42 INFO     Training average negative_sample_loss at step 5900: 0.061902
2023-09-19 21:29:42 INFO     Training average loss at step 5900: 0.438169
2023-09-19 21:29:46 INFO     Training average regularization at step 6000: 0.000729
2023-09-19 21:29:46 INFO     Training average positive_sample_loss at step 6000: 0.748517
2023-09-19 21:29:46 INFO     Training average negative_sample_loss at step 6000: 0.063636
2023-09-19 21:29:46 INFO     Training average loss at step 6000: 0.406806
2023-09-19 21:29:46 INFO     Evaluating on Valid Dataset...
2023-09-19 21:29:47 INFO     Evaluating the model... (0/136)
2023-09-19 21:30:07 INFO     Valid MRR at step 6000: 0.319744
2023-09-19 21:30:07 INFO     Valid MR at step 6000: 6170.928177
2023-09-19 21:30:07 INFO     Valid HITS@1 at step 6000: 0.215470
2023-09-19 21:30:07 INFO     Valid HITS@3 at step 6000: 0.394107
2023-09-19 21:30:07 INFO     Valid HITS@10 at step 6000: 0.484346
2023-09-19 21:30:11 INFO     Training average regularization at step 6100: 0.000726
2023-09-19 21:30:11 INFO     Training average positive_sample_loss at step 6100: 0.744430
2023-09-19 21:30:11 INFO     Training average negative_sample_loss at step 6100: 0.064171
2023-09-19 21:30:11 INFO     Training average loss at step 6100: 0.405027
2023-09-19 21:30:14 INFO     Training average regularization at step 6200: 0.000723
2023-09-19 21:30:14 INFO     Training average positive_sample_loss at step 6200: 0.743835
2023-09-19 21:30:14 INFO     Training average negative_sample_loss at step 6200: 0.064364
2023-09-19 21:30:14 INFO     Training average loss at step 6200: 0.404822
2023-09-19 21:30:18 INFO     Training average regularization at step 6300: 0.000719
2023-09-19 21:30:18 INFO     Training average positive_sample_loss at step 6300: 0.741977
2023-09-19 21:30:18 INFO     Training average negative_sample_loss at step 6300: 0.064359
2023-09-19 21:30:18 INFO     Training average loss at step 6300: 0.403887
2023-09-19 21:30:21 INFO     Training average regularization at step 6400: 0.000716
2023-09-19 21:30:21 INFO     Training average positive_sample_loss at step 6400: 0.737327
2023-09-19 21:30:21 INFO     Training average negative_sample_loss at step 6400: 0.065653
2023-09-19 21:30:21 INFO     Training average loss at step 6400: 0.402206
2023-09-19 21:30:25 INFO     Training average regularization at step 6500: 0.000712
2023-09-19 21:30:25 INFO     Training average positive_sample_loss at step 6500: 0.693601
2023-09-19 21:30:25 INFO     Training average negative_sample_loss at step 6500: 0.065482
2023-09-19 21:30:25 INFO     Training average loss at step 6500: 0.380253
2023-09-19 21:30:29 INFO     Training average regularization at step 6600: 0.000709
2023-09-19 21:30:29 INFO     Training average positive_sample_loss at step 6600: 0.662696
2023-09-19 21:30:29 INFO     Training average negative_sample_loss at step 6600: 0.066008
2023-09-19 21:30:29 INFO     Training average loss at step 6600: 0.365061
2023-09-19 21:30:33 INFO     Training average regularization at step 6700: 0.000707
2023-09-19 21:30:33 INFO     Training average positive_sample_loss at step 6700: 0.666613
2023-09-19 21:30:33 INFO     Training average negative_sample_loss at step 6700: 0.066540
2023-09-19 21:30:33 INFO     Training average loss at step 6700: 0.367283
2023-09-19 21:30:36 INFO     Training average regularization at step 6800: 0.000704
2023-09-19 21:30:36 INFO     Training average positive_sample_loss at step 6800: 0.661108
2023-09-19 21:30:36 INFO     Training average negative_sample_loss at step 6800: 0.066793
2023-09-19 21:30:36 INFO     Training average loss at step 6800: 0.364654
2023-09-19 21:30:40 INFO     Training average regularization at step 6900: 0.000701
2023-09-19 21:30:40 INFO     Training average positive_sample_loss at step 6900: 0.661599
2023-09-19 21:30:40 INFO     Training average negative_sample_loss at step 6900: 0.067143
2023-09-19 21:30:40 INFO     Training average loss at step 6900: 0.365072
2023-09-19 21:30:43 INFO     Training average regularization at step 7000: 0.000699
2023-09-19 21:30:43 INFO     Training average positive_sample_loss at step 7000: 0.665169
2023-09-19 21:30:43 INFO     Training average negative_sample_loss at step 7000: 0.067423
2023-09-19 21:30:43 INFO     Training average loss at step 7000: 0.366994
2023-09-19 21:30:43 INFO     Evaluating on Valid Dataset...
2023-09-19 21:30:44 INFO     Evaluating the model... (0/136)
2023-09-19 21:31:05 INFO     Valid MRR at step 7000: 0.354567
2023-09-19 21:31:05 INFO     Valid MR at step 7000: 6155.340700
2023-09-19 21:31:05 INFO     Valid HITS@1 at step 7000: 0.267035
2023-09-19 21:31:05 INFO     Valid HITS@3 at step 7000: 0.418048
2023-09-19 21:31:05 INFO     Valid HITS@10 at step 7000: 0.491713
2023-09-19 21:31:09 INFO     Training average regularization at step 7100: 0.000696
2023-09-19 21:31:09 INFO     Training average positive_sample_loss at step 7100: 0.618374
2023-09-19 21:31:09 INFO     Training average negative_sample_loss at step 7100: 0.068513
2023-09-19 21:31:09 INFO     Training average loss at step 7100: 0.344139
2023-09-19 21:31:13 INFO     Training average regularization at step 7200: 0.000694
2023-09-19 21:31:13 INFO     Training average positive_sample_loss at step 7200: 0.604668
2023-09-19 21:31:13 INFO     Training average negative_sample_loss at step 7200: 0.068470
2023-09-19 21:31:13 INFO     Training average loss at step 7200: 0.337263
2023-09-19 21:31:17 INFO     Training average regularization at step 7300: 0.000692
2023-09-19 21:31:17 INFO     Training average positive_sample_loss at step 7300: 0.603762
2023-09-19 21:31:17 INFO     Training average negative_sample_loss at step 7300: 0.068771
2023-09-19 21:31:17 INFO     Training average loss at step 7300: 0.336959
2023-09-19 21:31:20 INFO     Training average regularization at step 7400: 0.000690
2023-09-19 21:31:20 INFO     Training average positive_sample_loss at step 7400: 0.608100
2023-09-19 21:31:20 INFO     Training average negative_sample_loss at step 7400: 0.068568
2023-09-19 21:31:20 INFO     Training average loss at step 7400: 0.339024
2023-09-19 21:31:24 INFO     Training average regularization at step 7500: 0.000688
2023-09-19 21:31:24 INFO     Training average positive_sample_loss at step 7500: 0.607903
2023-09-19 21:31:24 INFO     Training average negative_sample_loss at step 7500: 0.068645
2023-09-19 21:31:24 INFO     Training average loss at step 7500: 0.338962
2023-09-19 21:31:27 INFO     Training average regularization at step 7600: 0.000686
2023-09-19 21:31:27 INFO     Training average positive_sample_loss at step 7600: 0.609175
2023-09-19 21:31:27 INFO     Training average negative_sample_loss at step 7600: 0.069678
2023-09-19 21:31:27 INFO     Training average loss at step 7600: 0.340113
2023-09-19 21:31:32 INFO     Training average regularization at step 7700: 0.000684
2023-09-19 21:31:32 INFO     Training average positive_sample_loss at step 7700: 0.563259
2023-09-19 21:31:32 INFO     Training average negative_sample_loss at step 7700: 0.069320
2023-09-19 21:31:32 INFO     Training average loss at step 7700: 0.316974
2023-09-19 21:31:35 INFO     Training average regularization at step 7800: 0.000683
2023-09-19 21:31:35 INFO     Training average positive_sample_loss at step 7800: 0.562490
2023-09-19 21:31:35 INFO     Training average negative_sample_loss at step 7800: 0.070456
2023-09-19 21:31:35 INFO     Training average loss at step 7800: 0.317156
2023-09-19 21:31:39 INFO     Training average regularization at step 7900: 0.000682
2023-09-19 21:31:39 INFO     Training average positive_sample_loss at step 7900: 0.563988
2023-09-19 21:31:39 INFO     Training average negative_sample_loss at step 7900: 0.069433
2023-09-19 21:31:39 INFO     Training average loss at step 7900: 0.317392
2023-09-19 21:31:43 INFO     Training average regularization at step 8000: 0.000680
2023-09-19 21:31:43 INFO     Training average positive_sample_loss at step 8000: 0.567813
2023-09-19 21:31:43 INFO     Training average negative_sample_loss at step 8000: 0.070539
2023-09-19 21:31:43 INFO     Training average loss at step 8000: 0.319857
2023-09-19 21:31:43 INFO     Evaluating on Valid Dataset...
2023-09-19 21:31:44 INFO     Evaluating the model... (0/136)
2023-09-19 21:32:03 INFO     Valid MRR at step 8000: 0.346739
2023-09-19 21:32:03 INFO     Valid MR at step 8000: 6174.957643
2023-09-19 21:32:03 INFO     Valid HITS@1 at step 8000: 0.250460
2023-09-19 21:32:03 INFO     Valid HITS@3 at step 8000: 0.416206
2023-09-19 21:32:03 INFO     Valid HITS@10 at step 8000: 0.513812
2023-09-19 21:32:07 INFO     Training average regularization at step 8100: 0.000679
2023-09-19 21:32:07 INFO     Training average positive_sample_loss at step 8100: 0.565448
2023-09-19 21:32:07 INFO     Training average negative_sample_loss at step 8100: 0.070307
2023-09-19 21:32:07 INFO     Training average loss at step 8100: 0.318556
2023-09-19 21:32:10 INFO     Training average regularization at step 8200: 0.000677
2023-09-19 21:32:10 INFO     Training average positive_sample_loss at step 8200: 0.561944
2023-09-19 21:32:10 INFO     Training average negative_sample_loss at step 8200: 0.070955
2023-09-19 21:32:10 INFO     Training average loss at step 8200: 0.317127
2023-09-19 21:32:14 INFO     Training average regularization at step 8300: 0.000676
2023-09-19 21:32:14 INFO     Training average positive_sample_loss at step 8300: 0.529949
2023-09-19 21:32:14 INFO     Training average negative_sample_loss at step 8300: 0.070805
2023-09-19 21:32:14 INFO     Training average loss at step 8300: 0.301053
2023-09-19 21:32:18 INFO     Training average regularization at step 8400: 0.000675
2023-09-19 21:32:18 INFO     Training average positive_sample_loss at step 8400: 0.529446
2023-09-19 21:32:18 INFO     Training average negative_sample_loss at step 8400: 0.071649
2023-09-19 21:32:18 INFO     Training average loss at step 8400: 0.301223
2023-09-19 21:32:21 INFO     Training average regularization at step 8500: 0.000675
2023-09-19 21:32:21 INFO     Training average positive_sample_loss at step 8500: 0.534586
2023-09-19 21:32:21 INFO     Training average negative_sample_loss at step 8500: 0.071235
2023-09-19 21:32:21 INFO     Training average loss at step 8500: 0.303585
2023-09-19 21:32:25 INFO     Training average regularization at step 8600: 0.000674
2023-09-19 21:32:25 INFO     Training average positive_sample_loss at step 8600: 0.532801
2023-09-19 21:32:25 INFO     Training average negative_sample_loss at step 8600: 0.071440
2023-09-19 21:32:25 INFO     Training average loss at step 8600: 0.302794
2023-09-19 21:32:28 INFO     Training average regularization at step 8700: 0.000673
2023-09-19 21:32:28 INFO     Training average positive_sample_loss at step 8700: 0.536210
2023-09-19 21:32:28 INFO     Training average negative_sample_loss at step 8700: 0.071063
2023-09-19 21:32:28 INFO     Training average loss at step 8700: 0.304309
2023-09-19 21:32:32 INFO     Training average regularization at step 8800: 0.000672
2023-09-19 21:32:32 INFO     Training average positive_sample_loss at step 8800: 0.528904
2023-09-19 21:32:32 INFO     Training average negative_sample_loss at step 8800: 0.071907
2023-09-19 21:32:32 INFO     Training average loss at step 8800: 0.301077
2023-09-19 21:32:35 INFO     Training average regularization at step 8900: 0.000671
2023-09-19 21:32:35 INFO     Training average positive_sample_loss at step 8900: 0.504659
2023-09-19 21:32:35 INFO     Training average negative_sample_loss at step 8900: 0.072169
2023-09-19 21:32:35 INFO     Training average loss at step 8900: 0.289085
2023-09-19 21:32:39 INFO     Training average regularization at step 9000: 0.000671
2023-09-19 21:32:39 INFO     Training average positive_sample_loss at step 9000: 0.508667
2023-09-19 21:32:39 INFO     Training average negative_sample_loss at step 9000: 0.072177
2023-09-19 21:32:39 INFO     Training average loss at step 9000: 0.291092
2023-09-19 21:32:39 INFO     Evaluating on Valid Dataset...
2023-09-19 21:32:40 INFO     Evaluating the model... (0/136)
2023-09-19 21:33:00 INFO     Valid MRR at step 9000: 0.352770
2023-09-19 21:33:00 INFO     Valid MR at step 9000: 6125.823204
2023-09-19 21:33:00 INFO     Valid HITS@1 at step 9000: 0.268877
2023-09-19 21:33:00 INFO     Valid HITS@3 at step 9000: 0.406998
2023-09-19 21:33:00 INFO     Valid HITS@10 at step 9000: 0.504604
2023-09-19 21:33:03 INFO     Training average regularization at step 9100: 0.000670
2023-09-19 21:33:03 INFO     Training average positive_sample_loss at step 9100: 0.508425
2023-09-19 21:33:03 INFO     Training average negative_sample_loss at step 9100: 0.072121
2023-09-19 21:33:03 INFO     Training average loss at step 9100: 0.290943
2023-09-19 21:33:07 INFO     Training average regularization at step 9200: 0.000670
2023-09-19 21:33:07 INFO     Training average positive_sample_loss at step 9200: 0.509723
2023-09-19 21:33:07 INFO     Training average negative_sample_loss at step 9200: 0.071866
2023-09-19 21:33:07 INFO     Training average loss at step 9200: 0.291464
2023-09-19 21:33:10 INFO     Training average regularization at step 9300: 0.000669
2023-09-19 21:33:10 INFO     Training average positive_sample_loss at step 9300: 0.515609
2023-09-19 21:33:10 INFO     Training average negative_sample_loss at step 9300: 0.071790
2023-09-19 21:33:10 INFO     Training average loss at step 9300: 0.294368
2023-09-19 21:33:14 INFO     Training average regularization at step 9400: 0.000668
2023-09-19 21:33:14 INFO     Training average positive_sample_loss at step 9400: 0.501463
2023-09-19 21:33:14 INFO     Training average negative_sample_loss at step 9400: 0.072055
2023-09-19 21:33:14 INFO     Training average loss at step 9400: 0.287427
2023-09-19 21:33:18 INFO     Training average regularization at step 9500: 0.000668
2023-09-19 21:33:18 INFO     Training average positive_sample_loss at step 9500: 0.485722
2023-09-19 21:33:18 INFO     Training average negative_sample_loss at step 9500: 0.073549
2023-09-19 21:33:18 INFO     Training average loss at step 9500: 0.280304
2023-09-19 21:33:21 INFO     Training average regularization at step 9600: 0.000668
2023-09-19 21:33:21 INFO     Training average positive_sample_loss at step 9600: 0.489765
2023-09-19 21:33:21 INFO     Training average negative_sample_loss at step 9600: 0.071957
2023-09-19 21:33:21 INFO     Training average loss at step 9600: 0.281529
2023-09-19 21:33:25 INFO     Training average regularization at step 9700: 0.000668
2023-09-19 21:33:25 INFO     Training average positive_sample_loss at step 9700: 0.492343
2023-09-19 21:33:25 INFO     Training average negative_sample_loss at step 9700: 0.072267
2023-09-19 21:33:25 INFO     Training average loss at step 9700: 0.282972
2023-09-19 21:33:28 INFO     Training average regularization at step 9800: 0.000667
2023-09-19 21:33:28 INFO     Training average positive_sample_loss at step 9800: 0.494191
2023-09-19 21:33:28 INFO     Training average negative_sample_loss at step 9800: 0.072357
2023-09-19 21:33:28 INFO     Training average loss at step 9800: 0.283941
2023-09-19 21:33:31 INFO     Training average regularization at step 9900: 0.000667
2023-09-19 21:33:31 INFO     Training average positive_sample_loss at step 9900: 0.494634
2023-09-19 21:33:31 INFO     Training average negative_sample_loss at step 9900: 0.072134
2023-09-19 21:33:31 INFO     Training average loss at step 9900: 0.284051
2023-09-19 21:33:36 INFO     Evaluating on Valid Dataset...
2023-09-19 21:33:36 INFO     Evaluating the model... (0/136)
2023-09-19 21:33:56 INFO     Valid MRR at step 9999: 0.362337
2023-09-19 21:33:56 INFO     Valid MR at step 9999: 6128.165746
2023-09-19 21:33:56 INFO     Valid HITS@1 at step 9999: 0.281768
2023-09-19 21:33:56 INFO     Valid HITS@3 at step 9999: 0.419890
2023-09-19 21:33:56 INFO     Valid HITS@10 at step 9999: 0.491713
2023-09-19 21:33:56 INFO     Evaluating on Test Dataset...
2023-09-19 21:33:57 INFO     Evaluating the model... (0/998)
2023-09-19 21:36:27 INFO     Test MRR at step 9999: 0.311898
2023-09-19 21:36:27 INFO     Test MR at step 9999: 8035.847194
2023-09-19 21:36:27 INFO     Test HITS@1 at step 9999: 0.230461
2023-09-19 21:36:27 INFO     Test HITS@3 at step 9999: 0.368487
2023-09-19 21:36:27 INFO     Test HITS@10 at step 9999: 0.447645
