2023-09-19 21:17:57 INFO     Model: RotatE
2023-09-19 21:17:57 INFO     Data Path: data/FB15k-237
2023-09-19 21:17:57 INFO     #entity: 14541
2023-09-19 21:17:57 INFO     #relation: 237
2023-09-19 21:17:57 INFO     #train: 272115
2023-09-19 21:17:57 INFO     #valid: 17535
2023-09-19 21:17:57 INFO     #test: 20466
2023-09-19 21:17:57 INFO     Model Parameter Configuration:
2023-09-19 21:17:57 INFO     Parameter gamma: torch.Size([1]), require_grad = False
2023-09-19 21:17:57 INFO     Parameter embedding_range: torch.Size([1]), require_grad = False
2023-09-19 21:17:57 INFO     Parameter entity_embedding: torch.Size([14541, 200]), require_grad = True
2023-09-19 21:17:57 INFO     Parameter relation_embedding: torch.Size([237, 100]), require_grad = True
2023-09-19 21:18:04 INFO     Ramdomly Initializing RotatE Model...
2023-09-19 21:18:04 INFO     Start Training...
2023-09-19 21:18:04 INFO     init_step = 0
2023-09-19 21:18:04 INFO     batch_size = 256
2023-09-19 21:18:04 INFO     negative_adversarial_sampling = 1
2023-09-19 21:18:04 INFO     hidden_dim = 100
2023-09-19 21:18:04 INFO     gamma = 9.000000
2023-09-19 21:18:04 INFO     negative_adversarial_sampling = True
2023-09-19 21:18:04 INFO     adversarial_temperature = 1.000000
2023-09-19 21:18:04 INFO     learning_rate = 0
2023-09-19 21:18:04 INFO     Training average regularization at step 0: 0.000975
2023-09-19 21:18:04 INFO     Training average positive_sample_loss at step 0: 2.564582
2023-09-19 21:18:04 INFO     Training average negative_sample_loss at step 0: 0.116023
2023-09-19 21:18:04 INFO     Training average loss at step 0: 1.341278
2023-09-19 21:18:04 INFO     Evaluating on Valid Dataset...
2023-09-19 21:18:05 INFO     Evaluating the model... (0/4384)
2023-09-19 21:18:36 INFO     Evaluating the model... (1000/4384)
2023-09-19 21:19:05 INFO     Evaluating the model... (2000/4384)
2023-09-19 21:19:34 INFO     Evaluating the model... (3000/4384)
2023-09-19 21:20:04 INFO     Evaluating the model... (4000/4384)
2023-09-19 21:20:16 INFO     Valid MRR at step 0: 0.000860
2023-09-19 21:20:16 INFO     Valid MR at step 0: 7014.410037
2023-09-19 21:20:16 INFO     Valid HITS@1 at step 0: 0.000057
2023-09-19 21:20:16 INFO     Valid HITS@3 at step 0: 0.000285
2023-09-19 21:20:16 INFO     Valid HITS@10 at step 0: 0.001084
2023-09-19 21:20:20 INFO     Training average regularization at step 100: 0.001334
2023-09-19 21:20:20 INFO     Training average positive_sample_loss at step 100: 2.918452
2023-09-19 21:20:20 INFO     Training average negative_sample_loss at step 100: 0.132344
2023-09-19 21:20:20 INFO     Training average loss at step 100: 1.526732
2023-09-19 21:20:23 INFO     Training average regularization at step 200: 0.001204
2023-09-19 21:20:23 INFO     Training average positive_sample_loss at step 200: 1.943802
2023-09-19 21:20:23 INFO     Training average negative_sample_loss at step 200: 0.360382
2023-09-19 21:20:23 INFO     Training average loss at step 200: 1.153295
2023-09-19 21:20:27 INFO     Training average regularization at step 300: 0.001004
2023-09-19 21:20:27 INFO     Training average positive_sample_loss at step 300: 1.357192
2023-09-19 21:20:27 INFO     Training average negative_sample_loss at step 300: 0.521634
2023-09-19 21:20:27 INFO     Training average loss at step 300: 0.940417
2023-09-19 21:20:30 INFO     Training average regularization at step 400: 0.000880
2023-09-19 21:20:30 INFO     Training average positive_sample_loss at step 400: 1.088896
2023-09-19 21:20:30 INFO     Training average negative_sample_loss at step 400: 0.598992
2023-09-19 21:20:30 INFO     Training average loss at step 400: 0.844824
2023-09-19 21:20:33 INFO     Training average regularization at step 500: 0.000804
2023-09-19 21:20:33 INFO     Training average positive_sample_loss at step 500: 0.939992
2023-09-19 21:20:33 INFO     Training average negative_sample_loss at step 500: 0.642626
2023-09-19 21:20:33 INFO     Training average loss at step 500: 0.792113
2023-09-19 21:20:37 INFO     Training average regularization at step 600: 0.000758
2023-09-19 21:20:37 INFO     Training average positive_sample_loss at step 600: 0.863690
2023-09-19 21:20:37 INFO     Training average negative_sample_loss at step 600: 0.659102
2023-09-19 21:20:37 INFO     Training average loss at step 600: 0.762154
2023-09-19 21:20:40 INFO     Training average regularization at step 700: 0.000730
2023-09-19 21:20:40 INFO     Training average positive_sample_loss at step 700: 0.821468
2023-09-19 21:20:40 INFO     Training average negative_sample_loss at step 700: 0.664848
2023-09-19 21:20:40 INFO     Training average loss at step 700: 0.743887
2023-09-19 21:20:43 INFO     Training average regularization at step 800: 0.000713
2023-09-19 21:20:43 INFO     Training average positive_sample_loss at step 800: 0.787560
2023-09-19 21:20:43 INFO     Training average negative_sample_loss at step 800: 0.664727
2023-09-19 21:20:43 INFO     Training average loss at step 800: 0.726857
2023-09-19 21:20:46 INFO     Training average regularization at step 900: 0.000707
2023-09-19 21:20:46 INFO     Training average positive_sample_loss at step 900: 0.752125
2023-09-19 21:20:46 INFO     Training average negative_sample_loss at step 900: 0.660604
2023-09-19 21:20:46 INFO     Training average loss at step 900: 0.707072
2023-09-19 21:20:50 INFO     Training average regularization at step 1000: 0.000706
2023-09-19 21:20:50 INFO     Training average positive_sample_loss at step 1000: 0.737973
2023-09-19 21:20:50 INFO     Training average negative_sample_loss at step 1000: 0.646971
2023-09-19 21:20:50 INFO     Training average loss at step 1000: 0.693179
2023-09-19 21:20:50 INFO     Evaluating on Valid Dataset...
2023-09-19 21:20:51 INFO     Evaluating the model... (0/4384)
2023-09-19 21:21:21 INFO     Evaluating the model... (1000/4384)
2023-09-19 21:21:52 INFO     Evaluating the model... (2000/4384)
2023-09-19 21:22:24 INFO     Evaluating the model... (3000/4384)
2023-09-19 21:22:56 INFO     Evaluating the model... (4000/4384)
2023-09-19 21:23:08 INFO     Valid MRR at step 1000: 0.038891
2023-09-19 21:23:08 INFO     Valid MR at step 1000: 2801.682749
2023-09-19 21:23:08 INFO     Valid HITS@1 at step 1000: 0.016652
2023-09-19 21:23:08 INFO     Valid HITS@3 at step 1000: 0.036498
2023-09-19 21:23:08 INFO     Valid HITS@10 at step 1000: 0.082407
2023-09-19 21:23:11 INFO     Training average regularization at step 1100: 0.000712
2023-09-19 21:23:11 INFO     Training average positive_sample_loss at step 1100: 0.629907
2023-09-19 21:23:11 INFO     Training average negative_sample_loss at step 1100: 0.625102
2023-09-19 21:23:11 INFO     Training average loss at step 1100: 0.628217
2023-09-19 21:23:15 INFO     Training average regularization at step 1200: 0.000752
2023-09-19 21:23:15 INFO     Training average positive_sample_loss at step 1200: 0.521805
2023-09-19 21:23:15 INFO     Training average negative_sample_loss at step 1200: 0.533411
2023-09-19 21:23:15 INFO     Training average loss at step 1200: 0.528359
2023-09-19 21:23:19 INFO     Training average regularization at step 1300: 0.000779
2023-09-19 21:23:19 INFO     Training average positive_sample_loss at step 1300: 0.555904
2023-09-19 21:23:19 INFO     Training average negative_sample_loss at step 1300: 0.498015
2023-09-19 21:23:19 INFO     Training average loss at step 1300: 0.527738
2023-09-19 21:23:23 INFO     Training average regularization at step 1400: 0.000793
2023-09-19 21:23:23 INFO     Training average positive_sample_loss at step 1400: 0.554148
2023-09-19 21:23:23 INFO     Training average negative_sample_loss at step 1400: 0.487860
2023-09-19 21:23:23 INFO     Training average loss at step 1400: 0.521797
2023-09-19 21:23:26 INFO     Training average regularization at step 1500: 0.000804
2023-09-19 21:23:26 INFO     Training average positive_sample_loss at step 1500: 0.562006
2023-09-19 21:23:26 INFO     Training average negative_sample_loss at step 1500: 0.476586
2023-09-19 21:23:26 INFO     Training average loss at step 1500: 0.520100
2023-09-19 21:23:31 INFO     Training average regularization at step 1600: 0.000813
2023-09-19 21:23:31 INFO     Training average positive_sample_loss at step 1600: 0.552909
2023-09-19 21:23:31 INFO     Training average negative_sample_loss at step 1600: 0.470185
2023-09-19 21:23:31 INFO     Training average loss at step 1600: 0.512361
2023-09-19 21:23:34 INFO     Training average regularization at step 1700: 0.000823
2023-09-19 21:23:34 INFO     Training average positive_sample_loss at step 1700: 0.558267
2023-09-19 21:23:34 INFO     Training average negative_sample_loss at step 1700: 0.463431
2023-09-19 21:23:34 INFO     Training average loss at step 1700: 0.511672
2023-09-19 21:23:38 INFO     Training average regularization at step 1800: 0.000832
2023-09-19 21:23:38 INFO     Training average positive_sample_loss at step 1800: 0.545013
2023-09-19 21:23:38 INFO     Training average negative_sample_loss at step 1800: 0.455458
2023-09-19 21:23:38 INFO     Training average loss at step 1800: 0.501068
2023-09-19 21:23:42 INFO     Training average regularization at step 1900: 0.000845
2023-09-19 21:23:42 INFO     Training average positive_sample_loss at step 1900: 0.537894
2023-09-19 21:23:42 INFO     Training average negative_sample_loss at step 1900: 0.447131
2023-09-19 21:23:42 INFO     Training average loss at step 1900: 0.493357
2023-09-19 21:23:46 INFO     Training average regularization at step 2000: 0.000854
2023-09-19 21:23:46 INFO     Training average positive_sample_loss at step 2000: 0.534004
2023-09-19 21:23:46 INFO     Training average negative_sample_loss at step 2000: 0.434400
2023-09-19 21:23:46 INFO     Training average loss at step 2000: 0.485057
2023-09-19 21:23:46 INFO     Evaluating on Valid Dataset...
2023-09-19 21:23:47 INFO     Evaluating the model... (0/4384)
2023-09-19 21:24:20 INFO     Evaluating the model... (1000/4384)
2023-09-19 21:24:52 INFO     Evaluating the model... (2000/4384)
2023-09-19 21:25:23 INFO     Evaluating the model... (3000/4384)
2023-09-19 21:25:56 INFO     Evaluating the model... (4000/4384)
2023-09-19 21:26:09 INFO     Valid MRR at step 2000: 0.123582
2023-09-19 21:26:09 INFO     Valid MR at step 2000: 1614.293242
2023-09-19 21:26:09 INFO     Valid HITS@1 at step 2000: 0.064956
2023-09-19 21:26:09 INFO     Valid HITS@3 at step 2000: 0.134531
2023-09-19 21:26:09 INFO     Valid HITS@10 at step 2000: 0.246536
2023-09-19 21:26:13 INFO     Training average regularization at step 2100: 0.000866
2023-09-19 21:26:13 INFO     Training average positive_sample_loss at step 2100: 0.523721
2023-09-19 21:26:13 INFO     Training average negative_sample_loss at step 2100: 0.429357
2023-09-19 21:26:13 INFO     Training average loss at step 2100: 0.477405
2023-09-19 21:26:18 INFO     Training average regularization at step 2200: 0.000892
2023-09-19 21:26:18 INFO     Training average positive_sample_loss at step 2200: 0.385820
2023-09-19 21:26:18 INFO     Training average negative_sample_loss at step 2200: 0.392985
2023-09-19 21:26:18 INFO     Training average loss at step 2200: 0.390295
2023-09-19 21:26:22 INFO     Training average regularization at step 2300: 0.000940
2023-09-19 21:26:22 INFO     Training average positive_sample_loss at step 2300: 0.379566
2023-09-19 21:26:22 INFO     Training average negative_sample_loss at step 2300: 0.338435
2023-09-19 21:26:22 INFO     Training average loss at step 2300: 0.359941
2023-09-19 21:26:25 INFO     Training average regularization at step 2400: 0.000966
2023-09-19 21:26:25 INFO     Training average positive_sample_loss at step 2400: 0.391659
2023-09-19 21:26:25 INFO     Training average negative_sample_loss at step 2400: 0.328147
2023-09-19 21:26:25 INFO     Training average loss at step 2400: 0.360869
2023-09-19 21:26:29 INFO     Training average regularization at step 2500: 0.000983
2023-09-19 21:26:29 INFO     Training average positive_sample_loss at step 2500: 0.394649
2023-09-19 21:26:29 INFO     Training average negative_sample_loss at step 2500: 0.320162
2023-09-19 21:26:29 INFO     Training average loss at step 2500: 0.358388
2023-09-19 21:26:33 INFO     Training average regularization at step 2600: 0.000995
2023-09-19 21:26:33 INFO     Training average positive_sample_loss at step 2600: 0.399533
2023-09-19 21:26:33 INFO     Training average negative_sample_loss at step 2600: 0.320549
2023-09-19 21:26:33 INFO     Training average loss at step 2600: 0.361036
2023-09-19 21:26:37 INFO     Training average regularization at step 2700: 0.001006
2023-09-19 21:26:37 INFO     Training average positive_sample_loss at step 2700: 0.395301
2023-09-19 21:26:37 INFO     Training average negative_sample_loss at step 2700: 0.319096
2023-09-19 21:26:37 INFO     Training average loss at step 2700: 0.358204
2023-09-19 21:26:41 INFO     Training average regularization at step 2800: 0.001019
2023-09-19 21:26:41 INFO     Training average positive_sample_loss at step 2800: 0.396212
2023-09-19 21:26:41 INFO     Training average negative_sample_loss at step 2800: 0.313839
2023-09-19 21:26:41 INFO     Training average loss at step 2800: 0.356044
2023-09-19 21:26:45 INFO     Training average regularization at step 2900: 0.001028
2023-09-19 21:26:45 INFO     Training average positive_sample_loss at step 2900: 0.391910
2023-09-19 21:26:45 INFO     Training average negative_sample_loss at step 2900: 0.312108
2023-09-19 21:26:45 INFO     Training average loss at step 2900: 0.353038
2023-09-19 21:26:49 INFO     Training average regularization at step 3000: 0.001041
2023-09-19 21:26:49 INFO     Training average positive_sample_loss at step 3000: 0.387781
2023-09-19 21:26:49 INFO     Training average negative_sample_loss at step 3000: 0.310506
2023-09-19 21:26:49 INFO     Training average loss at step 3000: 0.350184
2023-09-19 21:26:49 INFO     Evaluating on Valid Dataset...
2023-09-19 21:26:50 INFO     Evaluating the model... (0/4384)
2023-09-19 21:27:22 INFO     Evaluating the model... (1000/4384)
2023-09-19 21:27:54 INFO     Evaluating the model... (2000/4384)
2023-09-19 21:28:25 INFO     Evaluating the model... (3000/4384)
2023-09-19 21:28:55 INFO     Evaluating the model... (4000/4384)
2023-09-19 21:29:07 INFO     Valid MRR at step 3000: 0.271332
2023-09-19 21:29:07 INFO     Valid MR at step 3000: 776.278244
2023-09-19 21:29:07 INFO     Valid HITS@1 at step 3000: 0.186427
2023-09-19 21:29:07 INFO     Valid HITS@3 at step 3000: 0.304420
2023-09-19 21:29:07 INFO     Valid HITS@10 at step 3000: 0.441574
2023-09-19 21:29:11 INFO     Training average regularization at step 3100: 0.001054
2023-09-19 21:29:11 INFO     Training average positive_sample_loss at step 3100: 0.382379
2023-09-19 21:29:11 INFO     Training average negative_sample_loss at step 3100: 0.307288
2023-09-19 21:29:11 INFO     Training average loss at step 3100: 0.345887
2023-09-19 21:29:15 INFO     Training average regularization at step 3200: 0.001066
2023-09-19 21:29:15 INFO     Training average positive_sample_loss at step 3200: 0.366428
2023-09-19 21:29:15 INFO     Training average negative_sample_loss at step 3200: 0.304778
2023-09-19 21:29:15 INFO     Training average loss at step 3200: 0.336669
2023-09-19 21:29:19 INFO     Training average regularization at step 3300: 0.001108
2023-09-19 21:29:19 INFO     Training average positive_sample_loss at step 3300: 0.264918
2023-09-19 21:29:19 INFO     Training average negative_sample_loss at step 3300: 0.272315
2023-09-19 21:29:19 INFO     Training average loss at step 3300: 0.269724
2023-09-19 21:29:22 INFO     Training average regularization at step 3400: 0.001149
2023-09-19 21:29:22 INFO     Training average positive_sample_loss at step 3400: 0.288689
2023-09-19 21:29:22 INFO     Training average negative_sample_loss at step 3400: 0.253801
2023-09-19 21:29:22 INFO     Training average loss at step 3400: 0.272394
2023-09-19 21:29:26 INFO     Training average regularization at step 3500: 0.001170
2023-09-19 21:29:26 INFO     Training average positive_sample_loss at step 3500: 0.297210
2023-09-19 21:29:26 INFO     Training average negative_sample_loss at step 3500: 0.245947
2023-09-19 21:29:26 INFO     Training average loss at step 3500: 0.272748
2023-09-19 21:29:29 INFO     Training average regularization at step 3600: 0.001184
2023-09-19 21:29:29 INFO     Training average positive_sample_loss at step 3600: 0.307322
2023-09-19 21:29:29 INFO     Training average negative_sample_loss at step 3600: 0.250752
2023-09-19 21:29:29 INFO     Training average loss at step 3600: 0.280221
2023-09-19 21:29:33 INFO     Training average regularization at step 3700: 0.001195
2023-09-19 21:29:33 INFO     Training average positive_sample_loss at step 3700: 0.306925
2023-09-19 21:29:33 INFO     Training average negative_sample_loss at step 3700: 0.252697
2023-09-19 21:29:33 INFO     Training average loss at step 3700: 0.281006
2023-09-19 21:29:36 INFO     Training average regularization at step 3800: 0.001208
2023-09-19 21:29:36 INFO     Training average positive_sample_loss at step 3800: 0.309179
2023-09-19 21:29:36 INFO     Training average negative_sample_loss at step 3800: 0.254225
2023-09-19 21:29:36 INFO     Training average loss at step 3800: 0.282910
2023-09-19 21:29:40 INFO     Training average regularization at step 3900: 0.001218
2023-09-19 21:29:40 INFO     Training average positive_sample_loss at step 3900: 0.314157
2023-09-19 21:29:40 INFO     Training average negative_sample_loss at step 3900: 0.254652
2023-09-19 21:29:40 INFO     Training average loss at step 3900: 0.285623
2023-09-19 21:29:43 INFO     Training average regularization at step 4000: 0.001228
2023-09-19 21:29:43 INFO     Training average positive_sample_loss at step 4000: 0.312394
2023-09-19 21:29:43 INFO     Training average negative_sample_loss at step 4000: 0.258685
2023-09-19 21:29:43 INFO     Training average loss at step 4000: 0.286768
2023-09-19 21:29:43 INFO     Evaluating on Valid Dataset...
2023-09-19 21:29:44 INFO     Evaluating the model... (0/4384)
2023-09-19 21:30:16 INFO     Evaluating the model... (1000/4384)
2023-09-19 21:30:47 INFO     Evaluating the model... (2000/4384)
2023-09-19 21:31:18 INFO     Evaluating the model... (3000/4384)
2023-09-19 21:31:50 INFO     Evaluating the model... (4000/4384)
2023-09-19 21:32:02 INFO     Valid MRR at step 4000: 0.336339
2023-09-19 21:32:02 INFO     Valid MR at step 4000: 417.320559
2023-09-19 21:32:02 INFO     Valid HITS@1 at step 4000: 0.239464
2023-09-19 21:32:02 INFO     Valid HITS@3 at step 4000: 0.380952
2023-09-19 21:32:02 INFO     Valid HITS@10 at step 4000: 0.528087
2023-09-19 21:32:05 INFO     Training average regularization at step 4100: 0.001239
2023-09-19 21:32:05 INFO     Training average positive_sample_loss at step 4100: 0.315689
2023-09-19 21:32:05 INFO     Training average negative_sample_loss at step 4100: 0.260850
2023-09-19 21:32:05 INFO     Training average loss at step 4100: 0.289508
2023-09-19 21:32:09 INFO     Training average regularization at step 4200: 0.001251
2023-09-19 21:32:09 INFO     Training average positive_sample_loss at step 4200: 0.314006
2023-09-19 21:32:09 INFO     Training average negative_sample_loss at step 4200: 0.260903
2023-09-19 21:32:09 INFO     Training average loss at step 4200: 0.288706
2023-09-19 21:32:13 INFO     Training average regularization at step 4300: 0.001269
2023-09-19 21:32:13 INFO     Training average positive_sample_loss at step 4300: 0.267496
2023-09-19 21:32:13 INFO     Training average negative_sample_loss at step 4300: 0.256791
2023-09-19 21:32:13 INFO     Training average loss at step 4300: 0.263413
2023-09-19 21:32:16 INFO     Training average regularization at step 4400: 0.001320
2023-09-19 21:32:16 INFO     Training average positive_sample_loss at step 4400: 0.238049
2023-09-19 21:32:16 INFO     Training average negative_sample_loss at step 4400: 0.229908
2023-09-19 21:32:16 INFO     Training average loss at step 4400: 0.235298
2023-09-19 21:32:20 INFO     Training average regularization at step 4500: 0.001351
2023-09-19 21:32:20 INFO     Training average positive_sample_loss at step 4500: 0.253621
2023-09-19 21:32:20 INFO     Training average negative_sample_loss at step 4500: 0.223401
2023-09-19 21:32:20 INFO     Training average loss at step 4500: 0.239862
2023-09-19 21:32:23 INFO     Training average regularization at step 4600: 0.001369
2023-09-19 21:32:23 INFO     Training average positive_sample_loss at step 4600: 0.261188
2023-09-19 21:32:23 INFO     Training average negative_sample_loss at step 4600: 0.223136
2023-09-19 21:32:23 INFO     Training average loss at step 4600: 0.243531
2023-09-19 21:32:26 INFO     Training average regularization at step 4700: 0.001380
2023-09-19 21:32:26 INFO     Training average positive_sample_loss at step 4700: 0.266766
2023-09-19 21:32:26 INFO     Training average negative_sample_loss at step 4700: 0.227169
2023-09-19 21:32:26 INFO     Training average loss at step 4700: 0.248348
2023-09-19 21:32:30 INFO     Training average regularization at step 4800: 0.001390
2023-09-19 21:32:30 INFO     Training average positive_sample_loss at step 4800: 0.273972
2023-09-19 21:32:30 INFO     Training average negative_sample_loss at step 4800: 0.229405
2023-09-19 21:32:30 INFO     Training average loss at step 4800: 0.253079
2023-09-19 21:32:33 INFO     Training average regularization at step 4900: 0.001398
2023-09-19 21:32:33 INFO     Training average positive_sample_loss at step 4900: 0.277973
2023-09-19 21:32:33 INFO     Training average negative_sample_loss at step 4900: 0.234090
2023-09-19 21:32:33 INFO     Training average loss at step 4900: 0.257430
2023-09-19 21:32:37 INFO     Change learning_rate to 0.000100 at step 5000
2023-09-19 21:32:37 INFO     Training average regularization at step 5000: 0.001406
2023-09-19 21:32:37 INFO     Training average positive_sample_loss at step 5000: 0.281579
2023-09-19 21:32:37 INFO     Training average negative_sample_loss at step 5000: 0.235403
2023-09-19 21:32:37 INFO     Training average loss at step 5000: 0.259898
2023-09-19 21:32:37 INFO     Evaluating on Valid Dataset...
2023-09-19 21:32:37 INFO     Evaluating the model... (0/4384)
2023-09-19 21:33:09 INFO     Evaluating the model... (1000/4384)
2023-09-19 21:33:40 INFO     Evaluating the model... (2000/4384)
2023-09-19 21:34:10 INFO     Evaluating the model... (3000/4384)
2023-09-19 21:34:41 INFO     Evaluating the model... (4000/4384)
2023-09-19 21:34:53 INFO     Valid MRR at step 5000: 0.364545
2023-09-19 21:34:53 INFO     Valid MR at step 5000: 275.227317
2023-09-19 21:34:53 INFO     Valid HITS@1 at step 5000: 0.266382
2023-09-19 21:34:53 INFO     Valid HITS@3 at step 5000: 0.407813
2023-09-19 21:34:53 INFO     Valid HITS@10 at step 5000: 0.559909
2023-09-19 21:34:56 INFO     Training average regularization at step 5100: 0.001460
2023-09-19 21:34:56 INFO     Training average positive_sample_loss at step 5100: 0.299305
2023-09-19 21:34:56 INFO     Training average negative_sample_loss at step 5100: 0.227095
2023-09-19 21:34:56 INFO     Training average loss at step 5100: 0.264660
2023-09-19 21:34:59 INFO     Training average regularization at step 5200: 0.001498
2023-09-19 21:34:59 INFO     Training average positive_sample_loss at step 5200: 0.306950
2023-09-19 21:34:59 INFO     Training average negative_sample_loss at step 5200: 0.222488
2023-09-19 21:34:59 INFO     Training average loss at step 5200: 0.266217
2023-09-19 21:35:03 INFO     Training average regularization at step 5300: 0.001509
2023-09-19 21:35:03 INFO     Training average positive_sample_loss at step 5300: 0.304658
2023-09-19 21:35:03 INFO     Training average negative_sample_loss at step 5300: 0.225075
2023-09-19 21:35:03 INFO     Training average loss at step 5300: 0.266375
2023-09-19 21:35:07 INFO     Training average regularization at step 5400: 0.001514
2023-09-19 21:35:07 INFO     Training average positive_sample_loss at step 5400: 0.224580
2023-09-19 21:35:07 INFO     Training average negative_sample_loss at step 5400: 0.224244
2023-09-19 21:35:07 INFO     Training average loss at step 5400: 0.225926
2023-09-19 21:35:11 INFO     Training average regularization at step 5500: 0.001521
2023-09-19 21:35:11 INFO     Training average positive_sample_loss at step 5500: 0.214410
2023-09-19 21:35:11 INFO     Training average negative_sample_loss at step 5500: 0.218126
2023-09-19 21:35:11 INFO     Training average loss at step 5500: 0.217789
2023-09-19 21:35:14 INFO     Training average regularization at step 5600: 0.001526
2023-09-19 21:35:14 INFO     Training average positive_sample_loss at step 5600: 0.218292
2023-09-19 21:35:14 INFO     Training average negative_sample_loss at step 5600: 0.213898
2023-09-19 21:35:14 INFO     Training average loss at step 5600: 0.217621
2023-09-19 21:35:17 INFO     Training average regularization at step 5700: 0.001529
2023-09-19 21:35:17 INFO     Training average positive_sample_loss at step 5700: 0.219322
2023-09-19 21:35:17 INFO     Training average negative_sample_loss at step 5700: 0.213819
2023-09-19 21:35:17 INFO     Training average loss at step 5700: 0.218099
2023-09-19 21:35:21 INFO     Training average regularization at step 5800: 0.001531
2023-09-19 21:35:21 INFO     Training average positive_sample_loss at step 5800: 0.221724
2023-09-19 21:35:21 INFO     Training average negative_sample_loss at step 5800: 0.210962
2023-09-19 21:35:21 INFO     Training average loss at step 5800: 0.217874
2023-09-19 21:35:25 INFO     Training average regularization at step 5900: 0.001532
2023-09-19 21:35:25 INFO     Training average positive_sample_loss at step 5900: 0.222483
2023-09-19 21:35:25 INFO     Training average negative_sample_loss at step 5900: 0.208829
2023-09-19 21:35:25 INFO     Training average loss at step 5900: 0.217188
2023-09-19 21:35:28 INFO     Training average regularization at step 6000: 0.001533
2023-09-19 21:35:28 INFO     Training average positive_sample_loss at step 6000: 0.222189
2023-09-19 21:35:28 INFO     Training average negative_sample_loss at step 6000: 0.209410
2023-09-19 21:35:28 INFO     Training average loss at step 6000: 0.217333
2023-09-19 21:35:28 INFO     Evaluating on Valid Dataset...
2023-09-19 21:35:29 INFO     Evaluating the model... (0/4384)
2023-09-19 21:36:00 INFO     Evaluating the model... (1000/4384)
2023-09-19 21:36:30 INFO     Evaluating the model... (2000/4384)
2023-09-19 21:36:59 INFO     Evaluating the model... (3000/4384)
2023-09-19 21:37:32 INFO     Evaluating the model... (4000/4384)
2023-09-19 21:37:43 INFO     Valid MRR at step 6000: 0.378861
2023-09-19 21:37:43 INFO     Valid MR at step 6000: 267.136983
2023-09-19 21:37:43 INFO     Valid HITS@1 at step 6000: 0.280297
2023-09-19 21:37:43 INFO     Valid HITS@3 at step 6000: 0.425036
2023-09-19 21:37:43 INFO     Valid HITS@10 at step 6000: 0.573482
2023-09-19 21:37:47 INFO     Training average regularization at step 6100: 0.001534
2023-09-19 21:37:47 INFO     Training average positive_sample_loss at step 6100: 0.222833
2023-09-19 21:37:47 INFO     Training average negative_sample_loss at step 6100: 0.207532
2023-09-19 21:37:47 INFO     Training average loss at step 6100: 0.216716
2023-09-19 21:37:50 INFO     Training average regularization at step 6200: 0.001534
2023-09-19 21:37:50 INFO     Training average positive_sample_loss at step 6200: 0.224695
2023-09-19 21:37:50 INFO     Training average negative_sample_loss at step 6200: 0.208669
2023-09-19 21:37:50 INFO     Training average loss at step 6200: 0.218216
2023-09-19 21:37:54 INFO     Training average regularization at step 6300: 0.001534
2023-09-19 21:37:54 INFO     Training average positive_sample_loss at step 6300: 0.225273
2023-09-19 21:37:54 INFO     Training average negative_sample_loss at step 6300: 0.207021
2023-09-19 21:37:54 INFO     Training average loss at step 6300: 0.217681
2023-09-19 21:37:58 INFO     Training average regularization at step 6400: 0.001535
2023-09-19 21:37:58 INFO     Training average positive_sample_loss at step 6400: 0.220785
2023-09-19 21:37:58 INFO     Training average negative_sample_loss at step 6400: 0.207638
2023-09-19 21:37:58 INFO     Training average loss at step 6400: 0.215746
2023-09-19 21:38:02 INFO     Training average regularization at step 6500: 0.001536
2023-09-19 21:38:02 INFO     Training average positive_sample_loss at step 6500: 0.206829
2023-09-19 21:38:02 INFO     Training average negative_sample_loss at step 6500: 0.205110
2023-09-19 21:38:02 INFO     Training average loss at step 6500: 0.207506
2023-09-19 21:38:06 INFO     Training average regularization at step 6600: 0.001539
2023-09-19 21:38:06 INFO     Training average positive_sample_loss at step 6600: 0.207252
2023-09-19 21:38:06 INFO     Training average negative_sample_loss at step 6600: 0.204692
2023-09-19 21:38:06 INFO     Training average loss at step 6600: 0.207511
2023-09-19 21:38:10 INFO     Training average regularization at step 6700: 0.001541
2023-09-19 21:38:10 INFO     Training average positive_sample_loss at step 6700: 0.210696
2023-09-19 21:38:10 INFO     Training average negative_sample_loss at step 6700: 0.202033
2023-09-19 21:38:10 INFO     Training average loss at step 6700: 0.207906
2023-09-19 21:38:13 INFO     Training average regularization at step 6800: 0.001543
2023-09-19 21:38:13 INFO     Training average positive_sample_loss at step 6800: 0.210617
2023-09-19 21:38:13 INFO     Training average negative_sample_loss at step 6800: 0.200912
2023-09-19 21:38:13 INFO     Training average loss at step 6800: 0.207308
2023-09-19 21:38:17 INFO     Training average regularization at step 6900: 0.001545
2023-09-19 21:38:17 INFO     Training average positive_sample_loss at step 6900: 0.212609
2023-09-19 21:38:17 INFO     Training average negative_sample_loss at step 6900: 0.201554
2023-09-19 21:38:17 INFO     Training average loss at step 6900: 0.208626
2023-09-19 21:38:21 INFO     Training average regularization at step 7000: 0.001546
2023-09-19 21:38:21 INFO     Training average positive_sample_loss at step 7000: 0.215562
2023-09-19 21:38:21 INFO     Training average negative_sample_loss at step 7000: 0.204819
2023-09-19 21:38:21 INFO     Training average loss at step 7000: 0.211737
2023-09-19 21:38:21 INFO     Evaluating on Valid Dataset...
2023-09-19 21:38:21 INFO     Evaluating the model... (0/4384)
2023-09-19 21:38:55 INFO     Evaluating the model... (1000/4384)
2023-09-19 21:39:30 INFO     Evaluating the model... (2000/4384)
2023-09-19 21:40:02 INFO     Evaluating the model... (3000/4384)
2023-09-19 21:40:34 INFO     Evaluating the model... (4000/4384)
2023-09-19 21:40:46 INFO     Valid MRR at step 7000: 0.384901
2023-09-19 21:40:46 INFO     Valid MR at step 7000: 243.595609
2023-09-19 21:40:46 INFO     Valid HITS@1 at step 7000: 0.286513
2023-09-19 21:40:46 INFO     Valid HITS@3 at step 7000: 0.431822
2023-09-19 21:40:46 INFO     Valid HITS@10 at step 7000: 0.579356
2023-09-19 21:40:49 INFO     Training average regularization at step 7100: 0.001547
2023-09-19 21:40:49 INFO     Training average positive_sample_loss at step 7100: 0.218389
2023-09-19 21:40:49 INFO     Training average negative_sample_loss at step 7100: 0.200209
2023-09-19 21:40:49 INFO     Training average loss at step 7100: 0.210846
2023-09-19 21:40:53 INFO     Training average regularization at step 7200: 0.001547
2023-09-19 21:40:53 INFO     Training average positive_sample_loss at step 7200: 0.216937
2023-09-19 21:40:53 INFO     Training average negative_sample_loss at step 7200: 0.200271
2023-09-19 21:40:53 INFO     Training average loss at step 7200: 0.210151
2023-09-19 21:40:56 INFO     Training average regularization at step 7300: 0.001547
2023-09-19 21:40:56 INFO     Training average positive_sample_loss at step 7300: 0.215872
2023-09-19 21:40:56 INFO     Training average negative_sample_loss at step 7300: 0.201785
2023-09-19 21:40:56 INFO     Training average loss at step 7300: 0.210376
2023-09-19 21:41:00 INFO     Training average regularization at step 7400: 0.001548
2023-09-19 21:41:00 INFO     Training average positive_sample_loss at step 7400: 0.219395
2023-09-19 21:41:00 INFO     Training average negative_sample_loss at step 7400: 0.202513
2023-09-19 21:41:00 INFO     Training average loss at step 7400: 0.212502
2023-09-19 21:41:05 INFO     Training average regularization at step 7500: 0.001549
2023-09-19 21:41:05 INFO     Training average positive_sample_loss at step 7500: 0.205034
2023-09-19 21:41:05 INFO     Training average negative_sample_loss at step 7500: 0.199512
2023-09-19 21:41:05 INFO     Training average loss at step 7500: 0.203822
2023-09-19 21:41:08 INFO     Training average regularization at step 7600: 0.001552
2023-09-19 21:41:08 INFO     Training average positive_sample_loss at step 7600: 0.201357
2023-09-19 21:41:08 INFO     Training average negative_sample_loss at step 7600: 0.199761
2023-09-19 21:41:08 INFO     Training average loss at step 7600: 0.202110
2023-09-19 21:41:11 INFO     Training average regularization at step 7700: 0.001554
2023-09-19 21:41:11 INFO     Training average positive_sample_loss at step 7700: 0.203116
2023-09-19 21:41:11 INFO     Training average negative_sample_loss at step 7700: 0.197417
2023-09-19 21:41:11 INFO     Training average loss at step 7700: 0.201821
2023-09-19 21:41:15 INFO     Training average regularization at step 7800: 0.001557
2023-09-19 21:41:15 INFO     Training average positive_sample_loss at step 7800: 0.207733
2023-09-19 21:41:15 INFO     Training average negative_sample_loss at step 7800: 0.197804
2023-09-19 21:41:15 INFO     Training average loss at step 7800: 0.204325
2023-09-19 21:41:18 INFO     Training average regularization at step 7900: 0.001559
2023-09-19 21:41:18 INFO     Training average positive_sample_loss at step 7900: 0.206739
2023-09-19 21:41:18 INFO     Training average negative_sample_loss at step 7900: 0.196475
2023-09-19 21:41:18 INFO     Training average loss at step 7900: 0.203165
2023-09-19 21:41:22 INFO     Training average regularization at step 8000: 0.001560
2023-09-19 21:41:22 INFO     Training average positive_sample_loss at step 8000: 0.209328
2023-09-19 21:41:22 INFO     Training average negative_sample_loss at step 8000: 0.196063
2023-09-19 21:41:22 INFO     Training average loss at step 8000: 0.204255
2023-09-19 21:41:22 INFO     Evaluating on Valid Dataset...
2023-09-19 21:41:22 INFO     Evaluating the model... (0/4384)
2023-09-19 21:41:55 INFO     Evaluating the model... (1000/4384)
2023-09-19 21:42:28 INFO     Evaluating the model... (2000/4384)
2023-09-19 21:43:00 INFO     Evaluating the model... (3000/4384)
2023-09-19 21:43:31 INFO     Evaluating the model... (4000/4384)
2023-09-19 21:43:43 INFO     Valid MRR at step 8000: 0.387811
2023-09-19 21:43:43 INFO     Valid MR at step 8000: 229.352438
2023-09-19 21:43:43 INFO     Valid HITS@1 at step 8000: 0.288965
2023-09-19 21:43:43 INFO     Valid HITS@3 at step 8000: 0.435586
2023-09-19 21:43:43 INFO     Valid HITS@10 at step 8000: 0.582948
2023-09-19 21:43:47 INFO     Training average regularization at step 8100: 0.001561
2023-09-19 21:43:47 INFO     Training average positive_sample_loss at step 8100: 0.208572
2023-09-19 21:43:47 INFO     Training average negative_sample_loss at step 8100: 0.193711
2023-09-19 21:43:47 INFO     Training average loss at step 8100: 0.202703
2023-09-19 21:43:51 INFO     Training average regularization at step 8200: 0.001563
2023-09-19 21:43:51 INFO     Training average positive_sample_loss at step 8200: 0.209912
2023-09-19 21:43:51 INFO     Training average negative_sample_loss at step 8200: 0.196111
2023-09-19 21:43:51 INFO     Training average loss at step 8200: 0.204574
2023-09-19 21:43:54 INFO     Training average regularization at step 8300: 0.001563
2023-09-19 21:43:54 INFO     Training average positive_sample_loss at step 8300: 0.210980
2023-09-19 21:43:54 INFO     Training average negative_sample_loss at step 8300: 0.198214
2023-09-19 21:43:54 INFO     Training average loss at step 8300: 0.206160
2023-09-19 21:43:58 INFO     Training average regularization at step 8400: 0.001564
2023-09-19 21:43:58 INFO     Training average positive_sample_loss at step 8400: 0.211398
2023-09-19 21:43:58 INFO     Training average negative_sample_loss at step 8400: 0.197747
2023-09-19 21:43:58 INFO     Training average loss at step 8400: 0.206136
2023-09-19 21:44:01 INFO     Training average regularization at step 8500: 0.001565
2023-09-19 21:44:01 INFO     Training average positive_sample_loss at step 8500: 0.215677
2023-09-19 21:44:01 INFO     Training average negative_sample_loss at step 8500: 0.197220
2023-09-19 21:44:01 INFO     Training average loss at step 8500: 0.208013
2023-09-19 21:44:05 INFO     Training average regularization at step 8600: 0.001566
2023-09-19 21:44:05 INFO     Training average positive_sample_loss at step 8600: 0.197049
2023-09-19 21:44:05 INFO     Training average negative_sample_loss at step 8600: 0.197514
2023-09-19 21:44:05 INFO     Training average loss at step 8600: 0.198848
2023-09-19 21:44:09 INFO     Training average regularization at step 8700: 0.001569
2023-09-19 21:44:09 INFO     Training average positive_sample_loss at step 8700: 0.197200
2023-09-19 21:44:09 INFO     Training average negative_sample_loss at step 8700: 0.194343
2023-09-19 21:44:09 INFO     Training average loss at step 8700: 0.197341
2023-09-19 21:44:12 INFO     Training average regularization at step 8800: 0.001572
2023-09-19 21:44:12 INFO     Training average positive_sample_loss at step 8800: 0.198554
2023-09-19 21:44:12 INFO     Training average negative_sample_loss at step 8800: 0.192682
2023-09-19 21:44:12 INFO     Training average loss at step 8800: 0.197190
2023-09-19 21:44:16 INFO     Training average regularization at step 8900: 0.001575
2023-09-19 21:44:16 INFO     Training average positive_sample_loss at step 8900: 0.202475
2023-09-19 21:44:16 INFO     Training average negative_sample_loss at step 8900: 0.195977
2023-09-19 21:44:16 INFO     Training average loss at step 8900: 0.200801
2023-09-19 21:44:20 INFO     Training average regularization at step 9000: 0.001577
2023-09-19 21:44:20 INFO     Training average positive_sample_loss at step 9000: 0.204785
2023-09-19 21:44:20 INFO     Training average negative_sample_loss at step 9000: 0.196860
2023-09-19 21:44:20 INFO     Training average loss at step 9000: 0.202400
2023-09-19 21:44:20 INFO     Evaluating on Valid Dataset...
2023-09-19 21:44:20 INFO     Evaluating the model... (0/4384)
2023-09-19 21:44:54 INFO     Evaluating the model... (1000/4384)
2023-09-19 21:45:26 INFO     Evaluating the model... (2000/4384)
2023-09-19 21:45:58 INFO     Evaluating the model... (3000/4384)
2023-09-19 21:46:29 INFO     Evaluating the model... (4000/4384)
2023-09-19 21:46:41 INFO     Valid MRR at step 9000: 0.390114
2023-09-19 21:46:41 INFO     Valid MR at step 9000: 216.966182
2023-09-19 21:46:41 INFO     Valid HITS@1 at step 9000: 0.291816
2023-09-19 21:46:41 INFO     Valid HITS@3 at step 9000: 0.437183
2023-09-19 21:46:41 INFO     Valid HITS@10 at step 9000: 0.585115
2023-09-19 21:46:45 INFO     Training average regularization at step 9100: 0.001579
2023-09-19 21:46:45 INFO     Training average positive_sample_loss at step 9100: 0.206645
2023-09-19 21:46:45 INFO     Training average negative_sample_loss at step 9100: 0.195535
2023-09-19 21:46:45 INFO     Training average loss at step 9100: 0.202668
2023-09-19 21:46:48 INFO     Training average regularization at step 9200: 0.001580
2023-09-19 21:46:48 INFO     Training average positive_sample_loss at step 9200: 0.206982
2023-09-19 21:46:48 INFO     Training average negative_sample_loss at step 9200: 0.194593
2023-09-19 21:46:48 INFO     Training average loss at step 9200: 0.202367
2023-09-19 21:46:52 INFO     Training average regularization at step 9300: 0.001581
2023-09-19 21:46:52 INFO     Training average positive_sample_loss at step 9300: 0.207540
2023-09-19 21:46:52 INFO     Training average negative_sample_loss at step 9300: 0.192680
2023-09-19 21:46:52 INFO     Training average loss at step 9300: 0.201692
2023-09-19 21:46:56 INFO     Training average regularization at step 9400: 0.001582
2023-09-19 21:46:56 INFO     Training average positive_sample_loss at step 9400: 0.209661
2023-09-19 21:46:56 INFO     Training average negative_sample_loss at step 9400: 0.195715
2023-09-19 21:46:56 INFO     Training average loss at step 9400: 0.204270
2023-09-19 21:46:59 INFO     Training average regularization at step 9500: 0.001583
2023-09-19 21:46:59 INFO     Training average positive_sample_loss at step 9500: 0.210532
2023-09-19 21:46:59 INFO     Training average negative_sample_loss at step 9500: 0.192446
2023-09-19 21:46:59 INFO     Training average loss at step 9500: 0.203072
2023-09-19 21:47:04 INFO     Training average regularization at step 9600: 0.001583
2023-09-19 21:47:04 INFO     Training average positive_sample_loss at step 9600: 0.204867
2023-09-19 21:47:04 INFO     Training average negative_sample_loss at step 9600: 0.195100
2023-09-19 21:47:04 INFO     Training average loss at step 9600: 0.201567
2023-09-19 21:47:07 INFO     Training average regularization at step 9700: 0.001586
2023-09-19 21:47:07 INFO     Training average positive_sample_loss at step 9700: 0.194378
2023-09-19 21:47:07 INFO     Training average negative_sample_loss at step 9700: 0.194365
2023-09-19 21:47:07 INFO     Training average loss at step 9700: 0.195958
2023-09-19 21:47:11 INFO     Training average regularization at step 9800: 0.001590
2023-09-19 21:47:11 INFO     Training average positive_sample_loss at step 9800: 0.197787
2023-09-19 21:47:11 INFO     Training average negative_sample_loss at step 9800: 0.190581
2023-09-19 21:47:11 INFO     Training average loss at step 9800: 0.195774
2023-09-19 21:47:15 INFO     Training average regularization at step 9900: 0.001593
2023-09-19 21:47:15 INFO     Training average positive_sample_loss at step 9900: 0.199336
2023-09-19 21:47:15 INFO     Training average negative_sample_loss at step 9900: 0.193344
2023-09-19 21:47:15 INFO     Training average loss at step 9900: 0.197933
2023-09-19 21:47:18 INFO     Evaluating on Valid Dataset...
2023-09-19 21:47:19 INFO     Evaluating the model... (0/4384)
2023-09-19 21:47:53 INFO     Evaluating the model... (1000/4384)
2023-09-19 21:48:24 INFO     Evaluating the model... (2000/4384)
2023-09-19 21:48:56 INFO     Evaluating the model... (3000/4384)
2023-09-19 21:49:26 INFO     Evaluating the model... (4000/4384)
2023-09-19 21:49:38 INFO     Valid MRR at step 9999: 0.392349
2023-09-19 21:49:38 INFO     Valid MR at step 9999: 208.308241
2023-09-19 21:49:38 INFO     Valid HITS@1 at step 9999: 0.293128
2023-09-19 21:49:38 INFO     Valid HITS@3 at step 9999: 0.438209
2023-09-19 21:49:38 INFO     Valid HITS@10 at step 9999: 0.587967
2023-09-19 21:49:38 INFO     Evaluating on Test Dataset...
2023-09-19 21:49:38 INFO     Evaluating the model... (0/5117)
2023-09-19 21:50:08 INFO     Evaluating the model... (1000/5117)
2023-09-19 21:50:38 INFO     Evaluating the model... (2000/5117)
2023-09-19 21:51:06 INFO     Evaluating the model... (3000/5117)
2023-09-19 21:51:36 INFO     Evaluating the model... (4000/5117)
2023-09-19 21:52:05 INFO     Evaluating the model... (5000/5117)
2023-09-19 21:52:09 INFO     Test MRR at step 9999: 0.383061
2023-09-19 21:52:09 INFO     Test MR at step 9999: 225.044855
2023-09-19 21:52:09 INFO     Test HITS@1 at step 9999: 0.281687
2023-09-19 21:52:09 INFO     Test HITS@3 at step 9999: 0.429933
2023-09-19 21:52:09 INFO     Test HITS@10 at step 9999: 0.584237
