2023-09-19 22:11:02 INFO     Model: ComplEx
2023-09-19 22:11:02 INFO     Data Path: data/FB15k-237
2023-09-19 22:11:02 INFO     #entity: 14541
2023-09-19 22:11:02 INFO     #relation: 237
2023-09-19 22:11:03 INFO     #train: 272115
2023-09-19 22:11:03 INFO     #valid: 17535
2023-09-19 22:11:03 INFO     #test: 20466
2023-09-19 22:11:03 INFO     Model Parameter Configuration:
2023-09-19 22:11:03 INFO     Parameter gamma: torch.Size([1]), require_grad = False
2023-09-19 22:11:03 INFO     Parameter embedding_range: torch.Size([1]), require_grad = False
2023-09-19 22:11:03 INFO     Parameter entity_embedding: torch.Size([14541, 200]), require_grad = True
2023-09-19 22:11:03 INFO     Parameter relation_embedding: torch.Size([237, 200]), require_grad = True
2023-09-19 22:11:08 INFO     Ramdomly Initializing ComplEx Model...
2023-09-19 22:11:08 INFO     Start Training...
2023-09-19 22:11:08 INFO     init_step = 0
2023-09-19 22:11:08 INFO     batch_size = 256
2023-09-19 22:11:08 INFO     negative_adversarial_sampling = 0
2023-09-19 22:11:08 INFO     hidden_dim = 100
2023-09-19 22:11:08 INFO     gamma = 1.000000
2023-09-19 22:11:08 INFO     negative_adversarial_sampling = False
2023-09-19 22:11:08 INFO     learning_rate = 0
2023-09-19 22:11:09 INFO     Training average regularization at step 0: 0.000020
2023-09-19 22:11:09 INFO     Training average positive_sample_loss at step 0: 0.693149
2023-09-19 22:11:09 INFO     Training average negative_sample_loss at step 0: 0.693147
2023-09-19 22:11:09 INFO     Training average loss at step 0: 0.693168
2023-09-19 22:11:09 INFO     Evaluating on Valid Dataset...
2023-09-19 22:11:10 INFO     Evaluating the model... (0/4384)
2023-09-19 22:11:36 INFO     Evaluating the model... (1000/4384)
2023-09-19 22:12:04 INFO     Evaluating the model... (2000/4384)
2023-09-19 22:12:32 INFO     Evaluating the model... (3000/4384)
2023-09-19 22:12:59 INFO     Evaluating the model... (4000/4384)
2023-09-19 22:13:10 INFO     Valid MRR at step 0: 0.000609
2023-09-19 22:13:10 INFO     Valid MR at step 0: 7238.057371
2023-09-19 22:13:10 INFO     Valid HITS@1 at step 0: 0.000000
2023-09-19 22:13:10 INFO     Valid HITS@3 at step 0: 0.000114
2023-09-19 22:13:10 INFO     Valid HITS@10 at step 0: 0.000399
2023-09-19 22:13:13 INFO     Training average regularization at step 100: 0.000016
2023-09-19 22:13:13 INFO     Training average positive_sample_loss at step 100: 0.693139
2023-09-19 22:13:13 INFO     Training average negative_sample_loss at step 100: 0.693147
2023-09-19 22:13:13 INFO     Training average loss at step 100: 0.693159
2023-09-19 22:13:17 INFO     Training average regularization at step 200: 0.000017
2023-09-19 22:13:17 INFO     Training average positive_sample_loss at step 200: 0.693103
2023-09-19 22:13:17 INFO     Training average negative_sample_loss at step 200: 0.693147
2023-09-19 22:13:17 INFO     Training average loss at step 200: 0.693142
2023-09-19 22:13:20 INFO     Training average regularization at step 300: 0.000027
2023-09-19 22:13:20 INFO     Training average positive_sample_loss at step 300: 0.692468
2023-09-19 22:13:20 INFO     Training average negative_sample_loss at step 300: 0.693127
2023-09-19 22:13:20 INFO     Training average loss at step 300: 0.692825
2023-09-19 22:13:24 INFO     Training average regularization at step 400: 0.000105
2023-09-19 22:13:24 INFO     Training average positive_sample_loss at step 400: 0.685421
2023-09-19 22:13:24 INFO     Training average negative_sample_loss at step 400: 0.692705
2023-09-19 22:13:24 INFO     Training average loss at step 400: 0.689169
2023-09-19 22:13:27 INFO     Training average regularization at step 500: 0.000528
2023-09-19 22:13:27 INFO     Training average positive_sample_loss at step 500: 0.651765
2023-09-19 22:13:27 INFO     Training average negative_sample_loss at step 500: 0.689239
2023-09-19 22:13:27 INFO     Training average loss at step 500: 0.671031
2023-09-19 22:13:30 INFO     Training average regularization at step 600: 0.001824
2023-09-19 22:13:30 INFO     Training average positive_sample_loss at step 600: 0.578850
2023-09-19 22:13:30 INFO     Training average negative_sample_loss at step 600: 0.674177
2023-09-19 22:13:30 INFO     Training average loss at step 600: 0.628337
2023-09-19 22:13:33 INFO     Training average regularization at step 700: 0.004329
2023-09-19 22:13:33 INFO     Training average positive_sample_loss at step 700: 0.477394
2023-09-19 22:13:33 INFO     Training average negative_sample_loss at step 700: 0.639431
2023-09-19 22:13:33 INFO     Training average loss at step 700: 0.562741
2023-09-19 22:13:37 INFO     Training average regularization at step 800: 0.007762
2023-09-19 22:13:37 INFO     Training average positive_sample_loss at step 800: 0.385074
2023-09-19 22:13:37 INFO     Training average negative_sample_loss at step 800: 0.584876
2023-09-19 22:13:37 INFO     Training average loss at step 800: 0.492737
2023-09-19 22:13:40 INFO     Training average regularization at step 900: 0.011551
2023-09-19 22:13:40 INFO     Training average positive_sample_loss at step 900: 0.316939
2023-09-19 22:13:40 INFO     Training average negative_sample_loss at step 900: 0.521890
2023-09-19 22:13:40 INFO     Training average loss at step 900: 0.430966
2023-09-19 22:13:43 INFO     Training average regularization at step 1000: 0.015267
2023-09-19 22:13:43 INFO     Training average positive_sample_loss at step 1000: 0.269972
2023-09-19 22:13:43 INFO     Training average negative_sample_loss at step 1000: 0.464211
2023-09-19 22:13:43 INFO     Training average loss at step 1000: 0.382358
2023-09-19 22:13:43 INFO     Evaluating on Valid Dataset...
2023-09-19 22:13:43 INFO     Evaluating the model... (0/4384)
2023-09-19 22:14:11 INFO     Evaluating the model... (1000/4384)
2023-09-19 22:14:38 INFO     Evaluating the model... (2000/4384)
2023-09-19 22:15:04 INFO     Evaluating the model... (3000/4384)
2023-09-19 22:15:32 INFO     Evaluating the model... (4000/4384)
2023-09-19 22:15:43 INFO     Valid MRR at step 1000: 0.316112
2023-09-19 22:15:43 INFO     Valid MR at step 1000: 442.141089
2023-09-19 22:15:43 INFO     Valid HITS@1 at step 1000: 0.240262
2023-09-19 22:15:43 INFO     Valid HITS@3 at step 1000: 0.345138
2023-09-19 22:15:43 INFO     Valid HITS@10 at step 1000: 0.464271
2023-09-19 22:15:47 INFO     Training average regularization at step 1100: 0.018671
2023-09-19 22:15:47 INFO     Training average positive_sample_loss at step 1100: 0.227311
2023-09-19 22:15:47 INFO     Training average negative_sample_loss at step 1100: 0.411529
2023-09-19 22:15:47 INFO     Training average loss at step 1100: 0.338090
2023-09-19 22:15:50 INFO     Training average regularization at step 1200: 0.021865
2023-09-19 22:15:50 INFO     Training average positive_sample_loss at step 1200: 0.196522
2023-09-19 22:15:50 INFO     Training average negative_sample_loss at step 1200: 0.365437
2023-09-19 22:15:50 INFO     Training average loss at step 1200: 0.302844
2023-09-19 22:15:53 INFO     Training average regularization at step 1300: 0.024821
2023-09-19 22:15:53 INFO     Training average positive_sample_loss at step 1300: 0.182144
2023-09-19 22:15:53 INFO     Training average negative_sample_loss at step 1300: 0.328082
2023-09-19 22:15:53 INFO     Training average loss at step 1300: 0.279934
2023-09-19 22:15:56 INFO     Training average regularization at step 1400: 0.027464
2023-09-19 22:15:56 INFO     Training average positive_sample_loss at step 1400: 0.175622
2023-09-19 22:15:56 INFO     Training average negative_sample_loss at step 1400: 0.304387
2023-09-19 22:15:56 INFO     Training average loss at step 1400: 0.267469
2023-09-19 22:15:59 INFO     Training average regularization at step 1500: 0.029817
2023-09-19 22:15:59 INFO     Training average positive_sample_loss at step 1500: 0.165489
2023-09-19 22:15:59 INFO     Training average negative_sample_loss at step 1500: 0.283728
2023-09-19 22:15:59 INFO     Training average loss at step 1500: 0.254426
2023-09-19 22:16:02 INFO     Training average regularization at step 1600: 0.031954
2023-09-19 22:16:02 INFO     Training average positive_sample_loss at step 1600: 0.158686
2023-09-19 22:16:02 INFO     Training average negative_sample_loss at step 1600: 0.262969
2023-09-19 22:16:02 INFO     Training average loss at step 1600: 0.242782
2023-09-19 22:16:05 INFO     Training average regularization at step 1700: 0.033872
2023-09-19 22:16:05 INFO     Training average positive_sample_loss at step 1700: 0.148277
2023-09-19 22:16:05 INFO     Training average negative_sample_loss at step 1700: 0.246900
2023-09-19 22:16:05 INFO     Training average loss at step 1700: 0.231461
2023-09-19 22:16:09 INFO     Training average regularization at step 1800: 0.035618
2023-09-19 22:16:09 INFO     Training average positive_sample_loss at step 1800: 0.143989
2023-09-19 22:16:09 INFO     Training average negative_sample_loss at step 1800: 0.234871
2023-09-19 22:16:09 INFO     Training average loss at step 1800: 0.225048
2023-09-19 22:16:12 INFO     Training average regularization at step 1900: 0.037212
2023-09-19 22:16:12 INFO     Training average positive_sample_loss at step 1900: 0.132588
2023-09-19 22:16:12 INFO     Training average negative_sample_loss at step 1900: 0.224384
2023-09-19 22:16:12 INFO     Training average loss at step 1900: 0.215699
2023-09-19 22:16:15 INFO     Training average regularization at step 2000: 0.038678
2023-09-19 22:16:15 INFO     Training average positive_sample_loss at step 2000: 0.133295
2023-09-19 22:16:15 INFO     Training average negative_sample_loss at step 2000: 0.215405
2023-09-19 22:16:15 INFO     Training average loss at step 2000: 0.213029
2023-09-19 22:16:15 INFO     Evaluating on Valid Dataset...
2023-09-19 22:16:16 INFO     Evaluating the model... (0/4384)
2023-09-19 22:16:46 INFO     Evaluating the model... (1000/4384)
2023-09-19 22:17:14 INFO     Evaluating the model... (2000/4384)
2023-09-19 22:17:43 INFO     Evaluating the model... (3000/4384)
2023-09-19 22:18:11 INFO     Evaluating the model... (4000/4384)
2023-09-19 22:18:22 INFO     Valid MRR at step 2000: 0.336016
2023-09-19 22:18:22 INFO     Valid MR at step 2000: 278.241403
2023-09-19 22:18:22 INFO     Valid HITS@1 at step 2000: 0.253322
2023-09-19 22:18:22 INFO     Valid HITS@3 at step 2000: 0.362361
2023-09-19 22:18:22 INFO     Valid HITS@10 at step 2000: 0.507043
2023-09-19 22:18:26 INFO     Training average regularization at step 2100: 0.040023
2023-09-19 22:18:26 INFO     Training average positive_sample_loss at step 2100: 0.126562
2023-09-19 22:18:26 INFO     Training average negative_sample_loss at step 2100: 0.205453
2023-09-19 22:18:26 INFO     Training average loss at step 2100: 0.206031
2023-09-19 22:18:29 INFO     Training average regularization at step 2200: 0.041256
2023-09-19 22:18:29 INFO     Training average positive_sample_loss at step 2200: 0.096270
2023-09-19 22:18:29 INFO     Training average negative_sample_loss at step 2200: 0.193338
2023-09-19 22:18:29 INFO     Training average loss at step 2200: 0.186060
2023-09-19 22:18:32 INFO     Training average regularization at step 2300: 0.042479
2023-09-19 22:18:32 INFO     Training average positive_sample_loss at step 2300: 0.089062
2023-09-19 22:18:32 INFO     Training average negative_sample_loss at step 2300: 0.177077
2023-09-19 22:18:32 INFO     Training average loss at step 2300: 0.175549
2023-09-19 22:18:36 INFO     Training average regularization at step 2400: 0.043713
2023-09-19 22:18:36 INFO     Training average positive_sample_loss at step 2400: 0.092163
2023-09-19 22:18:36 INFO     Training average negative_sample_loss at step 2400: 0.170402
2023-09-19 22:18:36 INFO     Training average loss at step 2400: 0.174995
2023-09-19 22:18:39 INFO     Training average regularization at step 2500: 0.044889
2023-09-19 22:18:39 INFO     Training average positive_sample_loss at step 2500: 0.092470
2023-09-19 22:18:39 INFO     Training average negative_sample_loss at step 2500: 0.161779
2023-09-19 22:18:39 INFO     Training average loss at step 2500: 0.172014
2023-09-19 22:18:42 INFO     Training average regularization at step 2600: 0.045986
2023-09-19 22:18:42 INFO     Training average positive_sample_loss at step 2600: 0.089037
2023-09-19 22:18:42 INFO     Training average negative_sample_loss at step 2600: 0.155949
2023-09-19 22:18:42 INFO     Training average loss at step 2600: 0.168479
2023-09-19 22:18:45 INFO     Training average regularization at step 2700: 0.046981
2023-09-19 22:18:45 INFO     Training average positive_sample_loss at step 2700: 0.088847
2023-09-19 22:18:45 INFO     Training average negative_sample_loss at step 2700: 0.153788
2023-09-19 22:18:45 INFO     Training average loss at step 2700: 0.168298
2023-09-19 22:18:48 INFO     Training average regularization at step 2800: 0.047919
2023-09-19 22:18:48 INFO     Training average positive_sample_loss at step 2800: 0.085115
2023-09-19 22:18:48 INFO     Training average negative_sample_loss at step 2800: 0.148794
2023-09-19 22:18:48 INFO     Training average loss at step 2800: 0.164873
2023-09-19 22:18:51 INFO     Training average regularization at step 2900: 0.048796
2023-09-19 22:18:51 INFO     Training average positive_sample_loss at step 2900: 0.085705
2023-09-19 22:18:51 INFO     Training average negative_sample_loss at step 2900: 0.144983
2023-09-19 22:18:51 INFO     Training average loss at step 2900: 0.164140
2023-09-19 22:18:54 INFO     Training average regularization at step 3000: 0.049616
2023-09-19 22:18:54 INFO     Training average positive_sample_loss at step 3000: 0.082827
2023-09-19 22:18:54 INFO     Training average negative_sample_loss at step 3000: 0.141742
2023-09-19 22:18:54 INFO     Training average loss at step 3000: 0.161901
2023-09-19 22:18:54 INFO     Evaluating on Valid Dataset...
2023-09-19 22:18:55 INFO     Evaluating the model... (0/4384)
2023-09-19 22:19:24 INFO     Evaluating the model... (1000/4384)
2023-09-19 22:19:53 INFO     Evaluating the model... (2000/4384)
2023-09-19 22:20:22 INFO     Evaluating the model... (3000/4384)
2023-09-19 22:20:51 INFO     Evaluating the model... (4000/4384)
2023-09-19 22:21:02 INFO     Valid MRR at step 3000: 0.350754
2023-09-19 22:21:02 INFO     Valid MR at step 3000: 214.999259
2023-09-19 22:21:02 INFO     Valid HITS@1 at step 3000: 0.264614
2023-09-19 22:21:02 INFO     Valid HITS@3 at step 3000: 0.381238
2023-09-19 22:21:02 INFO     Valid HITS@10 at step 3000: 0.525577
2023-09-19 22:21:05 INFO     Training average regularization at step 3100: 0.050366
2023-09-19 22:21:05 INFO     Training average positive_sample_loss at step 3100: 0.081277
2023-09-19 22:21:05 INFO     Training average negative_sample_loss at step 3100: 0.139384
2023-09-19 22:21:05 INFO     Training average loss at step 3100: 0.160696
2023-09-19 22:21:08 INFO     Training average regularization at step 3200: 0.051086
2023-09-19 22:21:08 INFO     Training average positive_sample_loss at step 3200: 0.074447
2023-09-19 22:21:08 INFO     Training average negative_sample_loss at step 3200: 0.134419
2023-09-19 22:21:08 INFO     Training average loss at step 3200: 0.155519
2023-09-19 22:21:12 INFO     Training average regularization at step 3300: 0.051655
2023-09-19 22:21:12 INFO     Training average positive_sample_loss at step 3300: 0.055858
2023-09-19 22:21:12 INFO     Training average negative_sample_loss at step 3300: 0.125890
2023-09-19 22:21:12 INFO     Training average loss at step 3300: 0.142529
2023-09-19 22:21:15 INFO     Training average regularization at step 3400: 0.052298
2023-09-19 22:21:15 INFO     Training average positive_sample_loss at step 3400: 0.060513
2023-09-19 22:21:15 INFO     Training average negative_sample_loss at step 3400: 0.117872
2023-09-19 22:21:15 INFO     Training average loss at step 3400: 0.141491
2023-09-19 22:21:18 INFO     Training average regularization at step 3500: 0.052956
2023-09-19 22:21:18 INFO     Training average positive_sample_loss at step 3500: 0.061201
2023-09-19 22:21:18 INFO     Training average negative_sample_loss at step 3500: 0.114683
2023-09-19 22:21:18 INFO     Training average loss at step 3500: 0.140898
2023-09-19 22:21:21 INFO     Training average regularization at step 3600: 0.053619
2023-09-19 22:21:21 INFO     Training average positive_sample_loss at step 3600: 0.061766
2023-09-19 22:21:21 INFO     Training average negative_sample_loss at step 3600: 0.113322
2023-09-19 22:21:21 INFO     Training average loss at step 3600: 0.141163
2023-09-19 22:21:25 INFO     Training average regularization at step 3700: 0.054257
2023-09-19 22:21:25 INFO     Training average positive_sample_loss at step 3700: 0.060993
2023-09-19 22:21:25 INFO     Training average negative_sample_loss at step 3700: 0.110641
2023-09-19 22:21:25 INFO     Training average loss at step 3700: 0.140074
2023-09-19 22:21:28 INFO     Training average regularization at step 3800: 0.054856
2023-09-19 22:21:28 INFO     Training average positive_sample_loss at step 3800: 0.060746
2023-09-19 22:21:28 INFO     Training average negative_sample_loss at step 3800: 0.109115
2023-09-19 22:21:28 INFO     Training average loss at step 3800: 0.139787
2023-09-19 22:21:31 INFO     Training average regularization at step 3900: 0.055411
2023-09-19 22:21:31 INFO     Training average positive_sample_loss at step 3900: 0.061211
2023-09-19 22:21:31 INFO     Training average negative_sample_loss at step 3900: 0.109027
2023-09-19 22:21:31 INFO     Training average loss at step 3900: 0.140530
2023-09-19 22:21:34 INFO     Training average regularization at step 4000: 0.055930
2023-09-19 22:21:34 INFO     Training average positive_sample_loss at step 4000: 0.059724
2023-09-19 22:21:34 INFO     Training average negative_sample_loss at step 4000: 0.106759
2023-09-19 22:21:34 INFO     Training average loss at step 4000: 0.139171
2023-09-19 22:21:34 INFO     Evaluating on Valid Dataset...
2023-09-19 22:21:35 INFO     Evaluating the model... (0/4384)
2023-09-19 22:22:04 INFO     Evaluating the model... (1000/4384)
2023-09-19 22:22:32 INFO     Evaluating the model... (2000/4384)
2023-09-19 22:23:02 INFO     Evaluating the model... (3000/4384)
2023-09-19 22:23:31 INFO     Evaluating the model... (4000/4384)
2023-09-19 22:23:42 INFO     Valid MRR at step 4000: 0.361068
2023-09-19 22:23:42 INFO     Valid MR at step 4000: 185.783918
2023-09-19 22:23:42 INFO     Valid HITS@1 at step 4000: 0.272427
2023-09-19 22:23:42 INFO     Valid HITS@3 at step 4000: 0.394468
2023-09-19 22:23:42 INFO     Valid HITS@10 at step 4000: 0.540006
2023-09-19 22:23:45 INFO     Training average regularization at step 4100: 0.056392
2023-09-19 22:23:45 INFO     Training average positive_sample_loss at step 4100: 0.058422
2023-09-19 22:23:45 INFO     Training average negative_sample_loss at step 4100: 0.104571
2023-09-19 22:23:45 INFO     Training average loss at step 4100: 0.137888
2023-09-19 22:23:49 INFO     Training average regularization at step 4200: 0.056833
2023-09-19 22:23:49 INFO     Training average positive_sample_loss at step 4200: 0.059461
2023-09-19 22:23:49 INFO     Training average negative_sample_loss at step 4200: 0.104156
2023-09-19 22:23:49 INFO     Training average loss at step 4200: 0.138641
2023-09-19 22:23:52 INFO     Training average regularization at step 4300: 0.057231
2023-09-19 22:23:52 INFO     Training average positive_sample_loss at step 4300: 0.049153
2023-09-19 22:23:52 INFO     Training average negative_sample_loss at step 4300: 0.101270
2023-09-19 22:23:52 INFO     Training average loss at step 4300: 0.132443
2023-09-19 22:23:56 INFO     Training average regularization at step 4400: 0.057481
2023-09-19 22:23:56 INFO     Training average positive_sample_loss at step 4400: 0.043826
2023-09-19 22:23:56 INFO     Training average negative_sample_loss at step 4400: 0.092999
2023-09-19 22:23:56 INFO     Training average loss at step 4400: 0.125894
2023-09-19 22:23:59 INFO     Training average regularization at step 4500: 0.057822
2023-09-19 22:23:59 INFO     Training average positive_sample_loss at step 4500: 0.046634
2023-09-19 22:23:59 INFO     Training average negative_sample_loss at step 4500: 0.090441
2023-09-19 22:23:59 INFO     Training average loss at step 4500: 0.126359
2023-09-19 22:24:02 INFO     Training average regularization at step 4600: 0.058219
2023-09-19 22:24:02 INFO     Training average positive_sample_loss at step 4600: 0.046794
2023-09-19 22:24:02 INFO     Training average negative_sample_loss at step 4600: 0.088794
2023-09-19 22:24:02 INFO     Training average loss at step 4600: 0.126013
2023-09-19 22:24:06 INFO     Training average regularization at step 4700: 0.058609
2023-09-19 22:24:06 INFO     Training average positive_sample_loss at step 4700: 0.046928
2023-09-19 22:24:06 INFO     Training average negative_sample_loss at step 4700: 0.088047
2023-09-19 22:24:06 INFO     Training average loss at step 4700: 0.126096
2023-09-19 22:24:09 INFO     Training average regularization at step 4800: 0.058968
2023-09-19 22:24:09 INFO     Training average positive_sample_loss at step 4800: 0.047609
2023-09-19 22:24:09 INFO     Training average negative_sample_loss at step 4800: 0.088017
2023-09-19 22:24:09 INFO     Training average loss at step 4800: 0.126781
2023-09-19 22:24:12 INFO     Training average regularization at step 4900: 0.059319
2023-09-19 22:24:12 INFO     Training average positive_sample_loss at step 4900: 0.046979
2023-09-19 22:24:12 INFO     Training average negative_sample_loss at step 4900: 0.086682
2023-09-19 22:24:12 INFO     Training average loss at step 4900: 0.126149
2023-09-19 22:24:15 INFO     Change learning_rate to 0.000100 at step 5000
2023-09-19 22:24:15 INFO     Training average regularization at step 5000: 0.059651
2023-09-19 22:24:15 INFO     Training average positive_sample_loss at step 5000: 0.046802
2023-09-19 22:24:15 INFO     Training average negative_sample_loss at step 5000: 0.086633
2023-09-19 22:24:15 INFO     Training average loss at step 5000: 0.126368
2023-09-19 22:24:15 INFO     Evaluating on Valid Dataset...
2023-09-19 22:24:15 INFO     Evaluating the model... (0/4384)
2023-09-19 22:24:45 INFO     Evaluating the model... (1000/4384)
2023-09-19 22:25:14 INFO     Evaluating the model... (2000/4384)
2023-09-19 22:25:43 INFO     Evaluating the model... (3000/4384)
2023-09-19 22:26:11 INFO     Evaluating the model... (4000/4384)
2023-09-19 22:26:22 INFO     Valid MRR at step 5000: 0.366716
2023-09-19 22:26:22 INFO     Valid MR at step 5000: 168.652866
2023-09-19 22:26:22 INFO     Valid HITS@1 at step 5000: 0.275905
2023-09-19 22:26:22 INFO     Valid HITS@3 at step 5000: 0.401711
2023-09-19 22:26:22 INFO     Valid HITS@10 at step 5000: 0.546393
2023-09-19 22:26:26 INFO     Training average regularization at step 5100: 0.059440
2023-09-19 22:26:26 INFO     Training average positive_sample_loss at step 5100: 0.049549
2023-09-19 22:26:26 INFO     Training average negative_sample_loss at step 5100: 0.084131
2023-09-19 22:26:26 INFO     Training average loss at step 5100: 0.126280
2023-09-19 22:26:29 INFO     Training average regularization at step 5200: 0.059187
2023-09-19 22:26:29 INFO     Training average positive_sample_loss at step 5200: 0.052451
2023-09-19 22:26:29 INFO     Training average negative_sample_loss at step 5200: 0.083672
2023-09-19 22:26:29 INFO     Training average loss at step 5200: 0.127248
2023-09-19 22:26:32 INFO     Training average regularization at step 5300: 0.059097
2023-09-19 22:26:32 INFO     Training average positive_sample_loss at step 5300: 0.051588
2023-09-19 22:26:32 INFO     Training average negative_sample_loss at step 5300: 0.083779
2023-09-19 22:26:32 INFO     Training average loss at step 5300: 0.126780
2023-09-19 22:26:36 INFO     Training average regularization at step 5400: 0.059053
2023-09-19 22:26:36 INFO     Training average positive_sample_loss at step 5400: 0.040313
2023-09-19 22:26:36 INFO     Training average negative_sample_loss at step 5400: 0.082220
2023-09-19 22:26:36 INFO     Training average loss at step 5400: 0.120320
2023-09-19 22:26:39 INFO     Training average regularization at step 5500: 0.059024
2023-09-19 22:26:39 INFO     Training average positive_sample_loss at step 5500: 0.038736
2023-09-19 22:26:39 INFO     Training average negative_sample_loss at step 5500: 0.080824
2023-09-19 22:26:39 INFO     Training average loss at step 5500: 0.118803
2023-09-19 22:26:42 INFO     Training average regularization at step 5600: 0.059012
2023-09-19 22:26:42 INFO     Training average positive_sample_loss at step 5600: 0.039693
2023-09-19 22:26:42 INFO     Training average negative_sample_loss at step 5600: 0.080681
2023-09-19 22:26:42 INFO     Training average loss at step 5600: 0.119199
2023-09-19 22:26:45 INFO     Training average regularization at step 5700: 0.059012
2023-09-19 22:26:45 INFO     Training average positive_sample_loss at step 5700: 0.040305
2023-09-19 22:26:45 INFO     Training average negative_sample_loss at step 5700: 0.079925
2023-09-19 22:26:45 INFO     Training average loss at step 5700: 0.119127
2023-09-19 22:26:48 INFO     Training average regularization at step 5800: 0.059022
2023-09-19 22:26:48 INFO     Training average positive_sample_loss at step 5800: 0.041591
2023-09-19 22:26:48 INFO     Training average negative_sample_loss at step 5800: 0.079991
2023-09-19 22:26:48 INFO     Training average loss at step 5800: 0.119813
2023-09-19 22:26:52 INFO     Training average regularization at step 5900: 0.059039
2023-09-19 22:26:52 INFO     Training average positive_sample_loss at step 5900: 0.040843
2023-09-19 22:26:52 INFO     Training average negative_sample_loss at step 5900: 0.078683
2023-09-19 22:26:52 INFO     Training average loss at step 5900: 0.118802
2023-09-19 22:26:55 INFO     Training average regularization at step 6000: 0.059059
2023-09-19 22:26:55 INFO     Training average positive_sample_loss at step 6000: 0.041634
2023-09-19 22:26:55 INFO     Training average negative_sample_loss at step 6000: 0.078870
2023-09-19 22:26:55 INFO     Training average loss at step 6000: 0.119311
2023-09-19 22:26:55 INFO     Evaluating on Valid Dataset...
2023-09-19 22:26:55 INFO     Evaluating the model... (0/4384)
2023-09-19 22:27:23 INFO     Evaluating the model... (1000/4384)
2023-09-19 22:27:52 INFO     Evaluating the model... (2000/4384)
2023-09-19 22:28:20 INFO     Evaluating the model... (3000/4384)
2023-09-19 22:28:49 INFO     Evaluating the model... (4000/4384)
2023-09-19 22:29:00 INFO     Valid MRR at step 6000: 0.370040
2023-09-19 22:29:00 INFO     Valid MR at step 6000: 168.136185
2023-09-19 22:29:00 INFO     Valid HITS@1 at step 6000: 0.278928
2023-09-19 22:29:00 INFO     Valid HITS@3 at step 6000: 0.405247
2023-09-19 22:29:00 INFO     Valid HITS@10 at step 6000: 0.550328
2023-09-19 22:29:03 INFO     Training average regularization at step 6100: 0.059084
2023-09-19 22:29:03 INFO     Training average positive_sample_loss at step 6100: 0.043152
2023-09-19 22:29:03 INFO     Training average negative_sample_loss at step 6100: 0.078359
2023-09-19 22:29:03 INFO     Training average loss at step 6100: 0.119840
2023-09-19 22:29:06 INFO     Training average regularization at step 6200: 0.059114
2023-09-19 22:29:06 INFO     Training average positive_sample_loss at step 6200: 0.043103
2023-09-19 22:29:06 INFO     Training average negative_sample_loss at step 6200: 0.078649
2023-09-19 22:29:06 INFO     Training average loss at step 6200: 0.119990
2023-09-19 22:29:09 INFO     Training average regularization at step 6300: 0.059144
2023-09-19 22:29:09 INFO     Training average positive_sample_loss at step 6300: 0.041560
2023-09-19 22:29:09 INFO     Training average negative_sample_loss at step 6300: 0.077237
2023-09-19 22:29:09 INFO     Training average loss at step 6300: 0.118543
2023-09-19 22:29:13 INFO     Training average regularization at step 6400: 0.059175
2023-09-19 22:29:13 INFO     Training average positive_sample_loss at step 6400: 0.042049
2023-09-19 22:29:13 INFO     Training average negative_sample_loss at step 6400: 0.077495
2023-09-19 22:29:13 INFO     Training average loss at step 6400: 0.118947
2023-09-19 22:29:16 INFO     Training average regularization at step 6500: 0.059204
2023-09-19 22:29:16 INFO     Training average positive_sample_loss at step 6500: 0.040504
2023-09-19 22:29:16 INFO     Training average negative_sample_loss at step 6500: 0.077580
2023-09-19 22:29:16 INFO     Training average loss at step 6500: 0.118246
2023-09-19 22:29:19 INFO     Training average regularization at step 6600: 0.059227
2023-09-19 22:29:19 INFO     Training average positive_sample_loss at step 6600: 0.039393
2023-09-19 22:29:19 INFO     Training average negative_sample_loss at step 6600: 0.075822
2023-09-19 22:29:19 INFO     Training average loss at step 6600: 0.116834
2023-09-19 22:29:22 INFO     Training average regularization at step 6700: 0.059253
2023-09-19 22:29:22 INFO     Training average positive_sample_loss at step 6700: 0.040282
2023-09-19 22:29:22 INFO     Training average negative_sample_loss at step 6700: 0.076449
2023-09-19 22:29:22 INFO     Training average loss at step 6700: 0.117619
2023-09-19 22:29:25 INFO     Training average regularization at step 6800: 0.059283
2023-09-19 22:29:25 INFO     Training average positive_sample_loss at step 6800: 0.040559
2023-09-19 22:29:25 INFO     Training average negative_sample_loss at step 6800: 0.076703
2023-09-19 22:29:25 INFO     Training average loss at step 6800: 0.117914
2023-09-19 22:29:29 INFO     Training average regularization at step 6900: 0.059311
2023-09-19 22:29:29 INFO     Training average positive_sample_loss at step 6900: 0.040693
2023-09-19 22:29:29 INFO     Training average negative_sample_loss at step 6900: 0.076316
2023-09-19 22:29:29 INFO     Training average loss at step 6900: 0.117816
2023-09-19 22:29:32 INFO     Training average regularization at step 7000: 0.059344
2023-09-19 22:29:32 INFO     Training average positive_sample_loss at step 7000: 0.040176
2023-09-19 22:29:32 INFO     Training average negative_sample_loss at step 7000: 0.076275
2023-09-19 22:29:32 INFO     Training average loss at step 7000: 0.117570
2023-09-19 22:29:32 INFO     Evaluating on Valid Dataset...
2023-09-19 22:29:32 INFO     Evaluating the model... (0/4384)
2023-09-19 22:30:02 INFO     Evaluating the model... (1000/4384)
2023-09-19 22:30:30 INFO     Evaluating the model... (2000/4384)
2023-09-19 22:30:56 INFO     Evaluating the model... (3000/4384)
2023-09-19 22:31:23 INFO     Evaluating the model... (4000/4384)
2023-09-19 22:31:34 INFO     Valid MRR at step 7000: 0.371835
2023-09-19 22:31:34 INFO     Valid MR at step 7000: 166.923068
2023-09-19 22:31:34 INFO     Valid HITS@1 at step 7000: 0.280753
2023-09-19 22:31:34 INFO     Valid HITS@3 at step 7000: 0.407300
2023-09-19 22:31:34 INFO     Valid HITS@10 at step 7000: 0.551925
2023-09-19 22:31:37 INFO     Training average regularization at step 7100: 0.059377
2023-09-19 22:31:37 INFO     Training average positive_sample_loss at step 7100: 0.042133
2023-09-19 22:31:37 INFO     Training average negative_sample_loss at step 7100: 0.077020
2023-09-19 22:31:37 INFO     Training average loss at step 7100: 0.118954
2023-09-19 22:31:40 INFO     Training average regularization at step 7200: 0.059413
2023-09-19 22:31:40 INFO     Training average positive_sample_loss at step 7200: 0.041385
2023-09-19 22:31:40 INFO     Training average negative_sample_loss at step 7200: 0.076514
2023-09-19 22:31:40 INFO     Training average loss at step 7200: 0.118362
2023-09-19 22:31:43 INFO     Training average regularization at step 7300: 0.059446
2023-09-19 22:31:43 INFO     Training average positive_sample_loss at step 7300: 0.041003
2023-09-19 22:31:43 INFO     Training average negative_sample_loss at step 7300: 0.075662
2023-09-19 22:31:43 INFO     Training average loss at step 7300: 0.117779
2023-09-19 22:31:45 INFO     Training average regularization at step 7400: 0.059478
2023-09-19 22:31:45 INFO     Training average positive_sample_loss at step 7400: 0.042094
2023-09-19 22:31:45 INFO     Training average negative_sample_loss at step 7400: 0.076510
2023-09-19 22:31:45 INFO     Training average loss at step 7400: 0.118780
2023-09-19 22:31:49 INFO     Training average regularization at step 7500: 0.059510
2023-09-19 22:31:49 INFO     Training average positive_sample_loss at step 7500: 0.039315
2023-09-19 22:31:49 INFO     Training average negative_sample_loss at step 7500: 0.075021
2023-09-19 22:31:49 INFO     Training average loss at step 7500: 0.116678
2023-09-19 22:31:53 INFO     Training average regularization at step 7600: 0.059534
2023-09-19 22:31:53 INFO     Training average positive_sample_loss at step 7600: 0.039369
2023-09-19 22:31:53 INFO     Training average negative_sample_loss at step 7600: 0.075342
2023-09-19 22:31:53 INFO     Training average loss at step 7600: 0.116889
2023-09-19 22:31:56 INFO     Training average regularization at step 7700: 0.059561
2023-09-19 22:31:56 INFO     Training average positive_sample_loss at step 7700: 0.039413
2023-09-19 22:31:56 INFO     Training average negative_sample_loss at step 7700: 0.075439
2023-09-19 22:31:56 INFO     Training average loss at step 7700: 0.116987
2023-09-19 22:31:59 INFO     Training average regularization at step 7800: 0.059591
2023-09-19 22:31:59 INFO     Training average positive_sample_loss at step 7800: 0.039442
2023-09-19 22:31:59 INFO     Training average negative_sample_loss at step 7800: 0.074050
2023-09-19 22:31:59 INFO     Training average loss at step 7800: 0.116337
2023-09-19 22:32:02 INFO     Training average regularization at step 7900: 0.059618
2023-09-19 22:32:02 INFO     Training average positive_sample_loss at step 7900: 0.039919
2023-09-19 22:32:02 INFO     Training average negative_sample_loss at step 7900: 0.074189
2023-09-19 22:32:02 INFO     Training average loss at step 7900: 0.116671
2023-09-19 22:32:06 INFO     Training average regularization at step 8000: 0.059645
2023-09-19 22:32:06 INFO     Training average positive_sample_loss at step 8000: 0.039689
2023-09-19 22:32:06 INFO     Training average negative_sample_loss at step 8000: 0.073956
2023-09-19 22:32:06 INFO     Training average loss at step 8000: 0.116468
2023-09-19 22:32:06 INFO     Evaluating on Valid Dataset...
2023-09-19 22:32:06 INFO     Evaluating the model... (0/4384)
2023-09-19 22:32:34 INFO     Evaluating the model... (1000/4384)
2023-09-19 22:33:01 INFO     Evaluating the model... (2000/4384)
2023-09-19 22:33:28 INFO     Evaluating the model... (3000/4384)
2023-09-19 22:33:55 INFO     Evaluating the model... (4000/4384)
2023-09-19 22:34:06 INFO     Valid MRR at step 8000: 0.372667
2023-09-19 22:34:06 INFO     Valid MR at step 8000: 165.422070
2023-09-19 22:34:06 INFO     Valid HITS@1 at step 8000: 0.280924
2023-09-19 22:34:06 INFO     Valid HITS@3 at step 8000: 0.410265
2023-09-19 22:34:06 INFO     Valid HITS@10 at step 8000: 0.554491
2023-09-19 22:34:09 INFO     Training average regularization at step 8100: 0.059678
2023-09-19 22:34:09 INFO     Training average positive_sample_loss at step 8100: 0.039829
2023-09-19 22:34:09 INFO     Training average negative_sample_loss at step 8100: 0.074164
2023-09-19 22:34:09 INFO     Training average loss at step 8100: 0.116674
2023-09-19 22:34:12 INFO     Training average regularization at step 8200: 0.059711
2023-09-19 22:34:12 INFO     Training average positive_sample_loss at step 8200: 0.040440
2023-09-19 22:34:12 INFO     Training average negative_sample_loss at step 8200: 0.074598
2023-09-19 22:34:12 INFO     Training average loss at step 8200: 0.117230
2023-09-19 22:34:15 INFO     Training average regularization at step 8300: 0.059744
2023-09-19 22:34:15 INFO     Training average positive_sample_loss at step 8300: 0.040399
2023-09-19 22:34:15 INFO     Training average negative_sample_loss at step 8300: 0.074330
2023-09-19 22:34:15 INFO     Training average loss at step 8300: 0.117108
2023-09-19 22:34:18 INFO     Training average regularization at step 8400: 0.059777
2023-09-19 22:34:18 INFO     Training average positive_sample_loss at step 8400: 0.040128
2023-09-19 22:34:18 INFO     Training average negative_sample_loss at step 8400: 0.074348
2023-09-19 22:34:18 INFO     Training average loss at step 8400: 0.117015
2023-09-19 22:34:22 INFO     Training average regularization at step 8500: 0.059811
2023-09-19 22:34:22 INFO     Training average positive_sample_loss at step 8500: 0.040617
2023-09-19 22:34:22 INFO     Training average negative_sample_loss at step 8500: 0.074452
2023-09-19 22:34:22 INFO     Training average loss at step 8500: 0.117346
2023-09-19 22:34:25 INFO     Training average regularization at step 8600: 0.059840
2023-09-19 22:34:25 INFO     Training average positive_sample_loss at step 8600: 0.037798
2023-09-19 22:34:25 INFO     Training average negative_sample_loss at step 8600: 0.073961
2023-09-19 22:34:25 INFO     Training average loss at step 8600: 0.115720
2023-09-19 22:34:28 INFO     Training average regularization at step 8700: 0.059865
2023-09-19 22:34:28 INFO     Training average positive_sample_loss at step 8700: 0.038283
2023-09-19 22:34:28 INFO     Training average negative_sample_loss at step 8700: 0.074010
2023-09-19 22:34:28 INFO     Training average loss at step 8700: 0.116011
2023-09-19 22:34:32 INFO     Training average regularization at step 8800: 0.059888
2023-09-19 22:34:32 INFO     Training average positive_sample_loss at step 8800: 0.038818
2023-09-19 22:34:32 INFO     Training average negative_sample_loss at step 8800: 0.073604
2023-09-19 22:34:32 INFO     Training average loss at step 8800: 0.116099
2023-09-19 22:34:35 INFO     Training average regularization at step 8900: 0.059917
2023-09-19 22:34:35 INFO     Training average positive_sample_loss at step 8900: 0.038736
2023-09-19 22:34:35 INFO     Training average negative_sample_loss at step 8900: 0.073015
2023-09-19 22:34:35 INFO     Training average loss at step 8900: 0.115792
2023-09-19 22:34:38 INFO     Training average regularization at step 9000: 0.059946
2023-09-19 22:34:38 INFO     Training average positive_sample_loss at step 9000: 0.039673
2023-09-19 22:34:38 INFO     Training average negative_sample_loss at step 9000: 0.073767
2023-09-19 22:34:38 INFO     Training average loss at step 9000: 0.116666
2023-09-19 22:34:38 INFO     Evaluating on Valid Dataset...
2023-09-19 22:34:38 INFO     Evaluating the model... (0/4384)
2023-09-19 22:35:08 INFO     Evaluating the model... (1000/4384)
2023-09-19 22:35:36 INFO     Evaluating the model... (2000/4384)
2023-09-19 22:36:05 INFO     Evaluating the model... (3000/4384)
2023-09-19 22:36:33 INFO     Evaluating the model... (4000/4384)
2023-09-19 22:36:44 INFO     Valid MRR at step 9000: 0.374564
2023-09-19 22:36:44 INFO     Valid MR at step 9000: 164.406786
2023-09-19 22:36:44 INFO     Valid HITS@1 at step 9000: 0.283889
2023-09-19 22:36:44 INFO     Valid HITS@3 at step 9000: 0.409638
2023-09-19 22:36:44 INFO     Valid HITS@10 at step 9000: 0.555518
2023-09-19 22:36:47 INFO     Training average regularization at step 9100: 0.059978
2023-09-19 22:36:47 INFO     Training average positive_sample_loss at step 9100: 0.038676
2023-09-19 22:36:47 INFO     Training average negative_sample_loss at step 9100: 0.071728
2023-09-19 22:36:47 INFO     Training average loss at step 9100: 0.115180
2023-09-19 22:36:50 INFO     Training average regularization at step 9200: 0.060005
2023-09-19 22:36:50 INFO     Training average positive_sample_loss at step 9200: 0.038752
2023-09-19 22:36:50 INFO     Training average negative_sample_loss at step 9200: 0.072908
2023-09-19 22:36:50 INFO     Training average loss at step 9200: 0.115835
2023-09-19 22:36:53 INFO     Training average regularization at step 9300: 0.060035
2023-09-19 22:36:53 INFO     Training average positive_sample_loss at step 9300: 0.039351
2023-09-19 22:36:53 INFO     Training average negative_sample_loss at step 9300: 0.072069
2023-09-19 22:36:53 INFO     Training average loss at step 9300: 0.115746
2023-09-19 22:36:57 INFO     Training average regularization at step 9400: 0.060065
2023-09-19 22:36:57 INFO     Training average positive_sample_loss at step 9400: 0.039339
2023-09-19 22:36:57 INFO     Training average negative_sample_loss at step 9400: 0.072181
2023-09-19 22:36:57 INFO     Training average loss at step 9400: 0.115825
2023-09-19 22:37:00 INFO     Training average regularization at step 9500: 0.060095
2023-09-19 22:37:00 INFO     Training average positive_sample_loss at step 9500: 0.039374
2023-09-19 22:37:00 INFO     Training average negative_sample_loss at step 9500: 0.073037
2023-09-19 22:37:00 INFO     Training average loss at step 9500: 0.116301
2023-09-19 22:37:03 INFO     Training average regularization at step 9600: 0.060125
2023-09-19 22:37:03 INFO     Training average positive_sample_loss at step 9600: 0.038464
2023-09-19 22:37:03 INFO     Training average negative_sample_loss at step 9600: 0.072007
2023-09-19 22:37:03 INFO     Training average loss at step 9600: 0.115360
2023-09-19 22:37:06 INFO     Training average regularization at step 9700: 0.060152
2023-09-19 22:37:06 INFO     Training average positive_sample_loss at step 9700: 0.037579
2023-09-19 22:37:06 INFO     Training average negative_sample_loss at step 9700: 0.072183
2023-09-19 22:37:06 INFO     Training average loss at step 9700: 0.115033
2023-09-19 22:37:09 INFO     Training average regularization at step 9800: 0.060175
2023-09-19 22:37:09 INFO     Training average positive_sample_loss at step 9800: 0.037037
2023-09-19 22:37:09 INFO     Training average negative_sample_loss at step 9800: 0.071958
2023-09-19 22:37:09 INFO     Training average loss at step 9800: 0.114673
2023-09-19 22:37:12 INFO     Training average regularization at step 9900: 0.060198
2023-09-19 22:37:12 INFO     Training average positive_sample_loss at step 9900: 0.037705
2023-09-19 22:37:12 INFO     Training average negative_sample_loss at step 9900: 0.071506
2023-09-19 22:37:12 INFO     Training average loss at step 9900: 0.114804
2023-09-19 22:37:16 INFO     Evaluating on Valid Dataset...
2023-09-19 22:37:16 INFO     Evaluating the model... (0/4384)
2023-09-19 22:37:47 INFO     Evaluating the model... (1000/4384)
2023-09-19 22:38:16 INFO     Evaluating the model... (2000/4384)
2023-09-19 22:38:45 INFO     Evaluating the model... (3000/4384)
2023-09-19 22:39:13 INFO     Evaluating the model... (4000/4384)
2023-09-19 22:39:23 INFO     Valid MRR at step 9999: 0.374829
2023-09-19 22:39:23 INFO     Valid MR at step 9999: 163.253379
2023-09-19 22:39:23 INFO     Valid HITS@1 at step 9999: 0.283205
2023-09-19 22:39:23 INFO     Valid HITS@3 at step 9999: 0.411064
2023-09-19 22:39:23 INFO     Valid HITS@10 at step 9999: 0.557057
2023-09-19 22:39:23 INFO     Evaluating on Test Dataset...
2023-09-19 22:39:24 INFO     Evaluating the model... (0/5117)
2023-09-19 22:39:51 INFO     Evaluating the model... (1000/5117)
2023-09-19 22:40:17 INFO     Evaluating the model... (2000/5117)
2023-09-19 22:40:43 INFO     Evaluating the model... (3000/5117)
2023-09-19 22:41:09 INFO     Evaluating the model... (4000/5117)
2023-09-19 22:41:35 INFO     Evaluating the model... (5000/5117)
2023-09-19 22:41:39 INFO     Test MRR at step 9999: 0.368703
2023-09-19 22:41:39 INFO     Test MR at step 9999: 169.414785
2023-09-19 22:41:39 INFO     Test HITS@1 at step 9999: 0.278071
2023-09-19 22:41:39 INFO     Test HITS@3 at step 9999: 0.404134
2023-09-19 22:41:39 INFO     Test HITS@10 at step 9999: 0.551549
